==========================================
SABR参数拟合开始时间: 2025-10-18 11:23:13
分钟: 2025-08-22 13:00:00 | 划分: forecast
标记列: train_flag_inter
==========================================
加载数据: ../data/hushen300_minute/hushen300_minute.csv
筛选分钟: 2025-08-22 13:00:00
筛选后数据行数: 128
按照 train_flag_inter=1 筛选后数据行数: 128
对分钟 2025-08-22 13:00:00 拟合SABR参数，共 6 个到期日
  到期日 2025-09-19: RMSE=0.015073, MAPE=0.048946, 样本数=34
    参数: alpha=9.9526, rho=0.3300, volvar=4.1340
  到期日 2025-10-17: RMSE=0.001573, MAPE=0.006223, 样本数=24
    参数: alpha=11.4524, rho=0.2533, volvar=2.2299
  到期日 2025-11-21: RMSE=0.012265, MAPE=0.048569, 样本数=21
    参数: alpha=11.9367, rho=0.4193, volvar=1.9015
  到期日 2025-12-19: RMSE=0.004215, MAPE=0.014374, 样本数=17
    参数: alpha=12.2472, rho=0.3874, volvar=1.5893
  到期日 2026-03-20: RMSE=0.001957, MAPE=0.007287, 样本数=17
    参数: alpha=12.9694, rho=0.3728, volvar=1.0921
  到期日 2026-06-19: RMSE=0.001760, MAPE=0.006073, 样本数=15
    参数: alpha=12.8734, rho=0.4054, volvar=1.0271

✅ SABR参数拟合完成!
   分钟: 2025-08-22 13:00:00
   到期日数量: 6
   参数文件: ./results_forecasting/sabr_forecast_all/hushen300_minute_forecast_clear/sabr_params_2025-08-22_13_00_00.pkl
   平均RMSE: 0.006141
   平均MAPE: 0.021912

==========================================
SABR参数拟合结束时间: 2025-10-18 11:23:27
==========================================
