==========================================
SABR参数拟合开始时间: 2025-10-18 11:22:23
分钟: 2025-08-22 10:00:00 | 划分: forecast
标记列: train_flag_inter
==========================================
加载数据: ../data/hushen300_minute/hushen300_minute.csv
筛选分钟: 2025-08-22 10:00:00
筛选后数据行数: 128
按照 train_flag_inter=1 筛选后数据行数: 128
对分钟 2025-08-22 10:00:00 拟合SABR参数，共 6 个到期日
  到期日 2025-09-19: RMSE=0.012584, MAPE=0.042285, 样本数=34
    参数: alpha=10.2570, rho=0.3243, volvar=4.0380
  到期日 2025-10-17: RMSE=0.001663, MAPE=0.006251, 样本数=24
    参数: alpha=11.6003, rho=0.2620, volvar=2.1276
  到期日 2025-11-21: RMSE=0.005966, MAPE=0.024215, 样本数=21
    参数: alpha=12.1361, rho=0.3483, volvar=1.6697
  到期日 2025-12-19: RMSE=0.002698, MAPE=0.009976, 样本数=17
    参数: alpha=12.4519, rho=0.3907, volvar=1.5204
  到期日 2026-03-20: RMSE=0.003158, MAPE=0.010289, 样本数=17
    参数: alpha=12.9297, rho=0.3584, volvar=1.0963
  到期日 2026-06-19: RMSE=0.002121, MAPE=0.007467, 样本数=15
    参数: alpha=12.9051, rho=0.3886, volvar=0.9684

✅ SABR参数拟合完成!
   分钟: 2025-08-22 10:00:00
   到期日数量: 6
   参数文件: ./results_forecasting/sabr_forecast_all/hushen300_minute_forecast_clear/sabr_params_2025-08-22_10_00_00.pkl
   平均RMSE: 0.004698
   平均MAPE: 0.016747

==========================================
SABR参数拟合结束时间: 2025-10-18 11:22:37
==========================================
