==========================================
SABR参数拟合开始时间: 2025-10-18 11:14:05
分钟: 2025-08-11 10:30:00 | 划分: forecast
标记列: train_flag_inter
==========================================
加载数据: ../data/hushen300_minute/hushen300_minute.csv
筛选分钟: 2025-08-11 10:30:00
筛选后数据行数: 120
按照 train_flag_inter=1 筛选后数据行数: 120
对分钟 2025-08-11 10:30:00 拟合SABR参数，共 6 个到期日
  到期日 2025-08-15: RMSE=0.017758, MAPE=0.047897, 样本数=24
    参数: alpha=7.4226, rho=-0.0004, volvar=11.7725
  到期日 2025-09-19: RMSE=0.010032, MAPE=0.040073, 样本数=32
    参数: alpha=8.1727, rho=0.0825, volvar=3.2328
  到期日 2025-10-17: RMSE=0.002232, MAPE=0.011543, 样本数=21
    参数: alpha=9.5565, rho=0.2624, volvar=1.8977
  到期日 2025-12-19: RMSE=0.001946, MAPE=0.007387, 样本数=15
    参数: alpha=10.9446, rho=0.2612, volvar=1.2046
  到期日 2026-03-20: RMSE=0.001896, MAPE=0.008056, 样本数=15
    参数: alpha=11.0921, rho=0.2397, volvar=1.0211
  到期日 2026-06-19: RMSE=0.001955, MAPE=0.008796, 样本数=13
    参数: alpha=11.1179, rho=0.1735, volvar=0.9353

✅ SABR参数拟合完成!
   分钟: 2025-08-11 10:30:00
   到期日数量: 6
   参数文件: ./results_forecasting/sabr_forecast_all/hushen300_minute_forecast_clear/sabr_params_2025-08-11_10_30_00.pkl
   平均RMSE: 0.005970
   平均MAPE: 0.020625

==========================================
SABR参数拟合结束时间: 2025-10-18 11:14:14
==========================================
