==========================================
SABR参数拟合开始时间: 2025-10-18 11:17:54
分钟: 2025-08-15 14:30:00 | 划分: forecast
标记列: train_flag_inter
==========================================
加载数据: ../data/hushen300_minute/hushen300_minute.csv
筛选分钟: 2025-08-15 14:30:00
筛选后数据行数: 81
按照 train_flag_inter=1 筛选后数据行数: 81
对分钟 2025-08-15 14:30:00 拟合SABR参数，共 4 个到期日
  到期日 2025-09-19: RMSE=0.014503, MAPE=0.050319, 样本数=32
    参数: alpha=10.0259, rho=0.2281, volvar=3.3627
  到期日 2025-10-17: RMSE=0.001923, MAPE=0.009027, 样本数=21
    参数: alpha=11.0504, rho=0.3205, volvar=2.1360
  到期日 2026-03-20: RMSE=0.001401, MAPE=0.005485, 样本数=15
    参数: alpha=12.0299, rho=0.3794, volvar=1.0431
  到期日 2026-06-19: RMSE=0.002414, MAPE=0.009442, 样本数=13
    参数: alpha=11.4818, rho=0.3637, volvar=1.1738

✅ SABR参数拟合完成!
   分钟: 2025-08-15 14:30:00
   到期日数量: 4
   参数文件: ./results_forecasting/sabr_forecast_all/hushen300_minute_forecast_clear/sabr_params_2025-08-15_14_30_00.pkl
   平均RMSE: 0.005060
   平均MAPE: 0.018568

==========================================
SABR参数拟合结束时间: 2025-10-18 11:18:03
==========================================
