==========================================
SABR参数拟合开始时间: 2025-10-18 11:24:42
分钟: 2025-08-25 10:00:00 | 划分: forecast
标记列: train_flag_inter
==========================================
加载数据: ../data/hushen300_minute/hushen300_minute.csv
筛选分钟: 2025-08-25 10:00:00
筛选后数据行数: 137
按照 train_flag_inter=1 筛选后数据行数: 137
对分钟 2025-08-25 10:00:00 拟合SABR参数，共 6 个到期日
  到期日 2025-09-19: RMSE=0.015458, MAPE=0.046380, 样本数=36
    参数: alpha=13.0783, rho=0.5069, volvar=4.5744
  到期日 2025-10-17: RMSE=0.003826, MAPE=0.013243, 样本数=26
    参数: alpha=13.3989, rho=0.4619, volvar=2.5254
  到期日 2025-11-21: RMSE=0.002203, MAPE=0.006547, 样本数=23
    参数: alpha=13.8782, rho=0.4660, volvar=1.6591
  到期日 2025-12-19: RMSE=0.002755, MAPE=0.009561, 样本数=18
    参数: alpha=13.7717, rho=0.4324, volvar=1.6171
  到期日 2026-03-20: RMSE=0.020286, MAPE=0.080007, 样本数=18
    参数: alpha=117.0033, rho=0.9424, volvar=12.1476
  到期日 2026-06-19: RMSE=0.001937, MAPE=0.007416, 样本数=16
    参数: alpha=13.5071, rho=0.4311, volvar=0.9976

✅ SABR参数拟合完成!
   分钟: 2025-08-25 10:00:00
   到期日数量: 6
   参数文件: ./results_forecasting/sabr_forecast_all/hushen300_minute_forecast_clear/sabr_params_2025-08-25_10_00_00.pkl
   平均RMSE: 0.007744
   平均MAPE: 0.027192

==========================================
SABR参数拟合结束时间: 2025-10-18 11:25:01
==========================================
