==========================================
SABR参数拟合开始时间: 2025-10-18 11:20:42
分钟: 2025-08-20 10:30:00 | 划分: forecast
标记列: train_flag_inter
==========================================
加载数据: ../data/hushen300_minute/hushen300_minute.csv
筛选分钟: 2025-08-20 10:30:00
筛选后数据行数: 122
按照 train_flag_inter=1 筛选后数据行数: 122
对分钟 2025-08-20 10:30:00 拟合SABR参数，共 6 个到期日
  到期日 2025-09-19: RMSE=0.018238, MAPE=0.060852, 样本数=33
    参数: alpha=9.8482, rho=0.3196, volvar=3.8452
  到期日 2025-10-17: RMSE=0.001920, MAPE=0.007553, 样本数=23
    参数: alpha=11.2152, rho=0.2872, volvar=2.3751
  到期日 2025-11-21: RMSE=0.003897, MAPE=0.015794, 样本数=20
    参数: alpha=11.9806, rho=0.3083, volvar=1.6126
  到期日 2025-12-19: RMSE=0.002422, MAPE=0.008614, 样本数=16
    参数: alpha=12.1828, rho=0.4145, volvar=1.4179
  到期日 2026-03-20: RMSE=0.001759, MAPE=0.007041, 样本数=16
    参数: alpha=12.0210, rho=0.3219, volvar=1.2094
  到期日 2026-06-19: RMSE=0.001690, MAPE=0.005967, 样本数=14
    参数: alpha=11.7198, rho=0.3483, volvar=1.2016

✅ SABR参数拟合完成!
   分钟: 2025-08-20 10:30:00
   到期日数量: 6
   参数文件: ./results_forecasting/sabr_forecast_all/hushen300_minute_forecast_clear/sabr_params_2025-08-20_10_30_00.pkl
   平均RMSE: 0.004988
   平均MAPE: 0.017637

==========================================
SABR参数拟合结束时间: 2025-10-18 11:20:55
==========================================
