==========================================
SABR参数拟合开始时间: 2025-10-18 11:11:26
分钟: 2025-08-06 11:00:00 | 划分: forecast
标记列: train_flag_inter
==========================================
加载数据: ../data/hushen300_minute/hushen300_minute.csv
筛选分钟: 2025-08-06 11:00:00
筛选后数据行数: 120
按照 train_flag_inter=1 筛选后数据行数: 120
对分钟 2025-08-06 11:00:00 拟合SABR参数，共 6 个到期日
  到期日 2025-08-15: RMSE=0.011358, MAPE=0.045396, 样本数=24
    参数: alpha=6.3314, rho=0.0309, volvar=7.6124
  到期日 2025-09-19: RMSE=0.010134, MAPE=0.037130, 样本数=32
    参数: alpha=8.4744, rho=0.1001, volvar=2.9747
  到期日 2025-10-17: RMSE=0.002116, MAPE=0.008883, 样本数=21
    参数: alpha=9.4916, rho=0.1997, volvar=1.9336
  到期日 2025-12-19: RMSE=0.001953, MAPE=0.008594, 样本数=15
    参数: alpha=10.4903, rho=0.1887, volvar=1.2309
  到期日 2026-03-20: RMSE=0.001006, MAPE=0.004266, 样本数=15
    参数: alpha=10.9392, rho=0.1396, volvar=0.8757
  到期日 2026-06-19: RMSE=0.003725, MAPE=0.016236, 样本数=13
    参数: alpha=10.4403, rho=0.1827, volvar=1.0096

✅ SABR参数拟合完成!
   分钟: 2025-08-06 11:00:00
   到期日数量: 6
   参数文件: ./results_forecasting/sabr_forecast_all/hushen300_minute_forecast_clear/sabr_params_2025-08-06_11_00_00.pkl
   平均RMSE: 0.005049
   平均MAPE: 0.020084

==========================================
SABR参数拟合结束时间: 2025-10-18 11:11:35
==========================================
