==========================================
SABR参数拟合开始时间: 2025-10-18 11:16:14
分钟: 2025-08-13 14:00:00 | 划分: forecast
标记列: train_flag_inter
==========================================
加载数据: ../data/hushen300_minute/hushen300_minute.csv
筛选分钟: 2025-08-13 14:00:00
筛选后数据行数: 120
按照 train_flag_inter=1 筛选后数据行数: 120
对分钟 2025-08-13 14:00:00 拟合SABR参数，共 6 个到期日
  到期日 2025-08-15: RMSE=0.039620, MAPE=0.080236, 样本数=24
    参数: alpha=5.6814, rho=0.1653, volvar=23.3131
  到期日 2025-09-19: RMSE=0.012075, MAPE=0.042924, 样本数=32
    参数: alpha=9.1002, rho=0.2587, volvar=3.4372
  到期日 2025-10-17: RMSE=0.002915, MAPE=0.013437, 样本数=21
    参数: alpha=10.1766, rho=0.3355, volvar=1.9702
  到期日 2025-12-19: RMSE=0.013541, MAPE=0.059909, 样本数=15
    参数: alpha=12.3464, rho=0.4200, volvar=0.0001
  到期日 2026-03-20: RMSE=0.009338, MAPE=0.041453, 样本数=15
    参数: alpha=12.3962, rho=0.5763, volvar=0.0277
  到期日 2026-06-19: RMSE=0.004537, MAPE=0.016233, 样本数=13
    参数: alpha=11.2582, rho=0.2845, volvar=1.0272

✅ SABR参数拟合完成!
   分钟: 2025-08-13 14:00:00
   到期日数量: 6
   参数文件: ./results_forecasting/sabr_forecast_all/hushen300_minute_forecast_clear/sabr_params_2025-08-13_14_00_00.pkl
   平均RMSE: 0.013671
   平均MAPE: 0.042365

==========================================
SABR参数拟合结束时间: 2025-10-18 11:16:25
==========================================
