==========================================
SABR参数拟合开始时间: 2025-10-18 11:19:27
分钟: 2025-08-18 13:30:00 | 划分: forecast
标记列: train_flag_inter
==========================================
加载数据: ../data/hushen300_minute/hushen300_minute.csv
筛选分钟: 2025-08-18 13:30:00
筛选后数据行数: 106
按照 train_flag_inter=1 筛选后数据行数: 106
对分钟 2025-08-18 13:30:00 拟合SABR参数，共 5 个到期日
  到期日 2025-09-19: RMSE=0.019209, MAPE=0.059633, 样本数=33
    参数: alpha=11.8265, rho=0.4242, volvar=3.8096
  到期日 2025-10-17: RMSE=0.002894, MAPE=0.010332, 样本数=22
    参数: alpha=12.5601, rho=0.3712, volvar=2.1844
  到期日 2025-11-21: RMSE=0.005555, MAPE=0.018201, 样本数=19
    参数: alpha=12.6896, rho=0.3368, volvar=1.4635
  到期日 2025-12-19: RMSE=0.017149, MAPE=0.070293, 样本数=16
    参数: alpha=133.7602, rho=0.9322, volvar=16.0796
  到期日 2026-03-20: RMSE=0.017353, MAPE=0.073489, 样本数=16
    参数: alpha=105.5536, rho=0.9267, volvar=12.7428

✅ SABR参数拟合完成!
   分钟: 2025-08-18 13:30:00
   到期日数量: 5
   参数文件: ./results_forecasting/sabr_forecast_all/hushen300_minute_forecast_clear/sabr_params_2025-08-18_13_30_00.pkl
   平均RMSE: 0.012432
   平均MAPE: 0.046390

==========================================
SABR参数拟合结束时间: 2025-10-18 11:19:42
==========================================
