==========================================
SABR参数拟合开始时间: 2025-10-18 11:12:56
分钟: 2025-08-08 11:20:00 | 划分: forecast
标记列: train_flag_inter
==========================================
加载数据: ../data/hushen300_minute/hushen300_minute.csv
筛选分钟: 2025-08-08 11:20:00
筛选后数据行数: 92
按照 train_flag_inter=1 筛选后数据行数: 92
对分钟 2025-08-08 11:20:00 拟合SABR参数，共 4 个到期日
  到期日 2025-08-15: RMSE=0.013159, MAPE=0.048351, 样本数=24
    参数: alpha=6.3266, rho=-0.1023, volvar=8.5847
  到期日 2025-09-19: RMSE=0.010982, MAPE=0.041240, 样本数=32
    参数: alpha=8.3045, rho=0.0523, volvar=3.0698
  到期日 2025-10-17: RMSE=0.001445, MAPE=0.007238, 样本数=21
    参数: alpha=9.6388, rho=0.1321, volvar=1.9661
  到期日 2026-03-20: RMSE=0.000742, MAPE=0.003266, 样本数=15
    参数: alpha=11.2396, rho=0.2249, volvar=0.9359

✅ SABR参数拟合完成!
   分钟: 2025-08-08 11:20:00
   到期日数量: 4
   参数文件: ./results_forecasting/sabr_forecast_all/hushen300_minute_forecast_clear/sabr_params_2025-08-08_11_20_00.pkl
   平均RMSE: 0.006582
   平均MAPE: 0.025024

==========================================
SABR参数拟合结束时间: 2025-10-18 11:13:03
==========================================
