==========================================
SABR参数拟合开始时间: 2025-10-18 11:33:16
分钟: 2025-08-29 14:50:00 | 划分: forecast
标记列: train_flag_inter
==========================================
加载数据: ../data/hushen300_minute/hushen300_minute.csv
筛选分钟: 2025-08-29 14:50:00
筛选后数据行数: 110
按照 train_flag_inter=1 筛选后数据行数: 110
对分钟 2025-08-29 14:50:00 拟合SABR参数，共 4 个到期日
  到期日 2025-09-19: RMSE=0.026047, MAPE=0.071624, 样本数=38
    参数: alpha=13.2165, rho=0.4635, volvar=4.9217
  到期日 2025-10-17: RMSE=0.004412, MAPE=0.014282, 样本数=28
    参数: alpha=15.0033, rho=0.4436, volvar=2.2942
  到期日 2025-11-21: RMSE=0.006602, MAPE=0.018693, 样本数=25
    参数: alpha=15.3004, rho=0.5543, volvar=1.3391
  到期日 2025-12-19: RMSE=0.019886, MAPE=0.073256, 样本数=19
    参数: alpha=146.6153, rho=0.9469, volvar=15.5834

✅ SABR参数拟合完成!
   分钟: 2025-08-29 14:50:00
   到期日数量: 4
   参数文件: ./results_forecasting/sabr_forecast_all/hushen300_minute_forecast_clear/sabr_params_2025-08-29_14_50_00.pkl
   平均RMSE: 0.014237
   平均MAPE: 0.044464

==========================================
SABR参数拟合结束时间: 2025-10-18 11:33:29
==========================================
