==========================================
SABR参数拟合开始时间: 2025-10-18 11:31:03
分钟: 2025-08-29 10:30:00 | 划分: forecast
标记列: train_flag_inter
==========================================
加载数据: ../data/hushen300_minute/hushen300_minute.csv
筛选分钟: 2025-08-29 10:30:00
筛选后数据行数: 110
按照 train_flag_inter=1 筛选后数据行数: 110
对分钟 2025-08-29 10:30:00 拟合SABR参数，共 4 个到期日
  到期日 2025-09-19: RMSE=0.026940, MAPE=0.069407, 样本数=38
    参数: alpha=14.1731, rho=0.5038, volvar=4.9092
  到期日 2025-10-17: RMSE=0.005692, MAPE=0.017549, 样本数=28
    参数: alpha=15.2801, rho=0.5328, volvar=2.3054
  到期日 2025-11-21: RMSE=0.006339, MAPE=0.020002, 样本数=25
    参数: alpha=15.4870, rho=0.5301, volvar=1.3112
  到期日 2026-03-20: RMSE=0.022205, MAPE=0.082770, 样本数=19
    参数: alpha=127.1934, rho=0.9509, volvar=12.0750

✅ SABR参数拟合完成!
   分钟: 2025-08-29 10:30:00
   到期日数量: 4
   参数文件: ./results_forecasting/sabr_forecast_all/hushen300_minute_forecast_clear/sabr_params_2025-08-29_10_30_00.pkl
   平均RMSE: 0.015294
   平均MAPE: 0.047432

==========================================
SABR参数拟合结束时间: 2025-10-18 11:31:18
==========================================
