==========================================
SABR参数拟合开始时间: 2025-10-18 11:16:51
分钟: 2025-08-15 10:00:00 | 划分: forecast
标记列: train_flag_inter
==========================================
加载数据: ../data/hushen300_minute/hushen300_minute.csv
筛选分钟: 2025-08-15 10:00:00
筛选后数据行数: 83
按照 train_flag_inter=1 筛选后数据行数: 83
对分钟 2025-08-15 10:00:00 拟合SABR参数，共 4 个到期日
  到期日 2025-09-19: RMSE=0.016169, MAPE=0.055514, 样本数=32
    参数: alpha=9.0548, rho=0.2532, volvar=3.5517
  到期日 2025-10-17: RMSE=0.003308, MAPE=0.013768, 样本数=21
    参数: alpha=10.4352, rho=0.2796, volvar=2.0445
  到期日 2025-12-19: RMSE=0.015223, MAPE=0.064198, 样本数=15
    参数: alpha=12.5680, rho=0.5093, volvar=0.0367
  到期日 2026-03-20: RMSE=0.000613, MAPE=0.002387, 样本数=15
    参数: alpha=11.6272, rho=0.2937, volvar=0.9856

✅ SABR参数拟合完成!
   分钟: 2025-08-15 10:00:00
   到期日数量: 4
   参数文件: ./results_forecasting/sabr_forecast_all/hushen300_minute_forecast_clear/sabr_params_2025-08-15_10_00_00.pkl
   平均RMSE: 0.008828
   平均MAPE: 0.033967

==========================================
SABR参数拟合结束时间: 2025-10-18 11:16:59
==========================================
