==========================================
SABR参数拟合开始时间: 2025-10-18 11:16:25
分钟: 2025-08-13 14:30:00 | 划分: forecast
标记列: train_flag_inter
==========================================
加载数据: ../data/hushen300_minute/hushen300_minute.csv
筛选分钟: 2025-08-13 14:30:00
筛选后数据行数: 120
按照 train_flag_inter=1 筛选后数据行数: 120
对分钟 2025-08-13 14:30:00 拟合SABR参数，共 6 个到期日
  到期日 2025-08-15: RMSE=0.038516, MAPE=0.087914, 样本数=24
    参数: alpha=3.5999, rho=0.0944, volvar=25.2518
  到期日 2025-09-19: RMSE=0.012759, MAPE=0.047541, 样本数=32
    参数: alpha=8.7532, rho=0.2339, volvar=3.4432
  到期日 2025-10-17: RMSE=0.005932, MAPE=0.023369, 样本数=21
    参数: alpha=10.2578, rho=0.3796, volvar=1.8974
  到期日 2025-12-19: RMSE=0.002143, MAPE=0.009480, 样本数=15
    参数: alpha=11.1360, rho=0.2783, volvar=1.2848
  到期日 2026-03-20: RMSE=0.001655, MAPE=0.006798, 样本数=15
    参数: alpha=11.3491, rho=0.2524, volvar=1.0375
  到期日 2026-06-19: RMSE=0.002024, MAPE=0.008369, 样本数=13
    参数: alpha=11.4056, rho=0.2703, volvar=0.9757

✅ SABR参数拟合完成!
   分钟: 2025-08-13 14:30:00
   到期日数量: 6
   参数文件: ./results_forecasting/sabr_forecast_all/hushen300_minute_forecast_clear/sabr_params_2025-08-13_14_30_00.pkl
   平均RMSE: 0.010505
   平均MAPE: 0.030578

==========================================
SABR参数拟合结束时间: 2025-10-18 11:16:35
==========================================
