==========================================
SABR参数拟合开始时间: 2025-10-18 11:19:55
分钟: 2025-08-18 14:30:00 | 划分: forecast
标记列: train_flag_inter
==========================================
加载数据: ../data/hushen300_minute/hushen300_minute.csv
筛选分钟: 2025-08-18 14:30:00
筛选后数据行数: 106
按照 train_flag_inter=1 筛选后数据行数: 106
对分钟 2025-08-18 14:30:00 拟合SABR参数，共 5 个到期日
  到期日 2025-09-19: RMSE=0.018239, MAPE=0.058452, 样本数=33
    参数: alpha=11.2506, rho=0.4066, volvar=3.8101
  到期日 2025-10-17: RMSE=0.002262, MAPE=0.008969, 样本数=22
    参数: alpha=11.8990, rho=0.3868, volvar=2.3042
  到期日 2025-11-21: RMSE=0.016992, MAPE=0.066368, 样本数=19
    参数: alpha=13.2563, rho=-0.9848, volvar=0.1681
  到期日 2025-12-19: RMSE=0.016481, MAPE=0.069213, 样本数=16
    参数: alpha=128.9089, rho=0.9269, volvar=16.3710
  到期日 2026-03-20: RMSE=0.061222, MAPE=0.247570, 样本数=16
    参数: alpha=10.6402, rho=0.8745, volvar=6.4916

✅ SABR参数拟合完成!
   分钟: 2025-08-18 14:30:00
   到期日数量: 5
   参数文件: ./results_forecasting/sabr_forecast_all/hushen300_minute_forecast_clear/sabr_params_2025-08-18_14_30_00.pkl
   平均RMSE: 0.023039
   平均MAPE: 0.090115

==========================================
SABR参数拟合结束时间: 2025-10-18 11:20:07
==========================================
