==========================================
SABR参数拟合开始时间: 2025-10-18 11:25:19
分钟: 2025-08-25 11:00:00 | 划分: forecast
标记列: train_flag_inter
==========================================
加载数据: ../data/hushen300_minute/hushen300_minute.csv
筛选分钟: 2025-08-25 11:00:00
筛选后数据行数: 137
按照 train_flag_inter=1 筛选后数据行数: 137
对分钟 2025-08-25 11:00:00 拟合SABR参数，共 6 个到期日
  到期日 2025-09-19: RMSE=0.017927, MAPE=0.049909, 样本数=36
    参数: alpha=13.3244, rho=0.5023, volvar=4.5900
  到期日 2025-10-17: RMSE=0.005978, MAPE=0.017942, 样本数=26
    参数: alpha=14.0831, rho=0.4758, volvar=2.5952
  到期日 2025-11-21: RMSE=0.005057, MAPE=0.018821, 样本数=23
    参数: alpha=14.8310, rho=0.5131, volvar=1.4629
  到期日 2025-12-19: RMSE=0.020319, MAPE=0.075830, 样本数=18
    参数: alpha=134.9071, rho=0.9334, volvar=16.0840
  到期日 2026-03-20: RMSE=0.018510, MAPE=0.071528, 样本数=18
    参数: alpha=119.3669, rho=0.9485, volvar=11.8377
  到期日 2026-06-19: RMSE=0.035892, MAPE=0.135439, 样本数=16
    参数: alpha=70.5123, rho=0.8788, volvar=14.1630

✅ SABR参数拟合完成!
   分钟: 2025-08-25 11:00:00
   到期日数量: 6
   参数文件: ./results_forecasting/sabr_forecast_all/hushen300_minute_forecast_clear/sabr_params_2025-08-25_11_00_00.pkl
   平均RMSE: 0.017281
   平均MAPE: 0.061578

==========================================
SABR参数拟合结束时间: 2025-10-18 11:25:38
==========================================
