==========================================
SABR参数拟合开始时间: 2025-10-18 11:15:53
分钟: 2025-08-13 13:00:00 | 划分: forecast
标记列: train_flag_inter
==========================================
加载数据: ../data/hushen300_minute/hushen300_minute.csv
筛选分钟: 2025-08-13 13:00:00
筛选后数据行数: 120
按照 train_flag_inter=1 筛选后数据行数: 120
对分钟 2025-08-13 13:00:00 拟合SABR参数，共 6 个到期日
  到期日 2025-08-15: RMSE=0.045425, MAPE=0.099979, 样本数=24
    参数: alpha=6.2080, rho=0.1529, volvar=21.9264
  到期日 2025-09-19: RMSE=0.015094, MAPE=0.055046, 样本数=32
    参数: alpha=8.6990, rho=0.2721, volvar=3.5409
  到期日 2025-10-17: RMSE=0.005538, MAPE=0.022494, 样本数=21
    参数: alpha=9.9977, rho=0.3487, volvar=2.0613
  到期日 2025-12-19: RMSE=0.002371, MAPE=0.010128, 样本数=15
    参数: alpha=11.1071, rho=0.3151, volvar=1.3510
  到期日 2026-03-20: RMSE=0.002900, MAPE=0.010970, 样本数=15
    参数: alpha=11.2524, rho=0.3047, volvar=1.1058
  到期日 2026-06-19: RMSE=0.003111, MAPE=0.012769, 样本数=13
    参数: alpha=11.2141, rho=0.2409, volvar=0.9067

✅ SABR参数拟合完成!
   分钟: 2025-08-13 13:00:00
   到期日数量: 6
   参数文件: ./results_forecasting/sabr_forecast_all/hushen300_minute_forecast_clear/sabr_params_2025-08-13_13_00_00.pkl
   平均RMSE: 0.012407
   平均MAPE: 0.035231

==========================================
SABR参数拟合结束时间: 2025-10-18 11:16:04
==========================================
