==========================================
SABR参数拟合开始时间: 2025-10-18 11:17:23
分钟: 2025-08-15 13:00:00 | 划分: forecast
标记列: train_flag_inter
==========================================
加载数据: ../data/hushen300_minute/hushen300_minute.csv
筛选分钟: 2025-08-15 13:00:00
筛选后数据行数: 96
按照 train_flag_inter=1 筛选后数据行数: 96
对分钟 2025-08-15 13:00:00 拟合SABR参数，共 5 个到期日
  到期日 2025-09-19: RMSE=0.016980, MAPE=0.056771, 样本数=32
    参数: alpha=9.5375, rho=0.3216, volvar=3.6347
  到期日 2025-10-17: RMSE=0.004211, MAPE=0.017091, 样本数=21
    参数: alpha=10.7392, rho=0.3175, volvar=2.1041
  到期日 2025-12-19: RMSE=0.015013, MAPE=0.066231, 样本数=15
    参数: alpha=12.9642, rho=0.2284, volvar=0.2578
  到期日 2026-03-20: RMSE=0.001514, MAPE=0.006456, 样本数=15
    参数: alpha=11.7742, rho=0.3183, volvar=0.9947
  到期日 2026-06-19: RMSE=0.001413, MAPE=0.005962, 样本数=13
    参数: alpha=11.1333, rho=0.2878, volvar=1.1642

✅ SABR参数拟合完成!
   分钟: 2025-08-15 13:00:00
   到期日数量: 5
   参数文件: ./results_forecasting/sabr_forecast_all/hushen300_minute_forecast_clear/sabr_params_2025-08-15_13_00_00.pkl
   平均RMSE: 0.007826
   平均MAPE: 0.030502

==========================================
SABR参数拟合结束时间: 2025-10-18 11:17:33
==========================================
