==========================================
SABR参数拟合开始时间: 2025-10-18 11:23:40
分钟: 2025-08-22 14:00:00 | 划分: forecast
标记列: train_flag_inter
==========================================
加载数据: ../data/hushen300_minute/hushen300_minute.csv
筛选分钟: 2025-08-22 14:00:00
筛选后数据行数: 128
按照 train_flag_inter=1 筛选后数据行数: 128
对分钟 2025-08-22 14:00:00 拟合SABR参数，共 6 个到期日
  到期日 2025-09-19: RMSE=0.016309, MAPE=0.053773, 样本数=34
    参数: alpha=10.3264, rho=0.3570, volvar=4.1400
  到期日 2025-10-17: RMSE=0.002394, MAPE=0.008781, 样本数=24
    参数: alpha=11.6625, rho=0.2603, volvar=2.1749
  到期日 2025-11-21: RMSE=0.007195, MAPE=0.027714, 样本数=21
    参数: alpha=12.3006, rho=0.3689, volvar=1.8286
  到期日 2025-12-19: RMSE=0.002152, MAPE=0.007862, 样本数=17
    参数: alpha=12.6336, rho=0.3595, volvar=1.4893
  到期日 2026-03-20: RMSE=0.017435, MAPE=0.070296, 样本数=17
    参数: alpha=116.2587, rho=0.9362, volvar=12.5885
  到期日 2026-06-19: RMSE=0.002203, MAPE=0.007367, 样本数=15
    参数: alpha=13.0921, rho=0.3824, volvar=0.9638

✅ SABR参数拟合完成!
   分钟: 2025-08-22 14:00:00
   到期日数量: 6
   参数文件: ./results_forecasting/sabr_forecast_all/hushen300_minute_forecast_clear/sabr_params_2025-08-22_14_00_00.pkl
   平均RMSE: 0.007948
   平均MAPE: 0.029299

==========================================
SABR参数拟合结束时间: 2025-10-18 11:23:55
==========================================
