==========================================
SABR参数拟合开始时间: 2025-10-18 11:28:54
分钟: 2025-08-27 13:00:00 | 划分: forecast
标记列: train_flag_inter
==========================================
加载数据: ../data/hushen300_minute/hushen300_minute.csv
筛选分钟: 2025-08-27 13:00:00
筛选后数据行数: 146
按照 train_flag_inter=1 筛选后数据行数: 146
对分钟 2025-08-27 13:00:00 拟合SABR参数，共 6 个到期日
  到期日 2025-09-19: RMSE=0.022543, MAPE=0.065672, 样本数=38
    参数: alpha=12.4566, rho=0.3876, volvar=4.3490
  到期日 2025-10-17: RMSE=0.003695, MAPE=0.010797, 样本数=28
    参数: alpha=13.7582, rho=0.3861, volvar=2.3340
  到期日 2025-11-21: RMSE=0.004194, MAPE=0.013570, 样本数=25
    参数: alpha=14.6708, rho=0.4879, volvar=1.3409
  到期日 2025-12-19: RMSE=0.002980, MAPE=0.009741, 样本数=19
    参数: alpha=14.1825, rho=0.3983, volvar=1.4244
  到期日 2026-03-20: RMSE=0.020762, MAPE=0.080402, 样本数=19
    参数: alpha=119.6799, rho=0.9459, volvar=12.0353
  到期日 2026-06-19: RMSE=0.016264, MAPE=0.065590, 样本数=17
    参数: alpha=100.5963, rho=0.9288, volvar=11.0884

✅ SABR参数拟合完成!
   分钟: 2025-08-27 13:00:00
   到期日数量: 6
   参数文件: ./results_forecasting/sabr_forecast_all/hushen300_minute_forecast_clear/sabr_params_2025-08-27_13_00_00.pkl
   平均RMSE: 0.011740
   平均MAPE: 0.040962

==========================================
SABR参数拟合结束时间: 2025-10-18 11:29:12
==========================================
