==========================================
SABR参数拟合开始时间: 2025-10-18 11:10:30
分钟: 2025-08-04 14:00:00 | 划分: forecast
标记列: train_flag_inter
==========================================
加载数据: ../data/hushen300_minute/hushen300_minute.csv
筛选分钟: 2025-08-04 14:00:00
筛选后数据行数: 105
按照 train_flag_inter=1 筛选后数据行数: 105
对分钟 2025-08-04 14:00:00 拟合SABR参数，共 5 个到期日
  到期日 2025-08-15: RMSE=0.010300, MAPE=0.038590, 样本数=24
    参数: alpha=7.7326, rho=-0.0269, volvar=6.1698
  到期日 2025-09-19: RMSE=0.010670, MAPE=0.039659, 样本数=32
    参数: alpha=8.6969, rho=0.0526, volvar=2.7737
  到期日 2025-10-17: RMSE=0.023031, MAPE=0.118944, 样本数=21
    参数: alpha=116.3640, rho=0.8589, volvar=36.2377
  到期日 2026-03-20: RMSE=0.001004, MAPE=0.004258, 样本数=15
    参数: alpha=10.4153, rho=0.1281, volvar=1.0611
  到期日 2026-06-19: RMSE=0.001506, MAPE=0.006219, 样本数=13
    参数: alpha=10.4637, rho=0.0931, volvar=0.9752

✅ SABR参数拟合完成!
   分钟: 2025-08-04 14:00:00
   到期日数量: 5
   参数文件: ./results_forecasting/sabr_forecast_all/hushen300_minute_forecast_clear/sabr_params_2025-08-04_14_00_00.pkl
   平均RMSE: 0.009302
   平均MAPE: 0.041534

==========================================
SABR参数拟合结束时间: 2025-10-18 11:10:47
==========================================
