==========================================
SABR参数拟合开始时间: 2025-10-18 11:31:18
分钟: 2025-08-29 11:00:00 | 划分: forecast
标记列: train_flag_inter
==========================================
加载数据: ../data/hushen300_minute/hushen300_minute.csv
筛选分钟: 2025-08-29 11:00:00
筛选后数据行数: 146
按照 train_flag_inter=1 筛选后数据行数: 146
对分钟 2025-08-29 11:00:00 拟合SABR参数，共 6 个到期日
  到期日 2025-09-19: RMSE=0.026559, MAPE=0.070821, 样本数=38
    参数: alpha=13.4164, rho=0.4873, volvar=4.9786
  到期日 2025-10-17: RMSE=0.003603, MAPE=0.010040, 样本数=28
    参数: alpha=15.2452, rho=0.4602, volvar=2.0748
  到期日 2025-11-21: RMSE=0.006333, MAPE=0.017886, 样本数=25
    参数: alpha=15.8474, rho=0.4904, volvar=0.7625
  到期日 2025-12-19: RMSE=0.019053, MAPE=0.071444, 样本数=19
    参数: alpha=146.3743, rho=0.9479, volvar=15.4963
  到期日 2026-03-20: RMSE=0.067231, MAPE=0.243563, 样本数=19
    参数: alpha=34.9029, rho=0.8623, volvar=14.8404
  到期日 2026-06-19: RMSE=0.002997, MAPE=0.009795, 样本数=17
    参数: alpha=14.1500, rho=0.4253, volvar=1.0525

✅ SABR参数拟合完成!
   分钟: 2025-08-29 11:00:00
   到期日数量: 6
   参数文件: ./results_forecasting/sabr_forecast_all/hushen300_minute_forecast_clear/sabr_params_2025-08-29_11_00_00.pkl
   平均RMSE: 0.020963
   平均MAPE: 0.070592

==========================================
SABR参数拟合结束时间: 2025-10-18 11:31:38
==========================================
