==========================================
SABR参数拟合开始时间: 2025-10-18 11:17:06
分钟: 2025-08-15 11:00:00 | 划分: forecast
标记列: train_flag_inter
==========================================
加载数据: ../data/hushen300_minute/hushen300_minute.csv
筛选分钟: 2025-08-15 11:00:00
筛选后数据行数: 96
按照 train_flag_inter=1 筛选后数据行数: 96
对分钟 2025-08-15 11:00:00 拟合SABR参数，共 5 个到期日
  到期日 2025-09-19: RMSE=0.016755, MAPE=0.058102, 样本数=32
    参数: alpha=9.2973, rho=0.2796, volvar=3.5650
  到期日 2025-10-17: RMSE=0.001622, MAPE=0.007358, 样本数=21
    参数: alpha=10.6289, rho=0.3043, volvar=2.0554
  到期日 2025-12-19: RMSE=0.015231, MAPE=0.064916, 样本数=15
    参数: alpha=12.7180, rho=0.5673, volvar=0.0614
  到期日 2026-03-20: RMSE=0.007094, MAPE=0.027674, 样本数=15
    参数: alpha=12.5286, rho=0.6466, volvar=0.0001
  到期日 2026-06-19: RMSE=0.001603, MAPE=0.005840, 样本数=13
    参数: alpha=11.0569, rho=0.2745, volvar=1.1937

✅ SABR参数拟合完成!
   分钟: 2025-08-15 11:00:00
   到期日数量: 5
   参数文件: ./results_forecasting/sabr_forecast_all/hushen300_minute_forecast_clear/sabr_params_2025-08-15_11_00_00.pkl
   平均RMSE: 0.008461
   平均MAPE: 0.032778

==========================================
SABR参数拟合结束时间: 2025-10-18 11:17:15
==========================================
