==========================================
SABR参数拟合开始时间: 2025-10-18 11:18:24
分钟: 2025-08-18 10:00:00 | 划分: forecast
标记列: train_flag_inter
==========================================
加载数据: ../data/hushen300_minute/hushen300_minute.csv
筛选分钟: 2025-08-18 10:00:00
筛选后数据行数: 120
按照 train_flag_inter=1 筛选后数据行数: 120
对分钟 2025-08-18 10:00:00 拟合SABR参数，共 6 个到期日
  到期日 2025-09-19: RMSE=0.019346, MAPE=0.064758, 样本数=33
    参数: alpha=10.7576, rho=0.4108, volvar=3.8642
  到期日 2025-10-17: RMSE=0.010460, MAPE=0.038987, 样本数=22
    参数: alpha=11.3712, rho=0.4865, volvar=2.6251
  到期日 2025-11-21: RMSE=0.010785, MAPE=0.042846, 样本数=19
    参数: alpha=12.4439, rho=0.2607, volvar=1.0188
  到期日 2025-12-19: RMSE=0.003486, MAPE=0.012475, 样本数=16
    参数: alpha=12.4951, rho=0.4500, volvar=1.5109
  到期日 2026-03-20: RMSE=0.002851, MAPE=0.008490, 样本数=16
    参数: alpha=12.3874, rho=0.3939, volvar=1.1258
  到期日 2026-06-19: RMSE=0.002551, MAPE=0.008703, 样本数=14
    参数: alpha=12.6710, rho=0.3736, volvar=0.9658

✅ SABR参数拟合完成!
   分钟: 2025-08-18 10:00:00
   到期日数量: 6
   参数文件: ./results_forecasting/sabr_forecast_all/hushen300_minute_forecast_clear/sabr_params_2025-08-18_10_00_00.pkl
   平均RMSE: 0.008246
   平均MAPE: 0.029377

==========================================
SABR参数拟合结束时间: 2025-10-18 11:18:36
==========================================
