==========================================
SABR参数拟合开始时间: 2025-10-18 11:18:59
分钟: 2025-08-18 11:20:00 | 划分: forecast
标记列: train_flag_inter
==========================================
加载数据: ../data/hushen300_minute/hushen300_minute.csv
筛选分钟: 2025-08-18 11:20:00
筛选后数据行数: 120
按照 train_flag_inter=1 筛选后数据行数: 120
对分钟 2025-08-18 11:20:00 拟合SABR参数，共 6 个到期日
  到期日 2025-09-19: RMSE=0.017599, MAPE=0.056440, 样本数=33
    参数: alpha=11.3092, rho=0.3969, volvar=3.7275
  到期日 2025-10-17: RMSE=0.012408, MAPE=0.042751, 样本数=22
    参数: alpha=11.7768, rho=0.5238, volvar=2.7478
  到期日 2025-11-21: RMSE=0.008967, MAPE=0.034721, 样本数=19
    参数: alpha=11.9789, rho=0.4312, volvar=1.8609
  到期日 2025-12-19: RMSE=0.042230, MAPE=0.169675, 样本数=16
    参数: alpha=66.9272, rho=0.8719, volvar=20.1126
  到期日 2026-03-20: RMSE=0.057830, MAPE=0.236010, 样本数=16
    参数: alpha=32.8887, rho=0.8556, volvar=16.1350
  到期日 2026-06-19: RMSE=0.002007, MAPE=0.007000, 样本数=14
    参数: alpha=12.4443, rho=0.3809, volvar=1.0680

✅ SABR参数拟合完成!
   分钟: 2025-08-18 11:20:00
   到期日数量: 6
   参数文件: ./results_forecasting/sabr_forecast_all/hushen300_minute_forecast_clear/sabr_params_2025-08-18_11_20_00.pkl
   平均RMSE: 0.023507
   平均MAPE: 0.091099

==========================================
SABR参数拟合结束时间: 2025-10-18 11:19:12
==========================================
