==========================================
SABR参数拟合开始时间: 2025-10-18 11:15:12
分钟: 2025-08-13 09:30:00 | 划分: forecast
标记列: train_flag_inter
==========================================
加载数据: ../data/hushen300_minute/hushen300_minute.csv
筛选分钟: 2025-08-13 09:30:00
筛选后数据行数: 120
按照 train_flag_inter=1 筛选后数据行数: 120
对分钟 2025-08-13 09:30:00 拟合SABR参数，共 6 个到期日
  到期日 2025-08-15: RMSE=0.029422, MAPE=0.058230, 样本数=24
    参数: alpha=7.7566, rho=0.0061, volvar=19.6713
  到期日 2025-09-19: RMSE=0.011753, MAPE=0.043138, 样本数=32
    参数: alpha=8.3368, rho=0.1709, volvar=3.4331
  到期日 2025-10-17: RMSE=0.001381, MAPE=0.006529, 样本数=21
    参数: alpha=9.3188, rho=0.2857, volvar=2.0562
  到期日 2025-12-19: RMSE=0.001642, MAPE=0.006714, 样本数=15
    参数: alpha=10.6571, rho=0.2523, volvar=1.3495
  到期日 2026-03-20: RMSE=0.002165, MAPE=0.008941, 样本数=15
    参数: alpha=11.0610, rho=0.2183, volvar=1.0371
  到期日 2026-06-19: RMSE=0.001121, MAPE=0.005148, 样本数=13
    参数: alpha=11.1844, rho=0.2903, volvar=0.9127

✅ SABR参数拟合完成!
   分钟: 2025-08-13 09:30:00
   到期日数量: 6
   参数文件: ./results_forecasting/sabr_forecast_all/hushen300_minute_forecast_clear/sabr_params_2025-08-13_09_30_00.pkl
   平均RMSE: 0.007914
   平均MAPE: 0.021450

==========================================
SABR参数拟合结束时间: 2025-10-18 11:15:20
==========================================
