==========================================
SABR参数拟合开始时间: 2025-10-18 11:10:54
分钟: 2025-08-04 14:50:00 | 划分: forecast
标记列: train_flag_inter
==========================================
加载数据: ../data/hushen300_minute/hushen300_minute.csv
筛选分钟: 2025-08-04 14:50:00
筛选后数据行数: 120
按照 train_flag_inter=1 筛选后数据行数: 120
对分钟 2025-08-04 14:50:00 拟合SABR参数，共 6 个到期日
  到期日 2025-08-15: RMSE=0.013581, MAPE=0.053615, 样本数=24
    参数: alpha=7.0897, rho=0.0108, volvar=6.4488
  到期日 2025-09-19: RMSE=0.011073, MAPE=0.042194, 样本数=32
    参数: alpha=8.5674, rho=0.0937, volvar=2.8679
  到期日 2025-10-17: RMSE=0.001786, MAPE=0.008768, 样本数=21
    参数: alpha=9.4169, rho=0.1333, volvar=1.8886
  到期日 2025-12-19: RMSE=0.002053, MAPE=0.008383, 样本数=15
    参数: alpha=10.1864, rho=0.1890, volvar=1.3169
  到期日 2026-03-20: RMSE=0.002072, MAPE=0.008835, 样本数=15
    参数: alpha=10.4839, rho=0.1546, volvar=1.0359
  到期日 2026-06-19: RMSE=0.002676, MAPE=0.011908, 样本数=13
    参数: alpha=10.6745, rho=0.1607, volvar=0.9121

✅ SABR参数拟合完成!
   分钟: 2025-08-04 14:50:00
   到期日数量: 6
   参数文件: ./results_forecasting/sabr_forecast_all/hushen300_minute_forecast_clear/sabr_params_2025-08-04_14_50_00.pkl
   平均RMSE: 0.005540
   平均MAPE: 0.022284

==========================================
SABR参数拟合结束时间: 2025-10-18 11:11:02
==========================================
