==========================================
SABR参数拟合开始时间: 2025-10-18 11:31:58
分钟: 2025-08-29 13:00:00 | 划分: forecast
标记列: train_flag_inter
==========================================
加载数据: ../data/hushen300_minute/hushen300_minute.csv
筛选分钟: 2025-08-29 13:00:00
筛选后数据行数: 146
按照 train_flag_inter=1 筛选后数据行数: 146
对分钟 2025-08-29 13:00:00 拟合SABR参数，共 6 个到期日
  到期日 2025-09-19: RMSE=0.026527, MAPE=0.068443, 样本数=38
    参数: alpha=13.1110, rho=0.5299, volvar=5.2218
  到期日 2025-10-17: RMSE=0.003543, MAPE=0.011309, 样本数=28
    参数: alpha=14.9847, rho=0.3937, volvar=2.0162
  到期日 2025-11-21: RMSE=0.005817, MAPE=0.018041, 样本数=25
    参数: alpha=15.5735, rho=0.5454, volvar=1.0114
  到期日 2025-12-19: RMSE=0.019292, MAPE=0.072607, 样本数=19
    参数: alpha=145.5766, rho=0.9465, volvar=15.5855
  到期日 2026-03-20: RMSE=0.021994, MAPE=0.082017, 样本数=19
    参数: alpha=120.4698, rho=0.9444, volvar=12.1972
  到期日 2026-06-19: RMSE=0.017586, MAPE=0.067913, 样本数=17
    参数: alpha=100.6639, rho=0.9228, volvar=11.5412

✅ SABR参数拟合完成!
   分钟: 2025-08-29 13:00:00
   到期日数量: 6
   参数文件: ./results_forecasting/sabr_forecast_all/hushen300_minute_forecast_clear/sabr_params_2025-08-29_13_00_00.pkl
   平均RMSE: 0.015793
   平均MAPE: 0.053388

==========================================
SABR参数拟合结束时间: 2025-10-18 11:32:20
==========================================
