==========================================
SABR参数拟合开始时间: 2025-10-18 11:11:50
分钟: 2025-08-06 13:30:00 | 划分: forecast
标记列: train_flag_inter
==========================================
加载数据: ../data/hushen300_minute/hushen300_minute.csv
筛选分钟: 2025-08-06 13:30:00
筛选后数据行数: 86
按照 train_flag_inter=1 筛选后数据行数: 86
对分钟 2025-08-06 13:30:00 拟合SABR参数，共 4 个到期日
  到期日 2025-08-15: RMSE=0.012558, MAPE=0.044658, 样本数=24
    参数: alpha=6.6188, rho=0.0269, volvar=7.4924
  到期日 2025-09-19: RMSE=0.010769, MAPE=0.040083, 样本数=32
    参数: alpha=8.4673, rho=0.1220, volvar=3.0023
  到期日 2025-12-19: RMSE=0.002247, MAPE=0.009531, 样本数=15
    参数: alpha=10.7283, rho=0.1994, volvar=1.1378
  到期日 2026-03-20: RMSE=0.000559, MAPE=0.002499, 样本数=15
    参数: alpha=11.0519, rho=0.1673, volvar=0.8785

✅ SABR参数拟合完成!
   分钟: 2025-08-06 13:30:00
   到期日数量: 4
   参数文件: ./results_forecasting/sabr_forecast_all/hushen300_minute_forecast_clear/sabr_params_2025-08-06_13_30_00.pkl
   平均RMSE: 0.006533
   平均MAPE: 0.024193

==========================================
SABR参数拟合结束时间: 2025-10-18 11:11:57
==========================================
