==========================================
SABR参数拟合开始时间: 2025-10-18 11:21:48
分钟: 2025-08-20 14:30:00 | 划分: forecast
标记列: train_flag_inter
==========================================
加载数据: ../data/hushen300_minute/hushen300_minute.csv
筛选分钟: 2025-08-20 14:30:00
筛选后数据行数: 106
按照 train_flag_inter=1 筛选后数据行数: 106
对分钟 2025-08-20 14:30:00 拟合SABR参数，共 5 个到期日
  到期日 2025-09-19: RMSE=0.017481, MAPE=0.059732, 样本数=33
    参数: alpha=10.5675, rho=0.3819, volvar=3.9219
  到期日 2025-10-17: RMSE=0.004103, MAPE=0.016414, 样本数=23
    参数: alpha=11.6548, rho=0.3491, volvar=2.3813
  到期日 2025-11-21: RMSE=0.004818, MAPE=0.019913, 样本数=20
    参数: alpha=11.9313, rho=0.3743, volvar=1.7684
  到期日 2026-03-20: RMSE=0.011817, MAPE=0.050014, 样本数=16
    参数: alpha=13.5797, rho=0.7493, volvar=0.0666
  到期日 2026-06-19: RMSE=0.001393, MAPE=0.004591, 样本数=14
    参数: alpha=12.2640, rho=0.3158, volvar=1.1020

✅ SABR参数拟合完成!
   分钟: 2025-08-20 14:30:00
   到期日数量: 5
   参数文件: ./results_forecasting/sabr_forecast_all/hushen300_minute_forecast_clear/sabr_params_2025-08-20_14_30_00.pkl
   平均RMSE: 0.007923
   平均MAPE: 0.030132

==========================================
SABR参数拟合结束时间: 2025-10-18 11:21:57
==========================================
