==========================================
SABR参数拟合开始时间: 2025-10-18 11:13:29
分钟: 2025-08-08 14:30:00 | 划分: forecast
标记列: train_flag_inter
==========================================
加载数据: ../data/hushen300_minute/hushen300_minute.csv
筛选分钟: 2025-08-08 14:30:00
筛选后数据行数: 120
按照 train_flag_inter=1 筛选后数据行数: 120
对分钟 2025-08-08 14:30:00 拟合SABR参数，共 6 个到期日
  到期日 2025-08-15: RMSE=0.011843, MAPE=0.048081, 样本数=24
    参数: alpha=5.9925, rho=-0.1036, volvar=8.7957
  到期日 2025-09-19: RMSE=0.010564, MAPE=0.040141, 样本数=32
    参数: alpha=8.0694, rho=0.0501, volvar=3.1213
  到期日 2025-10-17: RMSE=0.001552, MAPE=0.007425, 样本数=21
    参数: alpha=9.5345, rho=0.1789, volvar=1.9383
  到期日 2025-12-19: RMSE=0.001450, MAPE=0.006254, 样本数=15
    参数: alpha=10.8678, rho=0.2443, volvar=1.1647
  到期日 2026-03-20: RMSE=0.001125, MAPE=0.004749, 样本数=15
    参数: alpha=11.1695, rho=0.2309, volvar=0.9433
  到期日 2026-06-19: RMSE=0.001452, MAPE=0.006580, 样本数=13
    参数: alpha=11.1929, rho=0.1904, volvar=0.8798

✅ SABR参数拟合完成!
   分钟: 2025-08-08 14:30:00
   到期日数量: 6
   参数文件: ./results_forecasting/sabr_forecast_all/hushen300_minute_forecast_clear/sabr_params_2025-08-08_14_30_00.pkl
   平均RMSE: 0.004664
   平均MAPE: 0.018872

==========================================
SABR参数拟合结束时间: 2025-10-18 11:13:38
==========================================
