==========================================
SABR参数拟合开始时间: 2025-10-18 11:27:21
分钟: 2025-08-27 09:30:00 | 划分: forecast
标记列: train_flag_inter
==========================================
加载数据: ../data/hushen300_minute/hushen300_minute.csv
筛选分钟: 2025-08-27 09:30:00
筛选后数据行数: 146
按照 train_flag_inter=1 筛选后数据行数: 146
对分钟 2025-08-27 09:30:00 拟合SABR参数，共 6 个到期日
  到期日 2025-09-19: RMSE=0.025663, MAPE=0.068883, 样本数=38
    参数: alpha=13.5278, rho=0.3968, volvar=4.3254
  到期日 2025-10-17: RMSE=0.001960, MAPE=0.005505, 样本数=28
    参数: alpha=14.6346, rho=0.3131, volvar=2.0850
  到期日 2025-11-21: RMSE=0.004153, MAPE=0.011722, 样本数=25
    参数: alpha=15.1125, rho=0.5236, volvar=1.3394
  到期日 2025-12-19: RMSE=0.049703, MAPE=0.176914, 样本数=19
    参数: alpha=77.0999, rho=0.8803, volvar=19.5261
  到期日 2026-03-20: RMSE=0.020674, MAPE=0.079958, 样本数=19
    参数: alpha=119.5612, rho=0.9470, volvar=11.9554
  到期日 2026-06-19: RMSE=0.017647, MAPE=0.069843, 样本数=17
    参数: alpha=103.9530, rho=0.9311, volvar=11.1097

✅ SABR参数拟合完成!
   分钟: 2025-08-27 09:30:00
   到期日数量: 6
   参数文件: ./results_forecasting/sabr_forecast_all/hushen300_minute_forecast_clear/sabr_params_2025-08-27_09_30_00.pkl
   平均RMSE: 0.019967
   平均MAPE: 0.068804

==========================================
SABR参数拟合结束时间: 2025-10-18 11:27:42
==========================================
