==========================================
SABR参数拟合开始时间: 2025-10-18 11:12:47
分钟: 2025-08-08 11:00:00 | 划分: forecast
标记列: train_flag_inter
==========================================
加载数据: ../data/hushen300_minute/hushen300_minute.csv
筛选分钟: 2025-08-08 11:00:00
筛选后数据行数: 120
按照 train_flag_inter=1 筛选后数据行数: 120
对分钟 2025-08-08 11:00:00 拟合SABR参数，共 6 个到期日
  到期日 2025-08-15: RMSE=0.012850, MAPE=0.046370, 样本数=24
    参数: alpha=6.4792, rho=-0.0961, volvar=8.5103
  到期日 2025-09-19: RMSE=0.011054, MAPE=0.041648, 样本数=32
    参数: alpha=8.3549, rho=0.0667, volvar=3.0704
  到期日 2025-10-17: RMSE=0.001368, MAPE=0.006380, 样本数=21
    参数: alpha=9.6123, rho=0.1368, volvar=1.9740
  到期日 2025-12-19: RMSE=0.001377, MAPE=0.005741, 样本数=15
    参数: alpha=11.0194, rho=0.2559, volvar=1.1789
  到期日 2026-03-20: RMSE=0.001263, MAPE=0.005743, 样本数=15
    参数: alpha=11.1028, rho=0.2470, volvar=0.9937
  到期日 2026-06-19: RMSE=0.001207, MAPE=0.005108, 样本数=13
    参数: alpha=11.3129, rho=0.1864, volvar=0.8387

✅ SABR参数拟合完成!
   分钟: 2025-08-08 11:00:00
   到期日数量: 6
   参数文件: ./results_forecasting/sabr_forecast_all/hushen300_minute_forecast_clear/sabr_params_2025-08-08_11_00_00.pkl
   平均RMSE: 0.004853
   平均MAPE: 0.018499

==========================================
SABR参数拟合结束时间: 2025-10-18 11:12:56
==========================================
