==========================================
SABR参数拟合开始时间: 2025-10-18 11:29:48
分钟: 2025-08-27 14:30:00 | 划分: forecast
标记列: train_flag_inter
==========================================
加载数据: ../data/hushen300_minute/hushen300_minute.csv
筛选分钟: 2025-08-27 14:30:00
筛选后数据行数: 146
按照 train_flag_inter=1 筛选后数据行数: 146
对分钟 2025-08-27 14:30:00 拟合SABR参数，共 6 个到期日
  到期日 2025-09-19: RMSE=0.024314, MAPE=0.071725, 样本数=38
    参数: alpha=12.0629, rho=0.2803, volvar=4.0835
  到期日 2025-10-17: RMSE=0.003714, MAPE=0.013524, 样本数=28
    参数: alpha=13.3735, rho=0.2484, volvar=1.9518
  到期日 2025-11-21: RMSE=0.005820, MAPE=0.019796, 样本数=25
    参数: alpha=14.4195, rho=0.4352, volvar=1.0710
  到期日 2025-12-19: RMSE=0.016497, MAPE=0.060817, 样本数=19
    参数: alpha=14.9319, rho=0.8675, volvar=0.0275
  到期日 2026-03-20: RMSE=0.020329, MAPE=0.079920, 样本数=19
    参数: alpha=116.1506, rho=0.9405, volvar=12.2750
  到期日 2026-06-19: RMSE=0.003269, MAPE=0.012114, 样本数=17
    参数: alpha=12.9772, rho=0.3579, volvar=1.0385

✅ SABR参数拟合完成!
   分钟: 2025-08-27 14:30:00
   到期日数量: 6
   参数文件: ./results_forecasting/sabr_forecast_all/hushen300_minute_forecast_clear/sabr_params_2025-08-27_14_30_00.pkl
   平均RMSE: 0.012324
   平均MAPE: 0.042983

==========================================
SABR参数拟合结束时间: 2025-10-18 11:30:05
==========================================
