==========================================
SABR参数拟合开始时间: 2025-10-18 11:13:55
分钟: 2025-08-11 10:00:00 | 划分: forecast
标记列: train_flag_inter
==========================================
加载数据: ../data/hushen300_minute/hushen300_minute.csv
筛选分钟: 2025-08-11 10:00:00
筛选后数据行数: 120
按照 train_flag_inter=1 筛选后数据行数: 120
对分钟 2025-08-11 10:00:00 拟合SABR参数，共 6 个到期日
  到期日 2025-08-15: RMSE=0.018535, MAPE=0.051425, 样本数=24
    参数: alpha=6.5689, rho=-0.0353, volvar=12.3909
  到期日 2025-09-19: RMSE=0.009106, MAPE=0.036752, 样本数=32
    参数: alpha=8.1061, rho=0.1082, volvar=3.3035
  到期日 2025-10-17: RMSE=0.003753, MAPE=0.016800, 样本数=21
    参数: alpha=9.7940, rho=0.2548, volvar=1.8270
  到期日 2025-12-19: RMSE=0.002546, MAPE=0.011004, 样本数=15
    参数: alpha=10.8540, rho=0.2688, volvar=1.2415
  到期日 2026-03-20: RMSE=0.002465, MAPE=0.010734, 样本数=15
    参数: alpha=11.0424, rho=0.2420, volvar=1.0087
  到期日 2026-06-19: RMSE=0.001155, MAPE=0.005346, 样本数=13
    参数: alpha=11.0176, rho=0.1875, volvar=0.9815

✅ SABR参数拟合完成!
   分钟: 2025-08-11 10:00:00
   到期日数量: 6
   参数文件: ./results_forecasting/sabr_forecast_all/hushen300_minute_forecast_clear/sabr_params_2025-08-11_10_00_00.pkl
   平均RMSE: 0.006260
   平均MAPE: 0.022010

==========================================
SABR参数拟合结束时间: 2025-10-18 11:14:05
==========================================
