==========================================
SABR参数拟合开始时间: 2025-10-18 11:16:04
分钟: 2025-08-13 13:30:00 | 划分: forecast
标记列: train_flag_inter
==========================================
加载数据: ../data/hushen300_minute/hushen300_minute.csv
筛选分钟: 2025-08-13 13:30:00
筛选后数据行数: 107
按照 train_flag_inter=1 筛选后数据行数: 107
对分钟 2025-08-13 13:30:00 拟合SABR参数，共 5 个到期日
  到期日 2025-08-15: RMSE=0.037900, MAPE=0.081844, 样本数=24
    参数: alpha=6.5658, rho=0.1398, volvar=21.8830
  到期日 2025-09-19: RMSE=0.012914, MAPE=0.046822, 样本数=32
    参数: alpha=8.8948, rho=0.2785, volvar=3.5052
  到期日 2025-10-17: RMSE=0.002700, MAPE=0.012853, 样本数=21
    参数: alpha=10.1423, rho=0.3532, volvar=2.0589
  到期日 2025-12-19: RMSE=0.001976, MAPE=0.008967, 样本数=15
    参数: alpha=11.1786, rho=0.3096, volvar=1.3244
  到期日 2026-03-20: RMSE=0.002009, MAPE=0.007799, 样本数=15
    参数: alpha=11.3223, rho=0.2793, volvar=1.0770

✅ SABR参数拟合完成!
   分钟: 2025-08-13 13:30:00
   到期日数量: 5
   参数文件: ./results_forecasting/sabr_forecast_all/hushen300_minute_forecast_clear/sabr_params_2025-08-13_13_30_00.pkl
   平均RMSE: 0.011500
   平均MAPE: 0.031657

==========================================
SABR参数拟合结束时间: 2025-10-18 11:16:14
==========================================
