==========================================
SABR参数拟合开始时间: 2025-10-18 11:12:29
分钟: 2025-08-08 10:00:00 | 划分: forecast
标记列: train_flag_inter
==========================================
加载数据: ../data/hushen300_minute/hushen300_minute.csv
筛选分钟: 2025-08-08 10:00:00
筛选后数据行数: 120
按照 train_flag_inter=1 筛选后数据行数: 120
对分钟 2025-08-08 10:00:00 拟合SABR参数，共 6 个到期日
  到期日 2025-08-15: RMSE=0.012330, MAPE=0.042143, 样本数=24
    参数: alpha=6.8753, rho=-0.1151, volvar=8.2925
  到期日 2025-09-19: RMSE=0.009675, MAPE=0.032854, 样本数=32
    参数: alpha=8.5165, rho=0.0434, volvar=2.9864
  到期日 2025-10-17: RMSE=0.003460, MAPE=0.017352, 样本数=21
    参数: alpha=9.8222, rho=0.1291, volvar=1.8692
  到期日 2025-12-19: RMSE=0.001758, MAPE=0.006856, 样本数=15
    参数: alpha=10.8968, rho=0.2160, volvar=1.1237
  到期日 2026-03-20: RMSE=0.003732, MAPE=0.014654, 样本数=15
    参数: alpha=11.2025, rho=0.1001, volvar=0.8643
  到期日 2026-06-19: RMSE=0.001898, MAPE=0.008680, 样本数=13
    参数: alpha=11.2192, rho=0.2127, volvar=0.8809

✅ SABR参数拟合完成!
   分钟: 2025-08-08 10:00:00
   到期日数量: 6
   参数文件: ./results_forecasting/sabr_forecast_all/hushen300_minute_forecast_clear/sabr_params_2025-08-08_10_00_00.pkl
   平均RMSE: 0.005476
   平均MAPE: 0.020423

==========================================
SABR参数拟合结束时间: 2025-10-18 11:12:39
==========================================
