==========================================
SABR参数拟合开始时间: 2025-10-18 11:22:10
分钟: 2025-08-22 09:30:00 | 划分: forecast
标记列: train_flag_inter
==========================================
加载数据: ../data/hushen300_minute/hushen300_minute.csv
筛选分钟: 2025-08-22 09:30:00
筛选后数据行数: 128
按照 train_flag_inter=1 筛选后数据行数: 128
对分钟 2025-08-22 09:30:00 拟合SABR参数，共 6 个到期日
  到期日 2025-09-19: RMSE=0.014995, MAPE=0.047925, 样本数=34
    参数: alpha=10.4858, rho=0.3122, volvar=3.9524
  到期日 2025-10-17: RMSE=0.002662, MAPE=0.009750, 样本数=24
    参数: alpha=11.8930, rho=0.2984, volvar=2.1949
  到期日 2025-11-21: RMSE=0.004194, MAPE=0.014155, 样本数=21
    参数: alpha=12.5508, rho=0.3250, volvar=1.3962
  到期日 2025-12-19: RMSE=0.017263, MAPE=0.068978, 样本数=17
    参数: alpha=14.0005, rho=0.6395, volvar=0.0702
  到期日 2026-03-20: RMSE=0.001271, MAPE=0.004496, 样本数=17
    参数: alpha=12.6887, rho=0.3433, volvar=1.0695
  到期日 2026-06-19: RMSE=0.002133, MAPE=0.007690, 样本数=15
    参数: alpha=12.5967, rho=0.3354, volvar=1.0010

✅ SABR参数拟合完成!
   分钟: 2025-08-22 09:30:00
   到期日数量: 6
   参数文件: ./results_forecasting/sabr_forecast_all/hushen300_minute_forecast_clear/sabr_params_2025-08-22_09_30_00.pkl
   平均RMSE: 0.007086
   平均MAPE: 0.025499

==========================================
SABR参数拟合结束时间: 2025-10-18 11:22:23
==========================================
