==========================================
SABR参数拟合开始时间: 2025-10-18 11:29:12
分钟: 2025-08-27 13:30:00 | 划分: forecast
标记列: train_flag_inter
==========================================
加载数据: ../data/hushen300_minute/hushen300_minute.csv
筛选分钟: 2025-08-27 13:30:00
筛选后数据行数: 146
按照 train_flag_inter=1 筛选后数据行数: 146
对分钟 2025-08-27 13:30:00 拟合SABR参数，共 6 个到期日
  到期日 2025-09-19: RMSE=0.024119, MAPE=0.071156, 样本数=38
    参数: alpha=12.4907, rho=0.3854, volvar=4.3209
  到期日 2025-10-17: RMSE=0.005081, MAPE=0.014536, 样本数=28
    参数: alpha=13.8327, rho=0.3689, volvar=2.1716
  到期日 2025-11-21: RMSE=0.003523, MAPE=0.010317, 样本数=25
    参数: alpha=14.7477, rho=0.5040, volvar=1.2693
  到期日 2025-12-19: RMSE=0.003348, MAPE=0.010616, 样本数=19
    参数: alpha=14.1865, rho=0.3954, volvar=1.4047
  到期日 2026-03-20: RMSE=0.020867, MAPE=0.080196, 样本数=19
    参数: alpha=119.8519, rho=0.9458, volvar=12.0550
  到期日 2026-06-19: RMSE=0.016301, MAPE=0.065810, 样本数=17
    参数: alpha=103.3534, rho=0.9317, volvar=11.0298

✅ SABR参数拟合完成!
   分钟: 2025-08-27 13:30:00
   到期日数量: 6
   参数文件: ./results_forecasting/sabr_forecast_all/hushen300_minute_forecast_clear/sabr_params_2025-08-27_13_30_00.pkl
   平均RMSE: 0.012207
   平均MAPE: 0.042105

==========================================
SABR参数拟合结束时间: 2025-10-18 11:29:30
==========================================
