==========================================
SABR参数拟合开始时间: 2025-10-18 11:16:35
分钟: 2025-08-13 14:50:00 | 划分: forecast
标记列: train_flag_inter
==========================================
加载数据: ../data/hushen300_minute/hushen300_minute.csv
筛选分钟: 2025-08-13 14:50:00
筛选后数据行数: 92
按照 train_flag_inter=1 筛选后数据行数: 92
对分钟 2025-08-13 14:50:00 拟合SABR参数，共 4 个到期日
  到期日 2025-08-15: RMSE=0.039902, MAPE=0.087754, 样本数=24
    参数: alpha=4.1309, rho=0.0626, volvar=24.2017
  到期日 2025-09-19: RMSE=0.013394, MAPE=0.046804, 样本数=32
    参数: alpha=9.1162, rho=0.2346, volvar=3.4381
  到期日 2025-10-17: RMSE=0.001961, MAPE=0.008999, 样本数=21
    参数: alpha=10.3811, rho=0.3435, volvar=1.8555
  到期日 2025-12-19: RMSE=0.001732, MAPE=0.006686, 样本数=15
    参数: alpha=11.2699, rho=0.3187, volvar=1.3328

✅ SABR参数拟合完成!
   分钟: 2025-08-13 14:50:00
   到期日数量: 4
   参数文件: ./results_forecasting/sabr_forecast_all/hushen300_minute_forecast_clear/sabr_params_2025-08-13_14_50_00.pkl
   平均RMSE: 0.014247
   平均MAPE: 0.037561

==========================================
SABR参数拟合结束时间: 2025-10-18 11:16:43
==========================================
