==========================================
SABR参数拟合开始时间: 2025-10-18 11:30:22
分钟: 2025-08-29 09:30:00 | 划分: forecast
标记列: train_flag_inter
==========================================
加载数据: ../data/hushen300_minute/hushen300_minute.csv
筛选分钟: 2025-08-29 09:30:00
筛选后数据行数: 146
按照 train_flag_inter=1 筛选后数据行数: 146
对分钟 2025-08-29 09:30:00 拟合SABR参数，共 6 个到期日
  到期日 2025-09-19: RMSE=0.025550, MAPE=0.063734, 样本数=38
    参数: alpha=13.5302, rho=0.5119, volvar=4.8911
  到期日 2025-10-17: RMSE=0.007184, MAPE=0.021960, 样本数=28
    参数: alpha=14.8643, rho=0.4523, volvar=2.3496
  到期日 2025-11-21: RMSE=0.010947, MAPE=0.032613, 样本数=25
    参数: alpha=14.5151, rho=0.5448, volvar=1.6998
  到期日 2025-12-19: RMSE=0.019234, MAPE=0.073202, 样本数=19
    参数: alpha=138.1401, rho=0.9429, volvar=15.5515
  到期日 2026-03-20: RMSE=0.022671, MAPE=0.087432, 样本数=19
    参数: alpha=117.8379, rho=0.9407, volvar=12.3505
  到期日 2026-06-19: RMSE=0.004718, MAPE=0.016198, 样本数=17
    参数: alpha=13.4359, rho=0.4220, volvar=1.1085

✅ SABR参数拟合完成!
   分钟: 2025-08-29 09:30:00
   到期日数量: 6
   参数文件: ./results_forecasting/sabr_forecast_all/hushen300_minute_forecast_clear/sabr_params_2025-08-29_09_30_00.pkl
   平均RMSE: 0.015051
   平均MAPE: 0.049190

==========================================
SABR参数拟合结束时间: 2025-10-18 11:30:42
==========================================
