==========================================
SABR参数拟合开始时间: 2025-10-18 11:18:36
分钟: 2025-08-18 10:30:00 | 划分: forecast
标记列: train_flag_inter
==========================================
加载数据: ../data/hushen300_minute/hushen300_minute.csv
筛选分钟: 2025-08-18 10:30:00
筛选后数据行数: 87
按照 train_flag_inter=1 筛选后数据行数: 87
对分钟 2025-08-18 10:30:00 拟合SABR参数，共 4 个到期日
  到期日 2025-09-19: RMSE=0.019235, MAPE=0.062285, 样本数=33
    参数: alpha=10.7472, rho=0.3893, volvar=3.7935
  到期日 2025-10-17: RMSE=0.002370, MAPE=0.008127, 样本数=22
    参数: alpha=11.8061, rho=0.3727, volvar=2.1813
  到期日 2025-12-19: RMSE=0.015779, MAPE=0.064943, 样本数=16
    参数: alpha=13.7547, rho=0.8802, volvar=0.0864
  到期日 2026-03-20: RMSE=0.001453, MAPE=0.005702, 样本数=16
    参数: alpha=12.2761, rho=0.4095, volvar=1.1933

✅ SABR参数拟合完成!
   分钟: 2025-08-18 10:30:00
   到期日数量: 4
   参数文件: ./results_forecasting/sabr_forecast_all/hushen300_minute_forecast_clear/sabr_params_2025-08-18_10_30_00.pkl
   平均RMSE: 0.009709
   平均MAPE: 0.035264

==========================================
SABR参数拟合结束时间: 2025-10-18 11:18:44
==========================================
