==========================================
SABR参数拟合开始时间: 2025-10-18 11:15:46
分钟: 2025-08-13 11:20:00 | 划分: forecast
标记列: train_flag_inter
==========================================
加载数据: ../data/hushen300_minute/hushen300_minute.csv
筛选分钟: 2025-08-13 11:20:00
筛选后数据行数: 92
按照 train_flag_inter=1 筛选后数据行数: 92
对分钟 2025-08-13 11:20:00 拟合SABR参数，共 4 个到期日
  到期日 2025-08-15: RMSE=0.040476, MAPE=0.091555, 样本数=24
    参数: alpha=5.2888, rho=0.1252, volvar=21.7986
  到期日 2025-09-19: RMSE=0.015804, MAPE=0.058786, 样本数=32
    参数: alpha=8.4941, rho=0.2553, volvar=3.5278
  到期日 2025-10-17: RMSE=0.004436, MAPE=0.020877, 样本数=21
    参数: alpha=9.8453, rho=0.2653, volvar=1.9694
  到期日 2026-03-20: RMSE=0.003082, MAPE=0.012727, 样本数=15
    参数: alpha=11.2034, rho=0.2941, volvar=1.1203

✅ SABR参数拟合完成!
   分钟: 2025-08-13 11:20:00
   到期日数量: 4
   参数文件: ./results_forecasting/sabr_forecast_all/hushen300_minute_forecast_clear/sabr_params_2025-08-13_11_20_00.pkl
   平均RMSE: 0.015950
   平均MAPE: 0.045986

==========================================
SABR参数拟合结束时间: 2025-10-18 11:15:53
==========================================
