==========================================
SABR参数拟合开始时间: 2025-10-18 11:18:13
分钟: 2025-08-18 09:30:00 | 划分: forecast
标记列: train_flag_inter
==========================================
加载数据: ../data/hushen300_minute/hushen300_minute.csv
筛选分钟: 2025-08-18 09:30:00
筛选后数据行数: 120
按照 train_flag_inter=1 筛选后数据行数: 120
对分钟 2025-08-18 09:30:00 拟合SABR参数，共 6 个到期日
  到期日 2025-09-19: RMSE=0.016143, MAPE=0.052608, 样本数=33
    参数: alpha=11.0827, rho=0.3523, volvar=3.7424
  到期日 2025-10-17: RMSE=0.008644, MAPE=0.023773, 样本数=22
    参数: alpha=11.3706, rho=0.3711, volvar=2.3257
  到期日 2025-11-21: RMSE=0.010772, MAPE=0.041348, 样本数=19
    参数: alpha=12.1829, rho=0.2098, volvar=0.7635
  到期日 2025-12-19: RMSE=0.004709, MAPE=0.016239, 样本数=16
    参数: alpha=12.1648, rho=0.4149, volvar=1.4233
  到期日 2026-03-20: RMSE=0.004095, MAPE=0.016560, 样本数=16
    参数: alpha=12.2602, rho=0.3444, volvar=1.0063
  到期日 2026-06-19: RMSE=0.003446, MAPE=0.014439, 样本数=14
    参数: alpha=11.5139, rho=0.3681, volvar=1.2436

✅ SABR参数拟合完成!
   分钟: 2025-08-18 09:30:00
   到期日数量: 6
   参数文件: ./results_forecasting/sabr_forecast_all/hushen300_minute_forecast_clear/sabr_params_2025-08-18_09_30_00.pkl
   平均RMSE: 0.007968
   平均MAPE: 0.027494

==========================================
SABR参数拟合结束时间: 2025-10-18 11:18:24
==========================================
