==========================================
SABR参数拟合开始时间: 2025-10-18 11:21:27
分钟: 2025-08-20 13:30:00 | 划分: forecast
标记列: train_flag_inter
==========================================
加载数据: ../data/hushen300_minute/hushen300_minute.csv
筛选分钟: 2025-08-20 13:30:00
筛选后数据行数: 108
按照 train_flag_inter=1 筛选后数据行数: 108
对分钟 2025-08-20 13:30:00 拟合SABR参数，共 5 个到期日
  到期日 2025-09-19: RMSE=0.019490, MAPE=0.064964, 样本数=33
    参数: alpha=9.4193, rho=0.2769, volvar=3.8804
  到期日 2025-10-17: RMSE=0.002919, MAPE=0.012196, 样本数=23
    参数: alpha=10.9640, rho=0.2657, volvar=2.3194
  到期日 2025-11-21: RMSE=0.005290, MAPE=0.021267, 样本数=20
    参数: alpha=11.6568, rho=0.3530, volvar=1.6671
  到期日 2025-12-19: RMSE=0.002287, MAPE=0.008823, 样本数=16
    参数: alpha=12.0081, rho=0.3856, volvar=1.4088
  到期日 2026-03-20: RMSE=0.002637, MAPE=0.010174, 样本数=16
    参数: alpha=11.8519, rho=0.2645, volvar=1.1584

✅ SABR参数拟合完成!
   分钟: 2025-08-20 13:30:00
   到期日数量: 5
   参数文件: ./results_forecasting/sabr_forecast_all/hushen300_minute_forecast_clear/sabr_params_2025-08-20_13_30_00.pkl
   平均RMSE: 0.006525
   平均MAPE: 0.023485

==========================================
SABR参数拟合结束时间: 2025-10-18 11:21:37
==========================================
