==========================================
SABR参数拟合开始时间: 2025-10-18 11:09:51
分钟: 2025-08-04 10:30:00 | 划分: forecast
标记列: train_flag_inter
==========================================
加载数据: ../data/hushen300_minute/hushen300_minute.csv
筛选分钟: 2025-08-04 10:30:00
筛选后数据行数: 120
按照 train_flag_inter=1 筛选后数据行数: 120
对分钟 2025-08-04 10:30:00 拟合SABR参数，共 6 个到期日
  到期日 2025-08-15: RMSE=0.010778, MAPE=0.042769, 样本数=24
    参数: alpha=7.7734, rho=-0.0304, volvar=6.1318
  到期日 2025-09-19: RMSE=0.010738, MAPE=0.039825, 样本数=32
    参数: alpha=8.7429, rho=0.0503, volvar=2.8361
  到期日 2025-10-17: RMSE=0.002973, MAPE=0.013847, 样本数=21
    参数: alpha=9.6776, rho=0.1813, volvar=1.8107
  到期日 2025-12-19: RMSE=0.001382, MAPE=0.005732, 样本数=15
    参数: alpha=10.2888, rho=0.1987, volvar=1.3048
  到期日 2026-03-20: RMSE=0.001441, MAPE=0.005654, 样本数=15
    参数: alpha=10.5320, rho=0.1387, volvar=1.0479
  到期日 2026-06-19: RMSE=0.002592, MAPE=0.010102, 样本数=13
    参数: alpha=10.6469, rho=0.1206, volvar=0.9630

✅ SABR参数拟合完成!
   分钟: 2025-08-04 10:30:00
   到期日数量: 6
   参数文件: ./results_forecasting/sabr_forecast_all/hushen300_minute_forecast_clear/sabr_params_2025-08-04_10_30_00.pkl
   平均RMSE: 0.004984
   平均MAPE: 0.019655

==========================================
SABR参数拟合结束时间: 2025-10-18 11:09:59
==========================================
