==========================================
SABR参数拟合开始时间: 2025-10-18 11:11:11
分钟: 2025-08-06 10:00:00 | 划分: forecast
标记列: train_flag_inter
==========================================
加载数据: ../data/hushen300_minute/hushen300_minute.csv
筛选分钟: 2025-08-06 10:00:00
筛选后数据行数: 105
按照 train_flag_inter=1 筛选后数据行数: 105
对分钟 2025-08-06 10:00:00 拟合SABR参数，共 5 个到期日
  到期日 2025-08-15: RMSE=0.013961, MAPE=0.053099, 样本数=24
    参数: alpha=6.4487, rho=0.0001, volvar=7.4970
  到期日 2025-09-19: RMSE=0.009145, MAPE=0.036389, 样本数=32
    参数: alpha=8.5168, rho=0.0923, volvar=2.9292
  到期日 2025-10-17: RMSE=0.002149, MAPE=0.010209, 样本数=21
    参数: alpha=9.4082, rho=0.1549, volvar=2.0054
  到期日 2025-12-19: RMSE=0.002447, MAPE=0.009700, 样本数=15
    参数: alpha=10.5318, rho=0.1856, volvar=1.2086
  到期日 2026-06-19: RMSE=0.007039, MAPE=0.030948, 样本数=13
    参数: alpha=10.8908, rho=0.0094, volvar=0.8515

✅ SABR参数拟合完成!
   分钟: 2025-08-06 10:00:00
   到期日数量: 5
   参数文件: ./results_forecasting/sabr_forecast_all/hushen300_minute_forecast_clear/sabr_params_2025-08-06_10_00_00.pkl
   平均RMSE: 0.006948
   平均MAPE: 0.028069

==========================================
SABR参数拟合结束时间: 2025-10-18 11:11:20
==========================================
