==========================================
SABR参数拟合开始时间: 2025-10-18 11:25:38
分钟: 2025-08-25 11:20:00 | 划分: forecast
标记列: train_flag_inter
==========================================
加载数据: ../data/hushen300_minute/hushen300_minute.csv
筛选分钟: 2025-08-25 11:20:00
筛选后数据行数: 137
按照 train_flag_inter=1 筛选后数据行数: 137
对分钟 2025-08-25 11:20:00 拟合SABR参数，共 6 个到期日
  到期日 2025-09-19: RMSE=0.019387, MAPE=0.053381, 样本数=36
    参数: alpha=13.1462, rho=0.4471, volvar=4.4021
  到期日 2025-10-17: RMSE=0.001688, MAPE=0.005739, 样本数=26
    参数: alpha=13.7847, rho=0.3766, volvar=2.3440
  到期日 2025-11-21: RMSE=0.004310, MAPE=0.014881, 样本数=23
    参数: alpha=14.6818, rho=0.5003, volvar=1.5664
  到期日 2025-12-19: RMSE=0.003538, MAPE=0.012392, 样本数=18
    参数: alpha=14.2864, rho=0.4586, volvar=1.5438
  到期日 2026-03-20: RMSE=0.020116, MAPE=0.077420, 样本数=18
    参数: alpha=120.3546, rho=0.9496, volvar=11.7989
  到期日 2026-06-19: RMSE=0.050197, MAPE=0.194645, 样本数=16
    参数: alpha=49.3710, rho=0.8615, volvar=15.0447

✅ SABR参数拟合完成!
   分钟: 2025-08-25 11:20:00
   到期日数量: 6
   参数文件: ./results_forecasting/sabr_forecast_all/hushen300_minute_forecast_clear/sabr_params_2025-08-25_11_20_00.pkl
   平均RMSE: 0.016539
   平均MAPE: 0.059743

==========================================
SABR参数拟合结束时间: 2025-10-18 11:25:56
==========================================
