==========================================
SABR参数拟合开始时间: 2025-10-18 11:20:22
分钟: 2025-08-20 09:30:00 | 划分: forecast
标记列: train_flag_inter
==========================================
加载数据: ../data/hushen300_minute/hushen300_minute.csv
筛选分钟: 2025-08-20 09:30:00
筛选后数据行数: 122
按照 train_flag_inter=1 筛选后数据行数: 122
对分钟 2025-08-20 09:30:00 拟合SABR参数，共 6 个到期日
  到期日 2025-09-19: RMSE=0.018870, MAPE=0.058578, 样本数=33
    参数: alpha=10.4748, rho=0.2830, volvar=3.6429
  到期日 2025-10-17: RMSE=0.001790, MAPE=0.006827, 样本数=23
    参数: alpha=11.5845, rho=0.3059, volvar=2.3928
  到期日 2025-11-21: RMSE=0.003507, MAPE=0.013150, 样本数=20
    参数: alpha=12.0481, rho=0.3701, volvar=1.5747
  到期日 2025-12-19: RMSE=0.003834, MAPE=0.012758, 样本数=16
    参数: alpha=12.2987, rho=0.3465, volvar=1.3641
  到期日 2026-03-20: RMSE=0.012590, MAPE=0.053671, 样本数=16
    参数: alpha=13.3955, rho=0.6553, volvar=0.1167
  到期日 2026-06-19: RMSE=0.001998, MAPE=0.007015, 样本数=14
    参数: alpha=11.7419, rho=0.3183, volvar=1.1630

✅ SABR参数拟合完成!
   分钟: 2025-08-20 09:30:00
   到期日数量: 6
   参数文件: ./results_forecasting/sabr_forecast_all/hushen300_minute_forecast_clear/sabr_params_2025-08-20_09_30_00.pkl
   平均RMSE: 0.007098
   平均MAPE: 0.025333

==========================================
SABR参数拟合结束时间: 2025-10-18 11:20:33
==========================================
