==========================================
SABR参数拟合开始时间: 2025-10-18 11:10:07
分钟: 2025-08-04 11:20:00 | 划分: forecast
标记列: train_flag_inter
==========================================
加载数据: ../data/hushen300_minute/hushen300_minute.csv
筛选分钟: 2025-08-04 11:20:00
筛选后数据行数: 105
按照 train_flag_inter=1 筛选后数据行数: 105
对分钟 2025-08-04 11:20:00 拟合SABR参数，共 5 个到期日
  到期日 2025-08-15: RMSE=0.010904, MAPE=0.042210, 样本数=24
    参数: alpha=7.6539, rho=-0.0243, volvar=6.1407
  到期日 2025-09-19: RMSE=0.010165, MAPE=0.038899, 样本数=32
    参数: alpha=8.7029, rho=0.0439, volvar=2.7687
  到期日 2025-10-17: RMSE=0.009856, MAPE=0.046054, 样本数=21
    参数: alpha=9.6812, rho=0.0394, volvar=1.7876
  到期日 2026-03-20: RMSE=0.001968, MAPE=0.008743, 样本数=15
    参数: alpha=10.4577, rho=0.1239, volvar=1.0538
  到期日 2026-06-19: RMSE=0.003075, MAPE=0.011985, 样本数=13
    参数: alpha=10.6480, rho=0.1405, volvar=0.9531

✅ SABR参数拟合完成!
   分钟: 2025-08-04 11:20:00
   到期日数量: 5
   参数文件: ./results_forecasting/sabr_forecast_all/hushen300_minute_forecast_clear/sabr_params_2025-08-04_11_20_00.pkl
   平均RMSE: 0.007194
   平均MAPE: 0.029578

==========================================
SABR参数拟合结束时间: 2025-10-18 11:10:14
==========================================
