==========================================
SABR参数拟合开始时间: 2025-10-18 11:30:05
分钟: 2025-08-27 14:50:00 | 划分: forecast
标记列: train_flag_inter
==========================================
加载数据: ../data/hushen300_minute/hushen300_minute.csv
筛选分钟: 2025-08-27 14:50:00
筛选后数据行数: 146
按照 train_flag_inter=1 筛选后数据行数: 146
对分钟 2025-08-27 14:50:00 拟合SABR参数，共 6 个到期日
  到期日 2025-09-19: RMSE=0.025616, MAPE=0.074742, 样本数=38
    参数: alpha=12.9534, rho=0.2990, volvar=3.9893
  到期日 2025-10-17: RMSE=0.002472, MAPE=0.007994, 样本数=28
    参数: alpha=14.0848, rho=0.2662, volvar=1.8519
  到期日 2025-11-21: RMSE=0.010864, MAPE=0.034653, 样本数=25
    参数: alpha=14.7908, rho=0.4533, volvar=0.7646
  到期日 2025-12-19: RMSE=0.019999, MAPE=0.078096, 样本数=19
    参数: alpha=135.5961, rho=0.9359, volvar=16.0271
  到期日 2026-03-20: RMSE=0.003731, MAPE=0.013845, 样本数=19
    参数: alpha=13.5575, rho=0.3396, volvar=1.0461
  到期日 2026-06-19: RMSE=0.004180, MAPE=0.014430, 样本数=17
    参数: alpha=12.9648, rho=0.3675, volvar=1.0815

✅ SABR参数拟合完成!
   分钟: 2025-08-27 14:50:00
   到期日数量: 6
   参数文件: ./results_forecasting/sabr_forecast_all/hushen300_minute_forecast_clear/sabr_params_2025-08-27_14_50_00.pkl
   平均RMSE: 0.011144
   平均MAPE: 0.037293

==========================================
SABR参数拟合结束时间: 2025-10-18 11:30:22
==========================================
