==========================================
SABR参数拟合开始时间: 2025-10-18 11:14:14
分钟: 2025-08-11 11:00:00 | 划分: forecast
标记列: train_flag_inter
==========================================
加载数据: ../data/hushen300_minute/hushen300_minute.csv
筛选分钟: 2025-08-11 11:00:00
筛选后数据行数: 120
按照 train_flag_inter=1 筛选后数据行数: 120
对分钟 2025-08-11 11:00:00 拟合SABR参数，共 6 个到期日
  到期日 2025-08-15: RMSE=0.017978, MAPE=0.046879, 样本数=24
    参数: alpha=7.0898, rho=0.0115, volvar=12.0503
  到期日 2025-09-19: RMSE=0.010098, MAPE=0.040318, 样本数=32
    参数: alpha=8.1637, rho=0.1223, volvar=3.2985
  到期日 2025-10-17: RMSE=0.003362, MAPE=0.015619, 样本数=21
    参数: alpha=9.6381, rho=0.3043, volvar=1.8873
  到期日 2025-12-19: RMSE=0.001602, MAPE=0.006826, 样本数=15
    参数: alpha=11.0745, rho=0.2329, volvar=1.1436
  到期日 2026-03-20: RMSE=0.008632, MAPE=0.038038, 样本数=15
    参数: alpha=12.0436, rho=-0.4102, volvar=0.0001
  到期日 2026-06-19: RMSE=0.002332, MAPE=0.010565, 样本数=13
    参数: alpha=11.1237, rho=0.2145, volvar=0.9413

✅ SABR参数拟合完成!
   分钟: 2025-08-11 11:00:00
   到期日数量: 6
   参数文件: ./results_forecasting/sabr_forecast_all/hushen300_minute_forecast_clear/sabr_params_2025-08-11_11_00_00.pkl
   平均RMSE: 0.007334
   平均MAPE: 0.026374

==========================================
SABR参数拟合结束时间: 2025-10-18 11:14:23
==========================================
