==========================================
SABR参数拟合开始时间: 2025-10-18 11:21:37
分钟: 2025-08-20 14:00:00 | 划分: forecast
标记列: train_flag_inter
==========================================
/home/douxueli/IV/IV_code_2.0.8/sabr/sabr.py:50: RuntimeWarning: invalid value encountered in log
  return np.log(a/b)
加载数据: ../data/hushen300_minute/hushen300_minute.csv
筛选分钟: 2025-08-20 14:00:00
筛选后数据行数: 108
按照 train_flag_inter=1 筛选后数据行数: 108
对分钟 2025-08-20 14:00:00 拟合SABR参数，共 5 个到期日
  到期日 2025-09-19: RMSE=0.019738, MAPE=0.066695, 样本数=33
    参数: alpha=9.6870, rho=0.3168, volvar=3.9372
  到期日 2025-10-17: RMSE=0.003773, MAPE=0.015514, 样本数=23
    参数: alpha=10.9645, rho=0.3202, volvar=2.4213
  到期日 2025-11-21: RMSE=0.002377, MAPE=0.009370, 样本数=20
    参数: alpha=11.7888, rho=0.3700, volvar=1.6759
  到期日 2025-12-19: RMSE=0.002490, MAPE=0.009892, 样本数=16
    参数: alpha=12.0317, rho=0.4202, volvar=1.5283
  到期日 2026-03-20: RMSE=0.001599, MAPE=0.006524, 样本数=16
    参数: alpha=12.0651, rho=0.2967, volvar=1.1661

✅ SABR参数拟合完成!
   分钟: 2025-08-20 14:00:00
   到期日数量: 5
   参数文件: ./results_forecasting/sabr_forecast_all/hushen300_minute_forecast_clear/sabr_params_2025-08-20_14_00_00.pkl
   平均RMSE: 0.005995
   平均MAPE: 0.021599

==========================================
SABR参数拟合结束时间: 2025-10-18 11:21:48
==========================================
