==========================================
SABR参数拟合开始时间: 2025-10-18 11:25:01
分钟: 2025-08-25 10:30:00 | 划分: forecast
标记列: train_flag_inter
==========================================
加载数据: ../data/hushen300_minute/hushen300_minute.csv
筛选分钟: 2025-08-25 10:30:00
筛选后数据行数: 119
按照 train_flag_inter=1 筛选后数据行数: 119
对分钟 2025-08-25 10:30:00 拟合SABR参数，共 5 个到期日
  到期日 2025-09-19: RMSE=0.018701, MAPE=0.054606, 样本数=36
    参数: alpha=13.0656, rho=0.5078, volvar=4.6087
  到期日 2025-10-17: RMSE=0.002508, MAPE=0.007680, 样本数=26
    参数: alpha=13.8985, rho=0.4047, volvar=2.3553
  到期日 2025-11-21: RMSE=0.003497, MAPE=0.012833, 样本数=23
    参数: alpha=14.7266, rho=0.5209, volvar=1.4885
  到期日 2025-12-19: RMSE=0.020457, MAPE=0.076162, 样本数=18
    参数: alpha=135.7668, rho=0.9322, volvar=16.2530
  到期日 2026-06-19: RMSE=0.014369, MAPE=0.057806, 样本数=16
    参数: alpha=95.2792, rho=0.9210, volvar=11.3517

✅ SABR参数拟合完成!
   分钟: 2025-08-25 10:30:00
   到期日数量: 5
   参数文件: ./results_forecasting/sabr_forecast_all/hushen300_minute_forecast_clear/sabr_params_2025-08-25_10_30_00.pkl
   平均RMSE: 0.011906
   平均MAPE: 0.041817

==========================================
SABR参数拟合结束时间: 2025-10-18 11:25:19
==========================================
