==========================================
SABR参数拟合开始时间: 2025-10-18 11:15:06
分钟: 2025-08-11 14:50:00 | 划分: forecast
标记列: train_flag_inter
==========================================
加载数据: ../data/hushen300_minute/hushen300_minute.csv
筛选分钟: 2025-08-11 14:50:00
筛选后数据行数: 92
按照 train_flag_inter=1 筛选后数据行数: 92
对分钟 2025-08-11 14:50:00 拟合SABR参数，共 4 个到期日
  到期日 2025-08-15: RMSE=0.020723, MAPE=0.056788, 样本数=24
    参数: alpha=6.4835, rho=0.0194, volvar=12.9799
  到期日 2025-09-19: RMSE=0.011611, MAPE=0.045731, 样本数=32
    参数: alpha=8.0433, rho=0.1192, volvar=3.2923
  到期日 2025-10-17: RMSE=0.002807, MAPE=0.012456, 样本数=21
    参数: alpha=9.3261, rho=0.3106, volvar=2.1049
  到期日 2025-12-19: RMSE=0.002480, MAPE=0.011419, 样本数=15
    参数: alpha=10.9746, rho=0.2176, volvar=1.1526

✅ SABR参数拟合完成!
   分钟: 2025-08-11 14:50:00
   到期日数量: 4
   参数文件: ./results_forecasting/sabr_forecast_all/hushen300_minute_forecast_clear/sabr_params_2025-08-11_14_50_00.pkl
   平均RMSE: 0.009405
   平均MAPE: 0.031599

==========================================
SABR参数拟合结束时间: 2025-10-18 11:15:12
==========================================
