==========================================
SABR参数拟合开始时间: 2025-10-18 11:17:44
分钟: 2025-08-15 14:00:00 | 划分: forecast
标记列: train_flag_inter
==========================================
加载数据: ../data/hushen300_minute/hushen300_minute.csv
筛选分钟: 2025-08-15 14:00:00
筛选后数据行数: 96
按照 train_flag_inter=1 筛选后数据行数: 96
对分钟 2025-08-15 14:00:00 拟合SABR参数，共 5 个到期日
  到期日 2025-09-19: RMSE=0.014234, MAPE=0.049035, 样本数=32
    参数: alpha=10.1072, rho=0.2611, volvar=3.4227
  到期日 2025-10-17: RMSE=0.004902, MAPE=0.016665, 样本数=21
    参数: alpha=11.1391, rho=0.3140, volvar=2.0931
  到期日 2025-12-19: RMSE=0.001646, MAPE=0.005678, 样本数=15
    参数: alpha=11.8912, rho=0.3623, volvar=1.3901
  到期日 2026-03-20: RMSE=0.001138, MAPE=0.004026, 样本数=15
    参数: alpha=12.1225, rho=0.3706, volvar=1.0235
  到期日 2026-06-19: RMSE=0.002499, MAPE=0.011362, 样本数=13
    参数: alpha=11.4870, rho=0.3917, volvar=1.2450

✅ SABR参数拟合完成!
   分钟: 2025-08-15 14:00:00
   到期日数量: 5
   参数文件: ./results_forecasting/sabr_forecast_all/hushen300_minute_forecast_clear/sabr_params_2025-08-15_14_00_00.pkl
   平均RMSE: 0.004884
   平均MAPE: 0.017353

==========================================
SABR参数拟合结束时间: 2025-10-18 11:17:54
==========================================
