==========================================
SABR参数拟合开始时间: 2025-10-18 11:17:33
分钟: 2025-08-15 13:30:00 | 划分: forecast
标记列: train_flag_inter
==========================================
加载数据: ../data/hushen300_minute/hushen300_minute.csv
筛选分钟: 2025-08-15 13:30:00
筛选后数据行数: 96
按照 train_flag_inter=1 筛选后数据行数: 96
对分钟 2025-08-15 13:30:00 拟合SABR参数，共 5 个到期日
  到期日 2025-09-19: RMSE=0.014353, MAPE=0.045777, 样本数=32
    参数: alpha=10.0238, rho=0.3090, volvar=3.5875
  到期日 2025-10-17: RMSE=0.005893, MAPE=0.023860, 样本数=21
    参数: alpha=11.1224, rho=0.3307, volvar=2.1222
  到期日 2025-12-19: RMSE=0.001955, MAPE=0.007673, 样本数=15
    参数: alpha=11.8981, rho=0.3929, volvar=1.4502
  到期日 2026-03-20: RMSE=0.001392, MAPE=0.006111, 样本数=15
    参数: alpha=12.0281, rho=0.3667, volvar=1.0462
  到期日 2026-06-19: RMSE=0.003635, MAPE=0.011001, 样本数=13
    参数: alpha=11.0008, rho=0.3607, volvar=1.3104

✅ SABR参数拟合完成!
   分钟: 2025-08-15 13:30:00
   到期日数量: 5
   参数文件: ./results_forecasting/sabr_forecast_all/hushen300_minute_forecast_clear/sabr_params_2025-08-15_13_30_00.pkl
   平均RMSE: 0.005446
   平均MAPE: 0.018884

==========================================
SABR参数拟合结束时间: 2025-10-18 11:17:44
==========================================
