==========================================
SABR参数拟合开始时间: 2025-10-18 11:23:02
分钟: 2025-08-22 11:20:00 | 划分: forecast
标记列: train_flag_inter
==========================================
加载数据: ../data/hushen300_minute/hushen300_minute.csv
筛选分钟: 2025-08-22 11:20:00
筛选后数据行数: 113
按照 train_flag_inter=1 筛选后数据行数: 113
对分钟 2025-08-22 11:20:00 拟合SABR参数，共 5 个到期日
  到期日 2025-09-19: RMSE=0.015408, MAPE=0.050400, 样本数=34
    参数: alpha=9.9484, rho=0.3194, volvar=4.0994
  到期日 2025-10-17: RMSE=0.002320, MAPE=0.009206, 样本数=24
    参数: alpha=11.5884, rho=0.2827, volvar=2.2306
  到期日 2025-11-21: RMSE=0.005238, MAPE=0.020987, 样本数=21
    参数: alpha=12.1520, rho=0.2789, volvar=1.6588
  到期日 2025-12-19: RMSE=0.003959, MAPE=0.014209, 样本数=17
    参数: alpha=12.2868, rho=0.3973, volvar=1.6146
  到期日 2026-03-20: RMSE=0.001984, MAPE=0.007387, 样本数=17
    参数: alpha=12.9789, rho=0.3788, volvar=1.1030

✅ SABR参数拟合完成!
   分钟: 2025-08-22 11:20:00
   到期日数量: 5
   参数文件: ./results_forecasting/sabr_forecast_all/hushen300_minute_forecast_clear/sabr_params_2025-08-22_11_20_00.pkl
   平均RMSE: 0.005782
   平均MAPE: 0.020438

==========================================
SABR参数拟合结束时间: 2025-10-18 11:23:13
==========================================
