==========================================
SABR参数拟合开始时间: 2025-10-18 11:13:38
分钟: 2025-08-08 14:50:00 | 划分: forecast
标记列: train_flag_inter
==========================================
加载数据: ../data/hushen300_minute/hushen300_minute.csv
筛选分钟: 2025-08-08 14:50:00
筛选后数据行数: 99
按照 train_flag_inter=1 筛选后数据行数: 99
对分钟 2025-08-08 14:50:00 拟合SABR参数，共 5 个到期日
  到期日 2025-08-15: RMSE=0.013195, MAPE=0.050900, 样本数=24
    参数: alpha=5.9870, rho=-0.0949, volvar=8.6269
  到期日 2025-09-19: RMSE=0.010531, MAPE=0.039765, 样本数=32
    参数: alpha=8.0877, rho=0.0487, volvar=3.1083
  到期日 2025-12-19: RMSE=0.011432, MAPE=0.052087, 样本数=15
    参数: alpha=11.9678, rho=-0.2845, volvar=0.0001
  到期日 2026-03-20: RMSE=0.001296, MAPE=0.005536, 样本数=15
    参数: alpha=11.2113, rho=0.2212, volvar=0.9168
  到期日 2026-06-19: RMSE=0.007824, MAPE=0.033322, 样本数=13
    参数: alpha=11.3909, rho=-0.0790, volvar=0.7327

✅ SABR参数拟合完成!
   分钟: 2025-08-08 14:50:00
   到期日数量: 5
   参数文件: ./results_forecasting/sabr_forecast_all/hushen300_minute_forecast_clear/sabr_params_2025-08-08_14_50_00.pkl
   平均RMSE: 0.008856
   平均MAPE: 0.036322

==========================================
SABR参数拟合结束时间: 2025-10-18 11:13:45
==========================================
