==========================================
SABR参数拟合开始时间: 2025-10-18 11:15:27
分钟: 2025-08-13 10:30:00 | 划分: forecast
标记列: train_flag_inter
==========================================
加载数据: ../data/hushen300_minute/hushen300_minute.csv
筛选分钟: 2025-08-13 10:30:00
筛选后数据行数: 120
按照 train_flag_inter=1 筛选后数据行数: 120
对分钟 2025-08-13 10:30:00 拟合SABR参数，共 6 个到期日
  到期日 2025-08-15: RMSE=0.028933, MAPE=0.059611, 样本数=24
    参数: alpha=5.9637, rho=0.0543, volvar=20.6309
  到期日 2025-09-19: RMSE=0.014726, MAPE=0.057216, 样本数=32
    参数: alpha=8.1279, rho=0.1843, volvar=3.4404
  到期日 2025-10-17: RMSE=0.004585, MAPE=0.022349, 样本数=21
    参数: alpha=9.4460, rho=0.3445, volvar=2.1074
  到期日 2025-12-19: RMSE=0.002017, MAPE=0.008151, 样本数=15
    参数: alpha=10.8848, rho=0.2581, volvar=1.2827
  到期日 2026-03-20: RMSE=0.010430, MAPE=0.045113, 样本数=15
    参数: alpha=12.2086, rho=0.4189, volvar=0.0382
  到期日 2026-06-19: RMSE=0.002366, MAPE=0.010196, 样本数=13
    参数: alpha=11.2147, rho=0.2699, volvar=0.9216

✅ SABR参数拟合完成!
   分钟: 2025-08-13 10:30:00
   到期日数量: 6
   参数文件: ./results_forecasting/sabr_forecast_all/hushen300_minute_forecast_clear/sabr_params_2025-08-13_10_30_00.pkl
   平均RMSE: 0.010509
   平均MAPE: 0.033773

==========================================
SABR参数拟合结束时间: 2025-10-18 11:15:37
==========================================
