==========================================
SABR参数拟合开始时间: 2025-10-18 11:14:49
分钟: 2025-08-11 14:00:00 | 划分: forecast
标记列: train_flag_inter
==========================================
加载数据: ../data/hushen300_minute/hushen300_minute.csv
筛选分钟: 2025-08-11 14:00:00
筛选后数据行数: 107
按照 train_flag_inter=1 筛选后数据行数: 107
对分钟 2025-08-11 14:00:00 拟合SABR参数，共 5 个到期日
  到期日 2025-08-15: RMSE=0.020226, MAPE=0.054890, 样本数=24
    参数: alpha=6.7276, rho=0.0312, volvar=12.7485
  到期日 2025-09-19: RMSE=0.011613, MAPE=0.042902, 样本数=32
    参数: alpha=7.9875, rho=0.1383, volvar=3.3988
  到期日 2025-10-17: RMSE=0.003345, MAPE=0.015082, 样本数=21
    参数: alpha=9.5449, rho=0.2250, volvar=1.9245
  到期日 2025-12-19: RMSE=0.001708, MAPE=0.006905, 样本数=15
    参数: alpha=11.0272, rho=0.2247, volvar=1.1811
  到期日 2026-03-20: RMSE=0.001648, MAPE=0.006670, 样本数=15
    参数: alpha=11.1672, rho=0.1803, volvar=0.9648

✅ SABR参数拟合完成!
   分钟: 2025-08-11 14:00:00
   到期日数量: 5
   参数文件: ./results_forecasting/sabr_forecast_all/hushen300_minute_forecast_clear/sabr_params_2025-08-11_14_00_00.pkl
   平均RMSE: 0.007708
   平均MAPE: 0.025290

==========================================
SABR参数拟合结束时间: 2025-10-18 11:14:57
==========================================
