==========================================
SABR参数拟合开始时间: 2025-10-18 11:22:50
分钟: 2025-08-22 11:00:00 | 划分: forecast
标记列: train_flag_inter
==========================================
加载数据: ../data/hushen300_minute/hushen300_minute.csv
筛选分钟: 2025-08-22 11:00:00
筛选后数据行数: 113
按照 train_flag_inter=1 筛选后数据行数: 113
对分钟 2025-08-22 11:00:00 拟合SABR参数，共 5 个到期日
  到期日 2025-09-19: RMSE=0.016368, MAPE=0.053664, 样本数=34
    参数: alpha=10.3242, rho=0.3362, volvar=4.0666
  到期日 2025-10-17: RMSE=0.003222, MAPE=0.013184, 样本数=24
    参数: alpha=11.8807, rho=0.2804, volvar=2.1127
  到期日 2025-11-21: RMSE=0.008336, MAPE=0.034599, 样本数=21
    参数: alpha=13.0753, rho=0.1758, volvar=1.0726
  到期日 2025-12-19: RMSE=0.057664, MAPE=0.220137, 样本数=17
    参数: alpha=12.3416, rho=0.8852, volvar=4.6124
  到期日 2026-03-20: RMSE=0.002315, MAPE=0.008031, 样本数=17
    参数: alpha=13.0158, rho=0.3580, volvar=1.0528

✅ SABR参数拟合完成!
   分钟: 2025-08-22 11:00:00
   到期日数量: 5
   参数文件: ./results_forecasting/sabr_forecast_all/hushen300_minute_forecast_clear/sabr_params_2025-08-22_11_00_00.pkl
   平均RMSE: 0.017581
   平均MAPE: 0.065923

==========================================
SABR参数拟合结束时间: 2025-10-18 11:23:02
==========================================
