==========================================
SABR参数拟合开始时间: 2025-10-18 11:28:38
分钟: 2025-08-27 11:20:00 | 划分: forecast
标记列: train_flag_inter
==========================================
加载数据: ../data/hushen300_minute/hushen300_minute.csv
筛选分钟: 2025-08-27 11:20:00
筛选后数据行数: 146
按照 train_flag_inter=1 筛选后数据行数: 146
对分钟 2025-08-27 11:20:00 拟合SABR参数，共 6 个到期日
  到期日 2025-09-19: RMSE=0.022484, MAPE=0.065247, 样本数=38
    参数: alpha=12.6109, rho=0.4218, volvar=4.4365
  到期日 2025-10-17: RMSE=0.003950, MAPE=0.013639, 样本数=28
    参数: alpha=13.9529, rho=0.3364, volvar=2.3478
  到期日 2025-11-21: RMSE=0.004423, MAPE=0.015073, 样本数=25
    参数: alpha=14.6402, rho=0.5127, volvar=1.4186
  到期日 2025-12-19: RMSE=0.066179, MAPE=0.243167, 样本数=19
    参数: alpha=30.2765, rho=0.8638, volvar=17.9266
  到期日 2026-03-20: RMSE=0.070312, MAPE=0.263056, 样本数=19
    参数: alpha=27.4428, rho=0.8591, volvar=14.4403
  到期日 2026-06-19: RMSE=0.002579, MAPE=0.009371, 样本数=17
    参数: alpha=13.6892, rho=0.4753, volvar=0.9901

✅ SABR参数拟合完成!
   分钟: 2025-08-27 11:20:00
   到期日数量: 6
   参数文件: ./results_forecasting/sabr_forecast_all/hushen300_minute_forecast_clear/sabr_params_2025-08-27_11_20_00.pkl
   平均RMSE: 0.028321
   平均MAPE: 0.101592

==========================================
SABR参数拟合结束时间: 2025-10-18 11:28:54
==========================================
