==========================================
SABR参数拟合开始时间: 2025-10-18 11:11:57
分钟: 2025-08-06 14:00:00 | 划分: forecast
标记列: train_flag_inter
==========================================
加载数据: ../data/hushen300_minute/hushen300_minute.csv
筛选分钟: 2025-08-06 14:00:00
筛选后数据行数: 105
按照 train_flag_inter=1 筛选后数据行数: 105
对分钟 2025-08-06 14:00:00 拟合SABR参数，共 5 个到期日
  到期日 2025-08-15: RMSE=0.012560, MAPE=0.047551, 样本数=24
    参数: alpha=6.3541, rho=0.0209, volvar=7.7044
  到期日 2025-09-19: RMSE=0.010952, MAPE=0.039828, 样本数=32
    参数: alpha=8.5417, rho=0.1138, volvar=2.9854
  到期日 2025-10-17: RMSE=0.003355, MAPE=0.015082, 样本数=21
    参数: alpha=9.5273, rho=0.1960, volvar=1.9798
  到期日 2026-03-20: RMSE=0.003868, MAPE=0.015774, 样本数=15
    参数: alpha=11.1647, rho=0.0963, volvar=0.7863
  到期日 2026-06-19: RMSE=0.002466, MAPE=0.010450, 样本数=13
    参数: alpha=10.3780, rho=0.2385, volvar=1.1033

✅ SABR参数拟合完成!
   分钟: 2025-08-06 14:00:00
   到期日数量: 5
   参数文件: ./results_forecasting/sabr_forecast_all/hushen300_minute_forecast_clear/sabr_params_2025-08-06_14_00_00.pkl
   平均RMSE: 0.006640
   平均MAPE: 0.025737

==========================================
SABR参数拟合结束时间: 2025-10-18 11:12:05
==========================================
