==========================================
SABR参数拟合开始时间: 2025-10-18 11:13:20
分钟: 2025-08-08 14:00:00 | 划分: forecast
标记列: train_flag_inter
==========================================
加载数据: ../data/hushen300_minute/hushen300_minute.csv
筛选分钟: 2025-08-08 14:00:00
筛选后数据行数: 120
按照 train_flag_inter=1 筛选后数据行数: 120
对分钟 2025-08-08 14:00:00 拟合SABR参数，共 6 个到期日
  到期日 2025-08-15: RMSE=0.014804, MAPE=0.055736, 样本数=24
    参数: alpha=6.2834, rho=-0.0808, volvar=8.5814
  到期日 2025-09-19: RMSE=0.010975, MAPE=0.041920, 样本数=32
    参数: alpha=8.1183, rho=0.0559, volvar=3.1069
  到期日 2025-10-17: RMSE=0.002240, MAPE=0.009040, 样本数=21
    参数: alpha=9.7093, rho=0.1645, volvar=1.8750
  到期日 2025-12-19: RMSE=0.001079, MAPE=0.005024, 样本数=15
    参数: alpha=10.9056, rho=0.2248, volvar=1.1422
  到期日 2026-03-20: RMSE=0.001084, MAPE=0.004490, 样本数=15
    参数: alpha=11.1900, rho=0.2364, volvar=0.9370
  到期日 2026-06-19: RMSE=0.001610, MAPE=0.006955, 样本数=13
    参数: alpha=11.1715, rho=0.1976, volvar=0.8921

✅ SABR参数拟合完成!
   分钟: 2025-08-08 14:00:00
   到期日数量: 6
   参数文件: ./results_forecasting/sabr_forecast_all/hushen300_minute_forecast_clear/sabr_params_2025-08-08_14_00_00.pkl
   平均RMSE: 0.005299
   平均MAPE: 0.020528

==========================================
SABR参数拟合结束时间: 2025-10-18 11:13:29
==========================================
