==========================================
SABR参数拟合开始时间: 2025-10-18 11:10:23
分钟: 2025-08-04 13:30:00 | 划分: forecast
标记列: train_flag_inter
==========================================
加载数据: ../data/hushen300_minute/hushen300_minute.csv
筛选分钟: 2025-08-04 13:30:00
筛选后数据行数: 120
按照 train_flag_inter=1 筛选后数据行数: 120
对分钟 2025-08-04 13:30:00 拟合SABR参数，共 6 个到期日
  到期日 2025-08-15: RMSE=0.011150, MAPE=0.040445, 样本数=24
    参数: alpha=7.7726, rho=-0.0352, volvar=6.1230
  到期日 2025-09-19: RMSE=0.010406, MAPE=0.038614, 样本数=32
    参数: alpha=8.7402, rho=0.0378, volvar=2.7545
  到期日 2025-10-17: RMSE=0.010610, MAPE=0.048779, 样本数=21
    参数: alpha=9.6413, rho=-0.0178, volvar=1.8004
  到期日 2025-12-19: RMSE=0.001532, MAPE=0.006327, 样本数=15
    参数: alpha=10.2530, rho=0.1765, volvar=1.2751
  到期日 2026-03-20: RMSE=0.001348, MAPE=0.006444, 样本数=15
    参数: alpha=10.4372, rho=0.1316, volvar=1.0483
  到期日 2026-06-19: RMSE=0.001543, MAPE=0.006913, 样本数=13
    参数: alpha=10.5241, rho=0.0991, volvar=0.9695

✅ SABR参数拟合完成!
   分钟: 2025-08-04 13:30:00
   到期日数量: 6
   参数文件: ./results_forecasting/sabr_forecast_all/hushen300_minute_forecast_clear/sabr_params_2025-08-04_13_30_00.pkl
   平均RMSE: 0.006098
   平均MAPE: 0.024587

==========================================
SABR参数拟合结束时间: 2025-10-18 11:10:30
==========================================
