==========================================
SABR参数拟合开始时间: 2025-10-18 11:12:13
分钟: 2025-08-06 14:50:00 | 划分: forecast
标记列: train_flag_inter
==========================================
加载数据: ../data/hushen300_minute/hushen300_minute.csv
筛选分钟: 2025-08-06 14:50:00
筛选后数据行数: 92
按照 train_flag_inter=1 筛选后数据行数: 92
对分钟 2025-08-06 14:50:00 拟合SABR参数，共 4 个到期日
  到期日 2025-08-15: RMSE=0.013357, MAPE=0.052554, 样本数=24
    参数: alpha=6.1561, rho=0.0239, volvar=7.7900
  到期日 2025-09-19: RMSE=0.010663, MAPE=0.039086, 样本数=32
    参数: alpha=8.5803, rho=0.1323, volvar=3.0124
  到期日 2025-10-17: RMSE=0.005080, MAPE=0.022725, 样本数=21
    参数: alpha=9.6253, rho=0.2374, volvar=1.9777
  到期日 2025-12-19: RMSE=0.001447, MAPE=0.006216, 样本数=15
    参数: alpha=10.8373, rho=0.1985, volvar=1.1498

✅ SABR参数拟合完成!
   分钟: 2025-08-06 14:50:00
   到期日数量: 4
   参数文件: ./results_forecasting/sabr_forecast_all/hushen300_minute_forecast_clear/sabr_params_2025-08-06_14_50_00.pkl
   平均RMSE: 0.007637
   平均MAPE: 0.030145

==========================================
SABR参数拟合结束时间: 2025-10-18 11:12:20
==========================================
