==========================================
SABR参数拟合开始时间: 2025-10-18 11:20:55
分钟: 2025-08-20 11:00:00 | 划分: forecast
标记列: train_flag_inter
==========================================
加载数据: ../data/hushen300_minute/hushen300_minute.csv
筛选分钟: 2025-08-20 11:00:00
筛选后数据行数: 92
按照 train_flag_inter=1 筛选后数据行数: 92
对分钟 2025-08-20 11:00:00 拟合SABR参数，共 4 个到期日
  到期日 2025-09-19: RMSE=0.019420, MAPE=0.064820, 样本数=33
    参数: alpha=9.4886, rho=0.2939, volvar=3.8995
  到期日 2025-10-17: RMSE=0.002695, MAPE=0.010637, 样本数=23
    参数: alpha=11.0440, rho=0.2926, volvar=2.4183
  到期日 2025-11-21: RMSE=0.002191, MAPE=0.008679, 样本数=20
    参数: alpha=11.7650, rho=0.3765, volvar=1.7952
  到期日 2026-03-20: RMSE=0.001061, MAPE=0.004032, 样本数=16
    参数: alpha=12.0075, rho=0.3170, volvar=1.2310

✅ SABR参数拟合完成!
   分钟: 2025-08-20 11:00:00
   到期日数量: 4
   参数文件: ./results_forecasting/sabr_forecast_all/hushen300_minute_forecast_clear/sabr_params_2025-08-20_11_00_00.pkl
   平均RMSE: 0.006342
   平均MAPE: 0.022042

==========================================
SABR参数拟合结束时间: 2025-10-18 11:21:03
==========================================
