==========================================
SABR参数拟合开始时间: 2025-10-18 11:23:27
分钟: 2025-08-22 13:30:00 | 划分: forecast
标记列: train_flag_inter
==========================================
加载数据: ../data/hushen300_minute/hushen300_minute.csv
筛选分钟: 2025-08-22 13:30:00
筛选后数据行数: 111
按照 train_flag_inter=1 筛选后数据行数: 111
对分钟 2025-08-22 13:30:00 拟合SABR参数，共 5 个到期日
  到期日 2025-09-19: RMSE=0.016298, MAPE=0.054061, 样本数=34
    参数: alpha=10.1978, rho=0.3321, volvar=4.0963
  到期日 2025-10-17: RMSE=0.002100, MAPE=0.008529, 样本数=24
    参数: alpha=11.6783, rho=0.2532, volvar=2.1921
  到期日 2025-11-21: RMSE=0.002930, MAPE=0.009866, 样本数=21
    参数: alpha=12.4145, rho=0.2176, volvar=1.4610
  到期日 2025-12-19: RMSE=0.004252, MAPE=0.015622, 样本数=17
    参数: alpha=12.4512, rho=0.4022, volvar=1.5580
  到期日 2026-06-19: RMSE=0.002517, MAPE=0.008930, 样本数=15
    参数: alpha=12.7747, rho=0.4215, volvar=1.0838

✅ SABR参数拟合完成!
   分钟: 2025-08-22 13:30:00
   到期日数量: 5
   参数文件: ./results_forecasting/sabr_forecast_all/hushen300_minute_forecast_clear/sabr_params_2025-08-22_13_30_00.pkl
   平均RMSE: 0.005619
   平均MAPE: 0.019402

==========================================
SABR参数拟合结束时间: 2025-10-18 11:23:40
==========================================
