==========================================
SABR参数拟合开始时间: 2025-10-18 11:26:50
分钟: 2025-08-25 14:30:00 | 划分: forecast
标记列: train_flag_inter
==========================================
加载数据: ../data/hushen300_minute/hushen300_minute.csv
筛选分钟: 2025-08-25 14:30:00
筛选后数据行数: 137
按照 train_flag_inter=1 筛选后数据行数: 137
对分钟 2025-08-25 14:30:00 拟合SABR参数，共 6 个到期日
  到期日 2025-09-19: RMSE=0.020921, MAPE=0.060039, 样本数=36
    参数: alpha=14.0004, rho=0.5533, volvar=4.7040
  到期日 2025-10-17: RMSE=0.002807, MAPE=0.010154, 样本数=26
    参数: alpha=14.4986, rho=0.4606, volvar=2.5378
  到期日 2025-11-21: RMSE=0.005022, MAPE=0.016304, 样本数=23
    参数: alpha=14.6474, rho=0.5251, volvar=1.4945
  到期日 2025-12-19: RMSE=0.020720, MAPE=0.076504, 样本数=18
    参数: alpha=135.9599, rho=0.9326, volvar=16.2126
  到期日 2026-03-20: RMSE=0.019041, MAPE=0.073344, 样本数=18
    参数: alpha=116.3661, rho=0.9440, volvar=11.9868
  到期日 2026-06-19: RMSE=0.002464, MAPE=0.009033, 样本数=16
    参数: alpha=13.6420, rho=0.4181, volvar=1.0112

✅ SABR参数拟合完成!
   分钟: 2025-08-25 14:30:00
   到期日数量: 6
   参数文件: ./results_forecasting/sabr_forecast_all/hushen300_minute_forecast_clear/sabr_params_2025-08-25_14_30_00.pkl
   平均RMSE: 0.011829
   平均MAPE: 0.040896

==========================================
SABR参数拟合结束时间: 2025-10-18 11:27:10
==========================================
