==========================================
SABR参数拟合开始时间: 2025-10-18 11:09:43
分钟: 2025-08-04 10:00:00 | 划分: forecast
标记列: train_flag_inter
==========================================
加载数据: ../data/hushen300_minute/hushen300_minute.csv
筛选分钟: 2025-08-04 10:00:00
筛选后数据行数: 120
按照 train_flag_inter=1 筛选后数据行数: 120
对分钟 2025-08-04 10:00:00 拟合SABR参数，共 6 个到期日
  到期日 2025-08-15: RMSE=0.009343, MAPE=0.035437, 样本数=24
    参数: alpha=7.8600, rho=-0.0205, volvar=6.1361
  到期日 2025-09-19: RMSE=0.009157, MAPE=0.033804, 样本数=32
    参数: alpha=8.8188, rho=0.0547, volvar=2.8951
  到期日 2025-10-17: RMSE=0.002426, MAPE=0.010865, 样本数=21
    参数: alpha=9.7329, rho=0.1511, volvar=1.8301
  到期日 2025-12-19: RMSE=0.002129, MAPE=0.009226, 样本数=15
    参数: alpha=10.2822, rho=0.2172, volvar=1.3312
  到期日 2026-03-20: RMSE=0.001829, MAPE=0.006961, 样本数=15
    参数: alpha=10.4256, rho=0.1241, volvar=1.0987
  到期日 2026-06-19: RMSE=0.001999, MAPE=0.007035, 样本数=13
    参数: alpha=10.7273, rho=0.1300, volvar=0.9587

✅ SABR参数拟合完成!
   分钟: 2025-08-04 10:00:00
   到期日数量: 6
   参数文件: ./results_forecasting/sabr_forecast_all/hushen300_minute_forecast_clear/sabr_params_2025-08-04_10_00_00.pkl
   平均RMSE: 0.004480
   平均MAPE: 0.017221

==========================================
SABR参数拟合结束时间: 2025-10-18 11:09:51
==========================================
