==========================================
SABR参数拟合开始时间: 2025-10-18 11:19:12
分钟: 2025-08-18 13:00:00 | 划分: forecast
标记列: train_flag_inter
==========================================
加载数据: ../data/hushen300_minute/hushen300_minute.csv
筛选分钟: 2025-08-18 13:00:00
筛选后数据行数: 120
按照 train_flag_inter=1 筛选后数据行数: 120
对分钟 2025-08-18 13:00:00 拟合SABR参数，共 6 个到期日
  到期日 2025-09-19: RMSE=0.016681, MAPE=0.051934, 样本数=33
    参数: alpha=11.5845, rho=0.4535, volvar=3.8711
  到期日 2025-10-17: RMSE=0.006184, MAPE=0.020779, 样本数=22
    参数: alpha=12.4366, rho=0.4616, volvar=2.4558
  到期日 2025-11-21: RMSE=0.006814, MAPE=0.023903, 样本数=19
    参数: alpha=12.2109, rho=0.3532, volvar=1.7401
  到期日 2025-12-19: RMSE=0.057701, MAPE=0.230048, 样本数=16
    参数: alpha=34.2413, rho=0.8595, volvar=19.1798
  到期日 2026-03-20: RMSE=0.003749, MAPE=0.013311, 样本数=16
    参数: alpha=12.5098, rho=0.4837, volvar=1.2734
  到期日 2026-06-19: RMSE=0.002570, MAPE=0.009676, 样本数=14
    参数: alpha=12.4292, rho=0.4246, volvar=1.1499

✅ SABR参数拟合完成!
   分钟: 2025-08-18 13:00:00
   到期日数量: 6
   参数文件: ./results_forecasting/sabr_forecast_all/hushen300_minute_forecast_clear/sabr_params_2025-08-18_13_00_00.pkl
   平均RMSE: 0.015617
   平均MAPE: 0.058275

==========================================
SABR参数拟合结束时间: 2025-10-18 11:19:27
==========================================
