==========================================
SABR参数拟合开始时间: 2025-10-18 11:13:03
分钟: 2025-08-08 13:00:00 | 划分: forecast
标记列: train_flag_inter
==========================================
加载数据: ../data/hushen300_minute/hushen300_minute.csv
筛选分钟: 2025-08-08 13:00:00
筛选后数据行数: 120
按照 train_flag_inter=1 筛选后数据行数: 120
对分钟 2025-08-08 13:00:00 拟合SABR参数，共 6 个到期日
  到期日 2025-08-15: RMSE=0.012844, MAPE=0.047441, 样本数=24
    参数: alpha=6.3078, rho=-0.0898, volvar=8.6976
  到期日 2025-09-19: RMSE=0.011248, MAPE=0.042290, 样本数=32
    参数: alpha=8.2856, rho=0.0608, volvar=3.0835
  到期日 2025-10-17: RMSE=0.001453, MAPE=0.006916, 样本数=21
    参数: alpha=9.6564, rho=0.1320, volvar=1.9652
  到期日 2025-12-19: RMSE=0.001210, MAPE=0.004828, 样本数=15
    参数: alpha=10.9692, rho=0.2393, volvar=1.1687
  到期日 2026-03-20: RMSE=0.000869, MAPE=0.003701, 样本数=15
    参数: alpha=11.2197, rho=0.2342, volvar=0.9502
  到期日 2026-06-19: RMSE=0.001144, MAPE=0.004662, 样本数=13
    参数: alpha=11.2779, rho=0.1778, volvar=0.8643

✅ SABR参数拟合完成!
   分钟: 2025-08-08 13:00:00
   到期日数量: 6
   参数文件: ./results_forecasting/sabr_forecast_all/hushen300_minute_forecast_clear/sabr_params_2025-08-08_13_00_00.pkl
   平均RMSE: 0.004795
   平均MAPE: 0.018306

==========================================
SABR参数拟合结束时间: 2025-10-18 11:13:12
==========================================
