==========================================
SABR参数拟合开始时间: 2025-10-18 11:17:15
分钟: 2025-08-15 11:20:00 | 划分: forecast
标记列: train_flag_inter
==========================================
加载数据: ../data/hushen300_minute/hushen300_minute.csv
筛选分钟: 2025-08-15 11:20:00
筛选后数据行数: 83
按照 train_flag_inter=1 筛选后数据行数: 83
对分钟 2025-08-15 11:20:00 拟合SABR参数，共 4 个到期日
  到期日 2025-09-19: RMSE=0.017264, MAPE=0.059807, 样本数=32
    参数: alpha=9.3219, rho=0.2645, volvar=3.5254
  到期日 2025-10-17: RMSE=0.001535, MAPE=0.006957, 样本数=21
    参数: alpha=10.6340, rho=0.2952, volvar=2.0641
  到期日 2025-12-19: RMSE=0.014729, MAPE=0.064413, 样本数=15
    参数: alpha=12.6459, rho=0.6459, volvar=0.0311
  到期日 2026-03-20: RMSE=0.001323, MAPE=0.005556, 样本数=15
    参数: alpha=11.6417, rho=0.3151, volvar=1.0148

✅ SABR参数拟合完成!
   分钟: 2025-08-15 11:20:00
   到期日数量: 4
   参数文件: ./results_forecasting/sabr_forecast_all/hushen300_minute_forecast_clear/sabr_params_2025-08-15_11_20_00.pkl
   平均RMSE: 0.008713
   平均MAPE: 0.034183

==========================================
SABR参数拟合结束时间: 2025-10-18 11:17:22
==========================================
