==========================================
SABR参数拟合开始时间: 2025-10-18 11:14:23
分钟: 2025-08-11 11:20:00 | 划分: forecast
标记列: train_flag_inter
==========================================
加载数据: ../data/hushen300_minute/hushen300_minute.csv
筛选分钟: 2025-08-11 11:20:00
筛选后数据行数: 107
按照 train_flag_inter=1 筛选后数据行数: 107
对分钟 2025-08-11 11:20:00 拟合SABR参数，共 5 个到期日
  到期日 2025-08-15: RMSE=0.018827, MAPE=0.046495, 样本数=24
    参数: alpha=7.1481, rho=0.0357, volvar=12.1233
  到期日 2025-09-19: RMSE=0.010265, MAPE=0.040783, 样本数=32
    参数: alpha=8.1811, rho=0.1176, volvar=3.2926
  到期日 2025-10-17: RMSE=0.003240, MAPE=0.016033, 样本数=21
    参数: alpha=9.4082, rho=0.2902, volvar=1.9568
  到期日 2025-12-19: RMSE=0.001788, MAPE=0.006922, 样本数=15
    参数: alpha=11.0403, rho=0.2273, volvar=1.1626
  到期日 2026-03-20: RMSE=0.001040, MAPE=0.003937, 样本数=15
    参数: alpha=11.0557, rho=0.2179, volvar=1.0005

✅ SABR参数拟合完成!
   分钟: 2025-08-11 11:20:00
   到期日数量: 5
   参数文件: ./results_forecasting/sabr_forecast_all/hushen300_minute_forecast_clear/sabr_params_2025-08-11_11_20_00.pkl
   平均RMSE: 0.007032
   平均MAPE: 0.022834

==========================================
SABR参数拟合结束时间: 2025-10-18 11:14:33
==========================================
