==========================================
SABR参数拟合开始时间: 2025-10-18 11:28:04
分钟: 2025-08-27 10:30:00 | 划分: forecast
标记列: train_flag_inter
==========================================
加载数据: ../data/hushen300_minute/hushen300_minute.csv
筛选分钟: 2025-08-27 10:30:00
筛选后数据行数: 146
按照 train_flag_inter=1 筛选后数据行数: 146
对分钟 2025-08-27 10:30:00 拟合SABR参数，共 6 个到期日
  到期日 2025-09-19: RMSE=0.021573, MAPE=0.064217, 样本数=38
    参数: alpha=13.0453, rho=0.4072, volvar=4.2617
  到期日 2025-10-17: RMSE=0.002471, MAPE=0.008488, 样本数=28
    参数: alpha=13.9501, rho=0.3381, volvar=2.3647
  到期日 2025-11-21: RMSE=0.002935, MAPE=0.010214, 样本数=25
    参数: alpha=14.8560, rho=0.5164, volvar=1.3596
  到期日 2025-12-19: RMSE=0.021553, MAPE=0.078784, 样本数=19
    参数: alpha=140.7804, rho=0.9376, volvar=16.0750
  到期日 2026-03-20: RMSE=0.020564, MAPE=0.078225, 样本数=19
    参数: alpha=117.9903, rho=0.9446, volvar=12.0417
  到期日 2026-06-19: RMSE=0.002613, MAPE=0.009003, 样本数=17
    参数: alpha=13.8964, rho=0.4452, volvar=0.8946

✅ SABR参数拟合完成!
   分钟: 2025-08-27 10:30:00
   到期日数量: 6
   参数文件: ./results_forecasting/sabr_forecast_all/hushen300_minute_forecast_clear/sabr_params_2025-08-27_10_30_00.pkl
   平均RMSE: 0.011952
   平均MAPE: 0.041489

==========================================
SABR参数拟合结束时间: 2025-10-18 11:28:24
==========================================
