==========================================
SABR参数拟合开始时间: 2025-10-18 11:16:59
分钟: 2025-08-15 10:30:00 | 划分: forecast
标记列: train_flag_inter
==========================================
加载数据: ../data/hushen300_minute/hushen300_minute.csv
筛选分钟: 2025-08-15 10:30:00
筛选后数据行数: 81
按照 train_flag_inter=1 筛选后数据行数: 81
对分钟 2025-08-15 10:30:00 拟合SABR参数，共 4 个到期日
  到期日 2025-09-19: RMSE=0.016323, MAPE=0.055158, 样本数=32
    参数: alpha=9.2215, rho=0.2377, volvar=3.5022
  到期日 2025-10-17: RMSE=0.001886, MAPE=0.008647, 样本数=21
    参数: alpha=10.4772, rho=0.3211, volvar=2.1224
  到期日 2025-12-19: RMSE=0.001716, MAPE=0.007338, 样本数=15
    参数: alpha=11.3136, rho=0.3338, volvar=1.4100
  到期日 2026-06-19: RMSE=0.002208, MAPE=0.008645, 样本数=13
    参数: alpha=11.1585, rho=0.2770, volvar=1.1550

✅ SABR参数拟合完成!
   分钟: 2025-08-15 10:30:00
   到期日数量: 4
   参数文件: ./results_forecasting/sabr_forecast_all/hushen300_minute_forecast_clear/sabr_params_2025-08-15_10_30_00.pkl
   平均RMSE: 0.005533
   平均MAPE: 0.019947

==========================================
SABR参数拟合结束时间: 2025-10-18 11:17:06
==========================================
