==========================================
SABR参数拟合开始时间: 2025-10-18 11:14:41
分钟: 2025-08-11 13:30:00 | 划分: forecast
标记列: train_flag_inter
==========================================
加载数据: ../data/hushen300_minute/hushen300_minute.csv
筛选分钟: 2025-08-11 13:30:00
筛选后数据行数: 107
按照 train_flag_inter=1 筛选后数据行数: 107
对分钟 2025-08-11 13:30:00 拟合SABR参数，共 5 个到期日
  到期日 2025-08-15: RMSE=0.017999, MAPE=0.043697, 样本数=24
    参数: alpha=7.2826, rho=0.0205, volvar=12.3834
  到期日 2025-09-19: RMSE=0.011533, MAPE=0.042056, 样本数=32
    参数: alpha=8.0361, rho=0.1327, volvar=3.3839
  到期日 2025-10-17: RMSE=0.002743, MAPE=0.012006, 样本数=21
    参数: alpha=9.5376, rho=0.2643, volvar=1.9164
  到期日 2025-12-19: RMSE=0.002356, MAPE=0.008948, 样本数=15
    参数: alpha=11.0762, rho=0.2243, volvar=1.1654
  到期日 2026-03-20: RMSE=0.001224, MAPE=0.004666, 样本数=15
    参数: alpha=11.1480, rho=0.2011, volvar=0.9788

✅ SABR参数拟合完成!
   分钟: 2025-08-11 13:30:00
   到期日数量: 5
   参数文件: ./results_forecasting/sabr_forecast_all/hushen300_minute_forecast_clear/sabr_params_2025-08-11_13_30_00.pkl
   平均RMSE: 0.007171
   平均MAPE: 0.022275

==========================================
SABR参数拟合结束时间: 2025-10-18 11:14:49
==========================================
