==========================================
SABR参数拟合开始时间: 2025-10-18 11:27:10
分钟: 2025-08-25 14:50:00 | 划分: forecast
标记列: train_flag_inter
==========================================
加载数据: ../data/hushen300_minute/hushen300_minute.csv
筛选分钟: 2025-08-25 14:50:00
筛选后数据行数: 103
按照 train_flag_inter=1 筛选后数据行数: 103
对分钟 2025-08-25 14:50:00 拟合SABR参数，共 4 个到期日
  到期日 2025-09-19: RMSE=0.020651, MAPE=0.058171, 样本数=36
    参数: alpha=14.1932, rho=0.5391, volvar=4.6125
  到期日 2025-10-17: RMSE=0.001909, MAPE=0.006579, 样本数=26
    参数: alpha=14.2064, rho=0.4659, volvar=2.5423
  到期日 2025-11-21: RMSE=0.027286, MAPE=0.111062, 样本数=23
    参数: alpha=17.1072, rho=0.9026, volvar=1.3163
  到期日 2025-12-19: RMSE=0.002561, MAPE=0.008792, 样本数=18
    参数: alpha=14.2777, rho=0.4469, volvar=1.5957

✅ SABR参数拟合完成!
   分钟: 2025-08-25 14:50:00
   到期日数量: 4
   参数文件: ./results_forecasting/sabr_forecast_all/hushen300_minute_forecast_clear/sabr_params_2025-08-25_14_50_00.pkl
   平均RMSE: 0.013102
   平均MAPE: 0.046151

==========================================
SABR参数拟合结束时间: 2025-10-18 11:27:21
==========================================
