==========================================
SABR参数拟合开始时间: 2025-10-18 11:11:35
分钟: 2025-08-06 11:20:00 | 划分: forecast
标记列: train_flag_inter
==========================================
加载数据: ../data/hushen300_minute/hushen300_minute.csv
筛选分钟: 2025-08-06 11:20:00
筛选后数据行数: 77
按照 train_flag_inter=1 筛选后数据行数: 77
对分钟 2025-08-06 11:20:00 拟合SABR参数，共 3 个到期日
  到期日 2025-08-15: RMSE=0.011885, MAPE=0.046106, 样本数=24
    参数: alpha=6.6040, rho=0.0272, volvar=7.4804
  到期日 2025-09-19: RMSE=0.010915, MAPE=0.040036, 样本数=32
    参数: alpha=8.4797, rho=0.1327, volvar=3.0108
  到期日 2025-10-17: RMSE=0.002899, MAPE=0.011509, 样本数=21
    参数: alpha=9.4436, rho=0.2033, volvar=1.9743

✅ SABR参数拟合完成!
   分钟: 2025-08-06 11:20:00
   到期日数量: 3
   参数文件: ./results_forecasting/sabr_forecast_all/hushen300_minute_forecast_clear/sabr_params_2025-08-06_11_20_00.pkl
   平均RMSE: 0.008566
   平均MAPE: 0.032550

==========================================
SABR参数拟合结束时间: 2025-10-18 11:11:41
==========================================
