==========================================
SABR参数拟合开始时间: 2025-10-18 11:30:42
分钟: 2025-08-29 10:00:00 | 划分: forecast
标记列: train_flag_inter
==========================================
加载数据: ../data/hushen300_minute/hushen300_minute.csv
筛选分钟: 2025-08-29 10:00:00
筛选后数据行数: 146
按照 train_flag_inter=1 筛选后数据行数: 146
对分钟 2025-08-29 10:00:00 拟合SABR参数，共 6 个到期日
  到期日 2025-09-19: RMSE=0.027491, MAPE=0.070429, 样本数=38
    参数: alpha=13.8856, rho=0.4793, volvar=4.8233
  到期日 2025-10-17: RMSE=0.005267, MAPE=0.015865, 样本数=28
    参数: alpha=15.1275, rho=0.5006, volvar=2.2907
  到期日 2025-11-21: RMSE=0.011178, MAPE=0.034617, 样本数=25
    参数: alpha=14.9468, rho=0.5716, volvar=1.6337
  到期日 2025-12-19: RMSE=0.019096, MAPE=0.071706, 样本数=19
    参数: alpha=141.9643, rho=0.9468, volvar=15.3910
  到期日 2026-03-20: RMSE=0.022057, MAPE=0.081425, 样本数=19
    参数: alpha=121.6518, rho=0.9454, volvar=12.1844
  到期日 2026-06-19: RMSE=0.003446, MAPE=0.011647, 样本数=17
    参数: alpha=13.7175, rho=0.4446, volvar=1.1059

✅ SABR参数拟合完成!
   分钟: 2025-08-29 10:00:00
   到期日数量: 6
   参数文件: ./results_forecasting/sabr_forecast_all/hushen300_minute_forecast_clear/sabr_params_2025-08-29_10_00_00.pkl
   平均RMSE: 0.014756
   平均MAPE: 0.047615

==========================================
SABR参数拟合结束时间: 2025-10-18 11:31:03
==========================================
