==========================================
SABR参数拟合开始时间: 2025-10-18 11:18:44
分钟: 2025-08-18 11:00:00 | 划分: forecast
标记列: train_flag_inter
==========================================
加载数据: ../data/hushen300_minute/hushen300_minute.csv
筛选分钟: 2025-08-18 11:00:00
筛选后数据行数: 120
按照 train_flag_inter=1 筛选后数据行数: 120
对分钟 2025-08-18 11:00:00 拟合SABR参数，共 6 个到期日
  到期日 2025-09-19: RMSE=0.018276, MAPE=0.058545, 样本数=33
    参数: alpha=11.3054, rho=0.3984, volvar=3.7379
  到期日 2025-10-17: RMSE=0.005556, MAPE=0.020081, 样本数=22
    参数: alpha=12.0073, rho=0.4396, volvar=2.3396
  到期日 2025-11-21: RMSE=0.009260, MAPE=0.030101, 样本数=19
    参数: alpha=12.5065, rho=0.3224, volvar=1.1980
  到期日 2025-12-19: RMSE=0.046758, MAPE=0.179798, 样本数=16
    参数: alpha=70.3690, rho=0.8651, volvar=22.4538
  到期日 2026-03-20: RMSE=0.039352, MAPE=0.158840, 样本数=16
    参数: alpha=63.6330, rho=0.8720, volvar=16.4138
  到期日 2026-06-19: RMSE=0.015251, MAPE=0.058330, 样本数=14
    参数: alpha=13.3944, rho=-0.0606, volvar=0.0001

✅ SABR参数拟合完成!
   分钟: 2025-08-18 11:00:00
   到期日数量: 6
   参数文件: ./results_forecasting/sabr_forecast_all/hushen300_minute_forecast_clear/sabr_params_2025-08-18_11_00_00.pkl
   平均RMSE: 0.022409
   平均MAPE: 0.084282

==========================================
SABR参数拟合结束时间: 2025-10-18 11:18:59
==========================================
