==========================================
SABR参数拟合开始时间: 2025-10-18 11:11:20
分钟: 2025-08-06 10:30:00 | 划分: forecast
标记列: train_flag_inter
==========================================
加载数据: ../data/hushen300_minute/hushen300_minute.csv
筛选分钟: 2025-08-06 10:30:00
筛选后数据行数: 92
按照 train_flag_inter=1 筛选后数据行数: 92
对分钟 2025-08-06 10:30:00 拟合SABR参数，共 4 个到期日
  到期日 2025-08-15: RMSE=0.013402, MAPE=0.050715, 样本数=24
    参数: alpha=6.2387, rho=0.0361, volvar=7.6659
  到期日 2025-09-19: RMSE=0.010062, MAPE=0.037644, 样本数=32
    参数: alpha=8.4179, rho=0.0896, volvar=2.9730
  到期日 2025-10-17: RMSE=0.003885, MAPE=0.017849, 样本数=21
    参数: alpha=9.3705, rho=0.2152, volvar=2.0487
  到期日 2025-12-19: RMSE=0.001253, MAPE=0.005227, 样本数=15
    参数: alpha=10.5966, rho=0.1522, volvar=1.1681

✅ SABR参数拟合完成!
   分钟: 2025-08-06 10:30:00
   到期日数量: 4
   参数文件: ./results_forecasting/sabr_forecast_all/hushen300_minute_forecast_clear/sabr_params_2025-08-06_10_30_00.pkl
   平均RMSE: 0.007151
   平均MAPE: 0.027859

==========================================
SABR参数拟合结束时间: 2025-10-18 11:11:26
==========================================
