==========================================
SABR参数拟合开始时间: 2025-10-18 11:20:07
分钟: 2025-08-18 14:50:00 | 划分: forecast
标记列: train_flag_inter
==========================================
加载数据: ../data/hushen300_minute/hushen300_minute.csv
筛选分钟: 2025-08-18 14:50:00
筛选后数据行数: 106
按照 train_flag_inter=1 筛选后数据行数: 106
对分钟 2025-08-18 14:50:00 拟合SABR参数，共 5 个到期日
  到期日 2025-09-19: RMSE=0.018270, MAPE=0.058883, 样本数=33
    参数: alpha=11.2340, rho=0.4138, volvar=3.8357
  到期日 2025-10-17: RMSE=0.099337, MAPE=0.379594, 样本数=22
    参数: alpha=20.3214, rho=-0.9999, volvar=0.0450
  到期日 2025-11-21: RMSE=0.002410, MAPE=0.009851, 样本数=19
    参数: alpha=12.3333, rho=0.4132, volvar=1.6262
  到期日 2025-12-19: RMSE=0.017035, MAPE=0.070986, 样本数=16
    参数: alpha=128.6446, rho=0.9268, volvar=16.3565
  到期日 2026-03-20: RMSE=0.054296, MAPE=0.224185, 样本数=16
    参数: alpha=37.1721, rho=0.8573, volvar=16.3919

✅ SABR参数拟合完成!
   分钟: 2025-08-18 14:50:00
   到期日数量: 5
   参数文件: ./results_forecasting/sabr_forecast_all/hushen300_minute_forecast_clear/sabr_params_2025-08-18_14_50_00.pkl
   平均RMSE: 0.038270
   平均MAPE: 0.148700

==========================================
SABR参数拟合结束时间: 2025-10-18 11:20:22
==========================================
