==========================================
SABR参数拟合开始时间: 2025-10-18 11:09:34
分钟: 2025-08-04 09:30:00 | 划分: forecast
标记列: train_flag_inter
==========================================
加载数据: ../data/hushen300_minute/hushen300_minute.csv
筛选分钟: 2025-08-04 09:30:00
筛选后数据行数: 120
按照 train_flag_inter=1 筛选后数据行数: 120
对分钟 2025-08-04 09:30:00 拟合SABR参数，共 6 个到期日
  到期日 2025-08-15: RMSE=0.010785, MAPE=0.037388, 样本数=24
    参数: alpha=8.5013, rho=-0.0776, volvar=6.0807
  到期日 2025-09-19: RMSE=0.007355, MAPE=0.026693, 样本数=32
    参数: alpha=9.2709, rho=0.0188, volvar=2.7680
  到期日 2025-10-17: RMSE=0.002117, MAPE=0.009584, 样本数=21
    参数: alpha=9.8125, rho=0.1444, volvar=1.8332
  到期日 2025-12-19: RMSE=0.001870, MAPE=0.006636, 样本数=15
    参数: alpha=10.4396, rho=0.1927, volvar=1.2782
  到期日 2026-03-20: RMSE=0.002836, MAPE=0.012492, 样本数=15
    参数: alpha=10.8186, rho=0.0905, volvar=0.9724
  到期日 2026-06-19: RMSE=0.001514, MAPE=0.006307, 样本数=13
    参数: alpha=10.7473, rho=0.1443, volvar=0.9988

✅ SABR参数拟合完成!
   分钟: 2025-08-04 09:30:00
   到期日数量: 6
   参数文件: ./results_forecasting/sabr_forecast_all/hushen300_minute_forecast_clear/sabr_params_2025-08-04_09_30_00.pkl
   平均RMSE: 0.004413
   平均MAPE: 0.016517

==========================================
SABR参数拟合结束时间: 2025-10-18 11:09:43
==========================================
