==========================================
SABR参数拟合开始时间: 2025-10-18 11:19:42
分钟: 2025-08-18 14:00:00 | 划分: forecast
标记列: train_flag_inter
==========================================
加载数据: ../data/hushen300_minute/hushen300_minute.csv
筛选分钟: 2025-08-18 14:00:00
筛选后数据行数: 120
按照 train_flag_inter=1 筛选后数据行数: 120
对分钟 2025-08-18 14:00:00 拟合SABR参数，共 6 个到期日
  到期日 2025-09-19: RMSE=0.019542, MAPE=0.061379, 样本数=33
    参数: alpha=11.3581, rho=0.4190, volvar=3.8496
  到期日 2025-10-17: RMSE=0.001599, MAPE=0.005871, 样本数=22
    参数: alpha=12.2422, rho=0.4103, volvar=2.3141
  到期日 2025-11-21: RMSE=0.005261, MAPE=0.016289, 样本数=19
    参数: alpha=12.6668, rho=0.3840, volvar=1.5385
  到期日 2025-12-19: RMSE=0.038352, MAPE=0.152178, 样本数=16
    参数: alpha=83.7282, rho=0.8822, volvar=19.5232
  到期日 2026-03-20: RMSE=0.049788, MAPE=0.205391, 样本数=16
    参数: alpha=44.9571, rho=0.8615, volvar=16.4433
  到期日 2026-06-19: RMSE=0.003813, MAPE=0.013324, 样本数=14
    参数: alpha=11.9429, rho=0.4659, volvar=1.3451

✅ SABR参数拟合完成!
   分钟: 2025-08-18 14:00:00
   到期日数量: 6
   参数文件: ./results_forecasting/sabr_forecast_all/hushen300_minute_forecast_clear/sabr_params_2025-08-18_14_00_00.pkl
   平均RMSE: 0.019726
   平均MAPE: 0.075739

==========================================
SABR参数拟合结束时间: 2025-10-18 11:19:55
==========================================
