==========================================
SABR参数拟合开始时间: 2025-10-18 11:32:57
分钟: 2025-08-29 14:30:00 | 划分: forecast
标记列: train_flag_inter
==========================================
加载数据: ../data/hushen300_minute/hushen300_minute.csv
筛选分钟: 2025-08-29 14:30:00
筛选后数据行数: 146
按照 train_flag_inter=1 筛选后数据行数: 146
对分钟 2025-08-29 14:30:00 拟合SABR参数，共 6 个到期日
  到期日 2025-09-19: RMSE=0.025622, MAPE=0.070856, 样本数=38
    参数: alpha=13.2107, rho=0.4491, volvar=4.8640
  到期日 2025-10-17: RMSE=0.003579, MAPE=0.010855, 样本数=28
    参数: alpha=15.1964, rho=0.4061, volvar=2.0950
  到期日 2025-11-21: RMSE=0.004095, MAPE=0.012290, 样本数=25
    参数: alpha=15.5977, rho=0.5531, volvar=0.9717
  到期日 2025-12-19: RMSE=0.061939, MAPE=0.221929, 样本数=19
    参数: alpha=60.4085, rho=0.8682, volvar=20.7719
  到期日 2026-03-20: RMSE=0.021303, MAPE=0.079384, 样本数=19
    参数: alpha=121.5584, rho=0.9472, volvar=12.0575
  到期日 2026-06-19: RMSE=0.045958, MAPE=0.171482, 样本数=17
    参数: alpha=59.5800, rho=0.8663, volvar=15.3364

✅ SABR参数拟合完成!
   分钟: 2025-08-29 14:30:00
   到期日数量: 6
   参数文件: ./results_forecasting/sabr_forecast_all/hushen300_minute_forecast_clear/sabr_params_2025-08-29_14_30_00.pkl
   平均RMSE: 0.027083
   平均MAPE: 0.094466

==========================================
SABR参数拟合结束时间: 2025-10-18 11:33:16
==========================================
