==========================================
SABR参数拟合开始时间: 2025-10-18 11:13:12
分钟: 2025-08-08 13:30:00 | 划分: forecast
标记列: train_flag_inter
==========================================
加载数据: ../data/hushen300_minute/hushen300_minute.csv
筛选分钟: 2025-08-08 13:30:00
筛选后数据行数: 92
按照 train_flag_inter=1 筛选后数据行数: 92
对分钟 2025-08-08 13:30:00 拟合SABR参数，共 4 个到期日
  到期日 2025-08-15: RMSE=0.012726, MAPE=0.049848, 样本数=24
    参数: alpha=6.3722, rho=-0.0832, volvar=8.5606
  到期日 2025-09-19: RMSE=0.011146, MAPE=0.041838, 样本数=32
    参数: alpha=8.2226, rho=0.0499, volvar=3.0827
  到期日 2025-10-17: RMSE=0.002483, MAPE=0.010698, 样本数=21
    参数: alpha=9.6368, rho=0.1440, volvar=1.9583
  到期日 2026-03-20: RMSE=0.001492, MAPE=0.006755, 样本数=15
    参数: alpha=11.0772, rho=0.2359, volvar=0.9916

✅ SABR参数拟合完成!
   分钟: 2025-08-08 13:30:00
   到期日数量: 4
   参数文件: ./results_forecasting/sabr_forecast_all/hushen300_minute_forecast_clear/sabr_params_2025-08-08_13_30_00.pkl
   平均RMSE: 0.006962
   平均MAPE: 0.027285

==========================================
SABR参数拟合结束时间: 2025-10-18 11:13:20
==========================================
