==========================================
SABR参数拟合开始时间: 2025-10-18 11:21:15
分钟: 2025-08-20 13:00:00 | 划分: forecast
标记列: train_flag_inter
==========================================
加载数据: ../data/hushen300_minute/hushen300_minute.csv
筛选分钟: 2025-08-20 13:00:00
筛选后数据行数: 122
按照 train_flag_inter=1 筛选后数据行数: 122
对分钟 2025-08-20 13:00:00 拟合SABR参数，共 6 个到期日
  到期日 2025-09-19: RMSE=0.019991, MAPE=0.066490, 样本数=33
    参数: alpha=9.4445, rho=0.2681, volvar=3.8426
  到期日 2025-10-17: RMSE=0.002823, MAPE=0.011365, 样本数=23
    参数: alpha=10.7942, rho=0.2586, volvar=2.3436
  到期日 2025-11-21: RMSE=0.006883, MAPE=0.027571, 样本数=20
    参数: alpha=11.8152, rho=0.3082, volvar=1.6094
  到期日 2025-12-19: RMSE=0.002680, MAPE=0.010422, 样本数=16
    参数: alpha=11.9465, rho=0.3617, volvar=1.3658
  到期日 2026-03-20: RMSE=0.002477, MAPE=0.010375, 样本数=16
    参数: alpha=11.7620, rho=0.3340, volvar=1.2554
  到期日 2026-06-19: RMSE=0.001609, MAPE=0.006570, 样本数=14
    参数: alpha=11.7015, rho=0.3353, volvar=1.2041

✅ SABR参数拟合完成!
   分钟: 2025-08-20 13:00:00
   到期日数量: 6
   参数文件: ./results_forecasting/sabr_forecast_all/hushen300_minute_forecast_clear/sabr_params_2025-08-20_13_00_00.pkl
   平均RMSE: 0.006077
   平均MAPE: 0.022132

==========================================
SABR参数拟合结束时间: 2025-10-18 11:21:27
==========================================
