==========================================
SABR参数拟合开始时间: 2025-10-18 11:21:57
分钟: 2025-08-20 14:50:00 | 划分: forecast
标记列: train_flag_inter
==========================================
加载数据: ../data/hushen300_minute/hushen300_minute.csv
筛选分钟: 2025-08-20 14:50:00
筛选后数据行数: 122
按照 train_flag_inter=1 筛选后数据行数: 122
对分钟 2025-08-20 14:50:00 拟合SABR参数，共 6 个到期日
  到期日 2025-09-19: RMSE=0.017287, MAPE=0.059030, 样本数=33
    参数: alpha=10.7579, rho=0.4151, volvar=4.0083
  到期日 2025-10-17: RMSE=0.005883, MAPE=0.022973, 样本数=23
    参数: alpha=11.9794, rho=0.3883, volvar=2.2957
  到期日 2025-11-21: RMSE=0.006059, MAPE=0.022105, 样本数=20
    参数: alpha=12.2909, rho=0.4339, volvar=1.7048
  到期日 2025-12-19: RMSE=0.001484, MAPE=0.005352, 样本数=16
    参数: alpha=12.6866, rho=0.4308, volvar=1.5352
  到期日 2026-03-20: RMSE=0.003225, MAPE=0.012335, 样本数=16
    参数: alpha=12.3476, rho=0.3736, volvar=1.2602
  到期日 2026-06-19: RMSE=0.003123, MAPE=0.010068, 样本数=14
    参数: alpha=12.1318, rho=0.3889, volvar=1.2371

✅ SABR参数拟合完成!
   分钟: 2025-08-20 14:50:00
   到期日数量: 6
   参数文件: ./results_forecasting/sabr_forecast_all/hushen300_minute_forecast_clear/sabr_params_2025-08-20_14_50_00.pkl
   平均RMSE: 0.006177
   平均MAPE: 0.021977

==========================================
SABR参数拟合结束时间: 2025-10-18 11:22:10
==========================================
