==========================================
SABR参数拟合开始时间: 2025-10-18 11:11:41
分钟: 2025-08-06 13:00:00 | 划分: forecast
标记列: train_flag_inter
==========================================
加载数据: ../data/hushen300_minute/hushen300_minute.csv
筛选分钟: 2025-08-06 13:00:00
筛选后数据行数: 120
按照 train_flag_inter=1 筛选后数据行数: 120
对分钟 2025-08-06 13:00:00 拟合SABR参数，共 6 个到期日
  到期日 2025-08-15: RMSE=0.011629, MAPE=0.044610, 样本数=24
    参数: alpha=6.5552, rho=0.0377, volvar=7.5662
  到期日 2025-09-19: RMSE=0.012040, MAPE=0.043337, 样本数=32
    参数: alpha=8.4733, rho=0.1637, volvar=3.0533
  到期日 2025-10-17: RMSE=0.002777, MAPE=0.011981, 样本数=21
    参数: alpha=9.5652, rho=0.1431, volvar=1.9184
  到期日 2025-12-19: RMSE=0.004925, MAPE=0.020174, 样本数=15
    参数: alpha=10.6090, rho=0.2627, volvar=1.2700
  到期日 2026-03-20: RMSE=0.001135, MAPE=0.004640, 样本数=15
    参数: alpha=10.9737, rho=0.1702, volvar=0.9084
  到期日 2026-06-19: RMSE=0.003296, MAPE=0.013145, 样本数=13
    参数: alpha=10.5389, rho=0.1903, volvar=0.9700

✅ SABR参数拟合完成!
   分钟: 2025-08-06 13:00:00
   到期日数量: 6
   参数文件: ./results_forecasting/sabr_forecast_all/hushen300_minute_forecast_clear/sabr_params_2025-08-06_13_00_00.pkl
   平均RMSE: 0.005967
   平均MAPE: 0.022981

==========================================
SABR参数拟合结束时间: 2025-10-18 11:11:50
==========================================
