==========================================
SABR参数拟合开始时间: 2025-10-18 11:28:24
分钟: 2025-08-27 11:00:00 | 划分: forecast
标记列: train_flag_inter
==========================================
加载数据: ../data/hushen300_minute/hushen300_minute.csv
筛选分钟: 2025-08-27 11:00:00
筛选后数据行数: 110
按照 train_flag_inter=1 筛选后数据行数: 110
对分钟 2025-08-27 11:00:00 拟合SABR参数，共 4 个到期日
  到期日 2025-09-19: RMSE=0.024614, MAPE=0.072145, 样本数=38
    参数: alpha=12.6647, rho=0.3551, volvar=4.1846
  到期日 2025-10-17: RMSE=0.002687, MAPE=0.008715, 样本数=28
    参数: alpha=13.6663, rho=0.3347, volvar=2.4044
  到期日 2025-11-21: RMSE=0.004268, MAPE=0.013284, 样本数=25
    参数: alpha=14.7134, rho=0.4868, volvar=1.3031
  到期日 2025-12-19: RMSE=0.021074, MAPE=0.078001, 样本数=19
    参数: alpha=142.9570, rho=0.9389, volvar=16.0640

✅ SABR参数拟合完成!
   分钟: 2025-08-27 11:00:00
   到期日数量: 4
   参数文件: ./results_forecasting/sabr_forecast_all/hushen300_minute_forecast_clear/sabr_params_2025-08-27_11_00_00.pkl
   平均RMSE: 0.013160
   平均MAPE: 0.043036

==========================================
SABR参数拟合结束时间: 2025-10-18 11:28:38
==========================================
