==========================================
SABR参数拟合开始时间: 2025-10-18 11:25:56
分钟: 2025-08-25 13:00:00 | 划分: forecast
标记列: train_flag_inter
==========================================
加载数据: ../data/hushen300_minute/hushen300_minute.csv
筛选分钟: 2025-08-25 13:00:00
筛选后数据行数: 137
按照 train_flag_inter=1 筛选后数据行数: 137
对分钟 2025-08-25 13:00:00 拟合SABR参数，共 6 个到期日
  到期日 2025-09-19: RMSE=0.020002, MAPE=0.056129, 样本数=36
    参数: alpha=13.3109, rho=0.4824, volvar=4.5251
  到期日 2025-10-17: RMSE=0.003283, MAPE=0.010654, 样本数=26
    参数: alpha=13.8318, rho=0.3929, volvar=2.3470
  到期日 2025-11-21: RMSE=0.004447, MAPE=0.016492, 样本数=23
    参数: alpha=14.4077, rho=0.4751, volvar=1.5005
  到期日 2025-12-19: RMSE=0.019634, MAPE=0.074523, 样本数=18
    参数: alpha=140.9300, rho=0.9392, volvar=15.8691
  到期日 2026-03-20: RMSE=0.018499, MAPE=0.071086, 样本数=18
    参数: alpha=120.5897, rho=0.9477, volvar=11.9542
  到期日 2026-06-19: RMSE=0.002787, MAPE=0.011172, 样本数=16
    参数: alpha=13.5480, rho=0.4549, volvar=1.0215

✅ SABR参数拟合完成!
   分钟: 2025-08-25 13:00:00
   到期日数量: 6
   参数文件: ./results_forecasting/sabr_forecast_all/hushen300_minute_forecast_clear/sabr_params_2025-08-25_13_00_00.pkl
   平均RMSE: 0.011442
   平均MAPE: 0.040009

==========================================
SABR参数拟合结束时间: 2025-10-18 11:26:18
==========================================
