==========================================
SABR参数拟合开始时间: 2025-10-18 11:21:03
分钟: 2025-08-20 11:20:00 | 划分: forecast
标记列: train_flag_inter
==========================================
加载数据: ../data/hushen300_minute/hushen300_minute.csv
筛选分钟: 2025-08-20 11:20:00
筛选后数据行数: 122
按照 train_flag_inter=1 筛选后数据行数: 122
对分钟 2025-08-20 11:20:00 拟合SABR参数，共 6 个到期日
  到期日 2025-09-19: RMSE=0.019952, MAPE=0.066967, 样本数=33
    参数: alpha=9.4688, rho=0.2801, volvar=3.8570
  到期日 2025-10-17: RMSE=0.003790, MAPE=0.014864, 样本数=23
    参数: alpha=11.0709, rho=0.2187, volvar=2.2131
  到期日 2025-11-21: RMSE=0.003882, MAPE=0.014728, 样本数=20
    参数: alpha=11.7190, rho=0.3630, volvar=1.7386
  到期日 2025-12-19: RMSE=0.002644, MAPE=0.009447, 样本数=16
    参数: alpha=11.8840, rho=0.3754, volvar=1.4149
  到期日 2026-03-20: RMSE=0.002451, MAPE=0.009223, 样本数=16
    参数: alpha=12.0535, rho=0.3057, volvar=1.1794
  到期日 2026-06-19: RMSE=0.002062, MAPE=0.007681, 样本数=14
    参数: alpha=11.7841, rho=0.3235, volvar=1.1891

✅ SABR参数拟合完成!
   分钟: 2025-08-20 11:20:00
   到期日数量: 6
   参数文件: ./results_forecasting/sabr_forecast_all/hushen300_minute_forecast_clear/sabr_params_2025-08-20_11_20_00.pkl
   平均RMSE: 0.005797
   平均MAPE: 0.020485

==========================================
SABR参数拟合结束时间: 2025-10-18 11:21:15
==========================================
