==========================================
SABR参数拟合开始时间: 2025-10-18 11:29:30
分钟: 2025-08-27 14:00:00 | 划分: forecast
标记列: train_flag_inter
==========================================
/home/douxueli/IV/IV_code_2.0.8/sabr/sabr.py:50: RuntimeWarning: invalid value encountered in log
  return np.log(a/b)
加载数据: ../data/hushen300_minute/hushen300_minute.csv
筛选分钟: 2025-08-27 14:00:00
筛选后数据行数: 146
按照 train_flag_inter=1 筛选后数据行数: 146
对分钟 2025-08-27 14:00:00 拟合SABR参数，共 6 个到期日
  到期日 2025-09-19: RMSE=0.024367, MAPE=0.072821, 样本数=38
    参数: alpha=11.6620, rho=0.2665, volvar=4.1351
  到期日 2025-10-17: RMSE=0.002739, MAPE=0.009679, 样本数=28
    参数: alpha=13.3382, rho=0.2889, volvar=1.9953
  到期日 2025-11-21: RMSE=0.004939, MAPE=0.017735, 样本数=25
    参数: alpha=14.3545, rho=0.4639, volvar=1.2034
  到期日 2025-12-19: RMSE=0.004666, MAPE=0.017148, 样本数=19
    参数: alpha=14.0471, rho=0.3392, volvar=1.2461
  到期日 2026-03-20: RMSE=0.020319, MAPE=0.079557, 样本数=19
    参数: alpha=119.4840, rho=0.9454, volvar=12.0840
  到期日 2026-06-19: RMSE=0.003178, MAPE=0.012232, 样本数=17
    参数: alpha=13.5289, rho=0.3866, volvar=0.8105

✅ SABR参数拟合完成!
   分钟: 2025-08-27 14:00:00
   到期日数量: 6
   参数文件: ./results_forecasting/sabr_forecast_all/hushen300_minute_forecast_clear/sabr_params_2025-08-27_14_00_00.pkl
   平均RMSE: 0.010035
   平均MAPE: 0.034862

==========================================
SABR参数拟合结束时间: 2025-10-18 11:29:48
==========================================
