==========================================
SABR参数拟合开始时间: 2025-10-18 11:11:02
分钟: 2025-08-06 09:30:00 | 划分: forecast
标记列: train_flag_inter
==========================================
加载数据: ../data/hushen300_minute/hushen300_minute.csv
筛选分钟: 2025-08-06 09:30:00
筛选后数据行数: 120
按照 train_flag_inter=1 筛选后数据行数: 120
对分钟 2025-08-06 09:30:00 拟合SABR参数，共 6 个到期日
  到期日 2025-08-15: RMSE=0.013731, MAPE=0.050744, 样本数=24
    参数: alpha=6.3827, rho=-0.0101, volvar=7.4199
  到期日 2025-09-19: RMSE=0.009846, MAPE=0.036830, 样本数=32
    参数: alpha=8.6456, rho=0.1430, volvar=2.9527
  到期日 2025-10-17: RMSE=0.003312, MAPE=0.014731, 样本数=21
    参数: alpha=9.3842, rho=0.2008, volvar=2.0395
  到期日 2025-12-19: RMSE=0.003025, MAPE=0.012280, 样本数=15
    参数: alpha=10.2685, rho=0.1908, volvar=1.3133
  到期日 2026-03-20: RMSE=0.010214, MAPE=0.047432, 样本数=15
    参数: alpha=11.6836, rho=-0.7481, volvar=0.0345
  到期日 2026-06-19: RMSE=0.003383, MAPE=0.014839, 样本数=13
    参数: alpha=10.5958, rho=0.1770, volvar=0.9116

✅ SABR参数拟合完成!
   分钟: 2025-08-06 09:30:00
   到期日数量: 6
   参数文件: ./results_forecasting/sabr_forecast_all/hushen300_minute_forecast_clear/sabr_params_2025-08-06_09_30_00.pkl
   平均RMSE: 0.007252
   平均MAPE: 0.029476

==========================================
SABR参数拟合结束时间: 2025-10-18 11:11:11
==========================================
