==========================================
SABR参数拟合开始时间: 2025-10-18 11:09:59
分钟: 2025-08-04 11:00:00 | 划分: forecast
标记列: train_flag_inter
==========================================
加载数据: ../data/hushen300_minute/hushen300_minute.csv
筛选分钟: 2025-08-04 11:00:00
筛选后数据行数: 120
按照 train_flag_inter=1 筛选后数据行数: 120
对分钟 2025-08-04 11:00:00 拟合SABR参数，共 6 个到期日
  到期日 2025-08-15: RMSE=0.010835, MAPE=0.041459, 样本数=24
    参数: alpha=7.7016, rho=-0.0355, volvar=6.1288
  到期日 2025-09-19: RMSE=0.010522, MAPE=0.038157, 样本数=32
    参数: alpha=8.7083, rho=0.0268, volvar=2.7801
  到期日 2025-10-17: RMSE=0.003185, MAPE=0.014856, 样本数=21
    参数: alpha=9.4181, rho=0.1602, volvar=1.8971
  到期日 2025-12-19: RMSE=0.001698, MAPE=0.007800, 样本数=15
    参数: alpha=10.1872, rho=0.1806, volvar=1.3022
  到期日 2026-03-20: RMSE=0.001795, MAPE=0.007913, 样本数=15
    参数: alpha=10.4554, rho=0.1317, volvar=1.0595
  到期日 2026-06-19: RMSE=0.002789, MAPE=0.011975, 样本数=13
    参数: alpha=10.6290, rho=0.0820, volvar=0.9540

✅ SABR参数拟合完成!
   分钟: 2025-08-04 11:00:00
   到期日数量: 6
   参数文件: ./results_forecasting/sabr_forecast_all/hushen300_minute_forecast_clear/sabr_params_2025-08-04_11_00_00.pkl
   平均RMSE: 0.005137
   平均MAPE: 0.020360

==========================================
SABR参数拟合结束时间: 2025-10-18 11:10:07
==========================================
