==========================================
SABR参数拟合开始时间: 2025-10-18 11:26:34
分钟: 2025-08-25 14:00:00 | 划分: forecast
标记列: train_flag_inter
==========================================
加载数据: ../data/hushen300_minute/hushen300_minute.csv
筛选分钟: 2025-08-25 14:00:00
筛选后数据行数: 119
按照 train_flag_inter=1 筛选后数据行数: 119
对分钟 2025-08-25 14:00:00 拟合SABR参数，共 5 个到期日
  到期日 2025-09-19: RMSE=0.020661, MAPE=0.059235, 样本数=36
    参数: alpha=13.5431, rho=0.4956, volvar=4.4983
  到期日 2025-10-17: RMSE=0.002552, MAPE=0.008658, 样本数=26
    参数: alpha=13.9055, rho=0.4349, volvar=2.5083
  到期日 2025-11-21: RMSE=0.003600, MAPE=0.012305, 样本数=23
    参数: alpha=14.4238, rho=0.5056, volvar=1.4214
  到期日 2025-12-19: RMSE=0.020406, MAPE=0.076606, 样本数=18
    参数: alpha=141.4470, rho=0.9365, volvar=16.1476
  到期日 2026-06-19: RMSE=0.015883, MAPE=0.064493, 样本数=16
    参数: alpha=99.8799, rho=0.9231, volvar=11.4827

✅ SABR参数拟合完成!
   分钟: 2025-08-25 14:00:00
   到期日数量: 5
   参数文件: ./results_forecasting/sabr_forecast_all/hushen300_minute_forecast_clear/sabr_params_2025-08-25_14_00_00.pkl
   平均RMSE: 0.012620
   平均MAPE: 0.044259

==========================================
SABR参数拟合结束时间: 2025-10-18 11:26:50
==========================================
