==========================================
SABR参数拟合开始时间: 2025-10-18 11:15:20
分钟: 2025-08-13 10:00:00 | 划分: forecast
标记列: train_flag_inter
==========================================
加载数据: ../data/hushen300_minute/hushen300_minute.csv
筛选分钟: 2025-08-13 10:00:00
筛选后数据行数: 90
按照 train_flag_inter=1 筛选后数据行数: 90
对分钟 2025-08-13 10:00:00 拟合SABR参数，共 4 个到期日
  到期日 2025-08-15: RMSE=0.028281, MAPE=0.060869, 样本数=24
    参数: alpha=6.7871, rho=0.0838, volvar=20.3543
  到期日 2025-09-19: RMSE=0.011941, MAPE=0.043587, 样本数=32
    参数: alpha=8.0551, rho=0.1637, volvar=3.5510
  到期日 2025-10-17: RMSE=0.004946, MAPE=0.022589, 样本数=21
    参数: alpha=9.7183, rho=0.1886, volvar=1.8434
  到期日 2026-06-19: RMSE=0.002936, MAPE=0.013982, 样本数=13
    参数: alpha=11.2146, rho=0.2926, volvar=0.9131

✅ SABR参数拟合完成!
   分钟: 2025-08-13 10:00:00
   到期日数量: 4
   参数文件: ./results_forecasting/sabr_forecast_all/hushen300_minute_forecast_clear/sabr_params_2025-08-13_10_00_00.pkl
   平均RMSE: 0.012026
   平均MAPE: 0.035257

==========================================
SABR参数拟合结束时间: 2025-10-18 11:15:27
==========================================
