==========================================
SABR参数拟合开始时间: 2025-10-18 11:23:55
分钟: 2025-08-22 14:30:00 | 划分: forecast
标记列: train_flag_inter
==========================================
加载数据: ../data/hushen300_minute/hushen300_minute.csv
筛选分钟: 2025-08-22 14:30:00
筛选后数据行数: 113
按照 train_flag_inter=1 筛选后数据行数: 113
对分钟 2025-08-22 14:30:00 拟合SABR参数，共 5 个到期日
  到期日 2025-09-19: RMSE=0.014552, MAPE=0.047783, 样本数=34
    参数: alpha=10.7591, rho=0.4403, volvar=4.3129
  到期日 2025-10-17: RMSE=0.004901, MAPE=0.016927, 样本数=24
    参数: alpha=11.8558, rho=0.3878, volvar=2.4922
  到期日 2025-11-21: RMSE=0.012502, MAPE=0.045559, 样本数=21
    参数: alpha=12.0303, rho=0.4956, volvar=2.0583
  到期日 2025-12-19: RMSE=0.031175, MAPE=0.109227, 样本数=17
    参数: alpha=15.3406, rho=0.8410, volvar=0.4552
  到期日 2026-03-20: RMSE=0.011062, MAPE=0.044525, 样本数=17
    参数: alpha=14.2006, rho=0.7044, volvar=0.1330

✅ SABR参数拟合完成!
   分钟: 2025-08-22 14:30:00
   到期日数量: 5
   参数文件: ./results_forecasting/sabr_forecast_all/hushen300_minute_forecast_clear/sabr_params_2025-08-22_14_30_00.pkl
   平均RMSE: 0.014838
   平均MAPE: 0.052804

==========================================
SABR参数拟合结束时间: 2025-10-18 11:24:07
==========================================
