==========================================
SABR参数拟合开始时间: 2025-10-18 11:24:23
分钟: 2025-08-25 09:30:00 | 划分: forecast
标记列: train_flag_inter
==========================================
加载数据: ../data/hushen300_minute/hushen300_minute.csv
筛选分钟: 2025-08-25 09:30:00
筛选后数据行数: 137
按照 train_flag_inter=1 筛选后数据行数: 137
对分钟 2025-08-25 09:30:00 拟合SABR参数，共 6 个到期日
  到期日 2025-09-19: RMSE=0.018923, MAPE=0.054850, 样本数=36
    参数: alpha=12.5580, rho=0.5949, volvar=5.0410
  到期日 2025-10-17: RMSE=0.008299, MAPE=0.029424, 样本数=26
    参数: alpha=12.3353, rho=0.4327, volvar=2.6729
  到期日 2025-11-21: RMSE=0.006637, MAPE=0.027438, 样本数=23
    参数: alpha=12.4379, rho=0.4524, volvar=1.9518
  到期日 2025-12-19: RMSE=0.020205, MAPE=0.077060, 样本数=18
    参数: alpha=129.9371, rho=0.9252, volvar=16.7255
  到期日 2026-03-20: RMSE=0.019158, MAPE=0.075752, 样本数=18
    参数: alpha=113.6990, rho=0.9341, volvar=12.6150
  到期日 2026-06-19: RMSE=0.003145, MAPE=0.010047, 样本数=16
    参数: alpha=13.4672, rho=0.3964, volvar=1.0221

✅ SABR参数拟合完成!
   分钟: 2025-08-25 09:30:00
   到期日数量: 6
   参数文件: ./results_forecasting/sabr_forecast_all/hushen300_minute_forecast_clear/sabr_params_2025-08-25_09_30_00.pkl
   平均RMSE: 0.012728
   平均MAPE: 0.045762

==========================================
SABR参数拟合结束时间: 2025-10-18 11:24:42
==========================================
