==========================================
SABR参数拟合开始时间: 2025-10-18 11:10:47
分钟: 2025-08-04 14:30:00 | 划分: forecast
标记列: train_flag_inter
==========================================
加载数据: ../data/hushen300_minute/hushen300_minute.csv
筛选分钟: 2025-08-04 14:30:00
筛选后数据行数: 105
按照 train_flag_inter=1 筛选后数据行数: 105
对分钟 2025-08-04 14:30:00 拟合SABR参数，共 5 个到期日
  到期日 2025-08-15: RMSE=0.013268, MAPE=0.049920, 样本数=24
    参数: alpha=7.3312, rho=-0.0122, volvar=6.2999
  到期日 2025-09-19: RMSE=0.010815, MAPE=0.041845, 样本数=32
    参数: alpha=8.5495, rho=0.0831, volvar=2.8520
  到期日 2025-10-17: RMSE=0.001972, MAPE=0.009937, 样本数=21
    参数: alpha=9.5967, rho=0.1420, volvar=1.8056
  到期日 2025-12-19: RMSE=0.002199, MAPE=0.009530, 样本数=15
    参数: alpha=10.2320, rho=0.1930, volvar=1.3166
  到期日 2026-06-19: RMSE=0.001937, MAPE=0.008644, 样本数=13
    参数: alpha=10.6598, rho=0.1198, volvar=0.9178

✅ SABR参数拟合完成!
   分钟: 2025-08-04 14:30:00
   到期日数量: 5
   参数文件: ./results_forecasting/sabr_forecast_all/hushen300_minute_forecast_clear/sabr_params_2025-08-04_14_30_00.pkl
   平均RMSE: 0.006038
   平均MAPE: 0.023975

==========================================
SABR参数拟合结束时间: 2025-10-18 11:10:54
==========================================
