==========================================
SABR参数拟合开始时间: 2025-10-18 11:12:05
分钟: 2025-08-06 14:30:00 | 划分: forecast
标记列: train_flag_inter
==========================================
加载数据: ../data/hushen300_minute/hushen300_minute.csv
筛选分钟: 2025-08-06 14:30:00
筛选后数据行数: 96
按照 train_flag_inter=1 筛选后数据行数: 96
对分钟 2025-08-06 14:30:00 拟合SABR参数，共 5 个到期日
  到期日 2025-09-19: RMSE=0.010610, MAPE=0.039322, 样本数=32
    参数: alpha=8.5167, rho=0.1471, volvar=3.0401
  到期日 2025-10-17: RMSE=0.005822, MAPE=0.026393, 样本数=21
    参数: alpha=9.5567, rho=0.2500, volvar=2.0037
  到期日 2025-12-19: RMSE=0.002199, MAPE=0.008463, 样本数=15
    参数: alpha=10.8078, rho=0.1749, volvar=1.0958
  到期日 2026-03-20: RMSE=0.001400, MAPE=0.005621, 样本数=15
    参数: alpha=11.0022, rho=0.1964, volvar=0.9066
  到期日 2026-06-19: RMSE=0.001649, MAPE=0.006258, 样本数=13
    参数: alpha=10.5128, rho=0.2014, volvar=1.0542

✅ SABR参数拟合完成!
   分钟: 2025-08-06 14:30:00
   到期日数量: 5
   参数文件: ./results_forecasting/sabr_forecast_all/hushen300_minute_forecast_clear/sabr_params_2025-08-06_14_30_00.pkl
   平均RMSE: 0.004336
   平均MAPE: 0.017212

==========================================
SABR参数拟合结束时间: 2025-10-18 11:12:13
==========================================
