==========================================
SABR参数拟合开始时间: 2025-10-18 11:22:37
分钟: 2025-08-22 10:30:00 | 划分: forecast
标记列: train_flag_inter
==========================================
加载数据: ../data/hushen300_minute/hushen300_minute.csv
筛选分钟: 2025-08-22 10:30:00
筛选后数据行数: 128
按照 train_flag_inter=1 筛选后数据行数: 128
对分钟 2025-08-22 10:30:00 拟合SABR参数，共 6 个到期日
  到期日 2025-09-19: RMSE=0.015181, MAPE=0.049994, 样本数=34
    参数: alpha=10.2467, rho=0.3135, volvar=4.0211
  到期日 2025-10-17: RMSE=0.004779, MAPE=0.019225, 样本数=24
    参数: alpha=11.6853, rho=0.3308, volvar=2.2030
  到期日 2025-11-21: RMSE=0.006251, MAPE=0.024540, 样本数=21
    参数: alpha=12.4392, rho=0.3023, volvar=1.4873
  到期日 2025-12-19: RMSE=0.017512, MAPE=0.070005, 样本数=17
    参数: alpha=13.9469, rho=0.4139, volvar=0.0001
  到期日 2026-03-20: RMSE=0.030911, MAPE=0.115534, 样本数=17
    参数: alpha=82.8554, rho=0.8890, volvar=15.3459
  到期日 2026-06-19: RMSE=0.002148, MAPE=0.007276, 样本数=15
    参数: alpha=12.7369, rho=0.3807, volvar=1.0048

✅ SABR参数拟合完成!
   分钟: 2025-08-22 10:30:00
   到期日数量: 6
   参数文件: ./results_forecasting/sabr_forecast_all/hushen300_minute_forecast_clear/sabr_params_2025-08-22_10_30_00.pkl
   平均RMSE: 0.012797
   平均MAPE: 0.047763

==========================================
SABR参数拟合结束时间: 2025-10-18 11:22:50
==========================================
