==========================================
SABR参数拟合开始时间: 2025-10-18 11:12:39
分钟: 2025-08-08 10:30:00 | 划分: forecast
标记列: train_flag_inter
==========================================
加载数据: ../data/hushen300_minute/hushen300_minute.csv
筛选分钟: 2025-08-08 10:30:00
筛选后数据行数: 99
按照 train_flag_inter=1 筛选后数据行数: 99
对分钟 2025-08-08 10:30:00 拟合SABR参数，共 5 个到期日
  到期日 2025-08-15: RMSE=0.011031, MAPE=0.040400, 样本数=24
    参数: alpha=6.7694, rho=-0.1201, volvar=8.3985
  到期日 2025-09-19: RMSE=0.009578, MAPE=0.033751, 样本数=32
    参数: alpha=8.3580, rho=0.0636, volvar=3.0652
  到期日 2025-12-19: RMSE=0.002938, MAPE=0.012068, 样本数=15
    参数: alpha=11.0551, rho=0.2056, volvar=1.1017
  到期日 2026-03-20: RMSE=0.009484, MAPE=0.041065, 样本数=15
    参数: alpha=12.0568, rho=-0.1664, volvar=0.0001
  到期日 2026-06-19: RMSE=0.003261, MAPE=0.013366, 样本数=13
    参数: alpha=11.2849, rho=0.2510, volvar=0.8934

✅ SABR参数拟合完成!
   分钟: 2025-08-08 10:30:00
   到期日数量: 5
   参数文件: ./results_forecasting/sabr_forecast_all/hushen300_minute_forecast_clear/sabr_params_2025-08-08_10_30_00.pkl
   平均RMSE: 0.007258
   平均MAPE: 0.028130

==========================================
SABR参数拟合结束时间: 2025-10-18 11:12:47
==========================================
