==========================================
SABR参数拟合开始时间: 2025-10-18 11:14:33
分钟: 2025-08-11 13:00:00 | 划分: forecast
标记列: train_flag_inter
==========================================
加载数据: ../data/hushen300_minute/hushen300_minute.csv
筛选分钟: 2025-08-11 13:00:00
筛选后数据行数: 120
按照 train_flag_inter=1 筛选后数据行数: 120
对分钟 2025-08-11 13:00:00 拟合SABR参数，共 6 个到期日
  到期日 2025-08-15: RMSE=0.020456, MAPE=0.051179, 样本数=24
    参数: alpha=7.4626, rho=0.0492, volvar=12.1829
  到期日 2025-09-19: RMSE=0.010800, MAPE=0.041439, 样本数=32
    参数: alpha=8.0546, rho=0.1486, volvar=3.3621
  到期日 2025-10-17: RMSE=0.002137, MAPE=0.008685, 样本数=21
    参数: alpha=9.6800, rho=0.2514, volvar=1.8065
  到期日 2025-12-19: RMSE=0.002225, MAPE=0.008521, 样本数=15
    参数: alpha=10.9616, rho=0.2490, volvar=1.2082
  到期日 2026-03-20: RMSE=0.001196, MAPE=0.004656, 样本数=15
    参数: alpha=11.1023, rho=0.2072, volvar=0.9860
  到期日 2026-06-19: RMSE=0.001794, MAPE=0.007038, 样本数=13
    参数: alpha=11.0486, rho=0.2347, volvar=0.9628

✅ SABR参数拟合完成!
   分钟: 2025-08-11 13:00:00
   到期日数量: 6
   参数文件: ./results_forecasting/sabr_forecast_all/hushen300_minute_forecast_clear/sabr_params_2025-08-11_13_00_00.pkl
   平均RMSE: 0.006435
   平均MAPE: 0.020253

==========================================
SABR参数拟合结束时间: 2025-10-18 11:14:41
==========================================
