==========================================
SABR参数拟合开始时间: 2025-10-18 11:27:42
分钟: 2025-08-27 10:00:00 | 划分: forecast
标记列: train_flag_inter
==========================================
加载数据: ../data/hushen300_minute/hushen300_minute.csv
筛选分钟: 2025-08-27 10:00:00
筛选后数据行数: 146
按照 train_flag_inter=1 筛选后数据行数: 146
对分钟 2025-08-27 10:00:00 拟合SABR参数，共 6 个到期日
  到期日 2025-09-19: RMSE=0.024069, MAPE=0.067791, 样本数=38
    参数: alpha=13.4229, rho=0.3884, volvar=4.1540
  到期日 2025-10-17: RMSE=0.002757, MAPE=0.008595, 样本数=28
    参数: alpha=14.3393, rho=0.3261, volvar=2.2204
  到期日 2025-11-21: RMSE=0.003503, MAPE=0.011530, 样本数=25
    参数: alpha=15.0189, rho=0.5157, volvar=1.3565
  到期日 2025-12-19: RMSE=0.021439, MAPE=0.078422, 样本数=19
    参数: alpha=143.0120, rho=0.9400, volvar=15.9654
  到期日 2026-03-20: RMSE=0.068786, MAPE=0.250722, 样本数=19
    参数: alpha=32.5493, rho=0.8609, volvar=14.8223
  到期日 2026-06-19: RMSE=0.017567, MAPE=0.069757, 样本数=17
    参数: alpha=101.8957, rho=0.9284, volvar=11.1861

✅ SABR参数拟合完成!
   分钟: 2025-08-27 10:00:00
   到期日数量: 6
   参数文件: ./results_forecasting/sabr_forecast_all/hushen300_minute_forecast_clear/sabr_params_2025-08-27_10_00_00.pkl
   平均RMSE: 0.023020
   平均MAPE: 0.081136

==========================================
SABR参数拟合结束时间: 2025-10-18 11:28:04
==========================================
