==========================================
SABR参数拟合开始时间: 2025-10-18 11:32:20
分钟: 2025-08-29 13:30:00 | 划分: forecast
标记列: train_flag_inter
==========================================
加载数据: ../data/hushen300_minute/hushen300_minute.csv
筛选分钟: 2025-08-29 13:30:00
筛选后数据行数: 129
按照 train_flag_inter=1 筛选后数据行数: 129
对分钟 2025-08-29 13:30:00 拟合SABR参数，共 5 个到期日
  到期日 2025-09-19: RMSE=0.026975, MAPE=0.075017, 样本数=38
    参数: alpha=13.2670, rho=0.4555, volvar=4.8524
  到期日 2025-10-17: RMSE=0.004653, MAPE=0.013870, 样本数=28
    参数: alpha=15.1533, rho=0.3778, volvar=2.0023
  到期日 2025-11-21: RMSE=0.005635, MAPE=0.017139, 样本数=25
    参数: alpha=15.4205, rho=0.5271, volvar=1.0438
  到期日 2025-12-19: RMSE=0.018808, MAPE=0.070853, 样本数=19
    参数: alpha=147.5946, rho=0.9470, volvar=15.6486
  到期日 2026-03-20: RMSE=0.068039, MAPE=0.249752, 样本数=19
    参数: alpha=32.9657, rho=0.8617, volvar=14.7294

✅ SABR参数拟合完成!
   分钟: 2025-08-29 13:30:00
   到期日数量: 5
   参数文件: ./results_forecasting/sabr_forecast_all/hushen300_minute_forecast_clear/sabr_params_2025-08-29_13_30_00.pkl
   平均RMSE: 0.024822
   平均MAPE: 0.085326

==========================================
SABR参数拟合结束时间: 2025-10-18 11:32:36
==========================================
