==========================================
SABR参数拟合开始时间: 2025-10-18 11:18:03
分钟: 2025-08-15 14:50:00 | 划分: forecast
标记列: train_flag_inter
==========================================
加载数据: ../data/hushen300_minute/hushen300_minute.csv
筛选分钟: 2025-08-15 14:50:00
筛选后数据行数: 96
按照 train_flag_inter=1 筛选后数据行数: 96
对分钟 2025-08-15 14:50:00 拟合SABR参数，共 5 个到期日
  到期日 2025-09-19: RMSE=0.013130, MAPE=0.044402, 样本数=32
    参数: alpha=10.4139, rho=0.2758, volvar=3.4126
  到期日 2025-10-17: RMSE=0.001807, MAPE=0.008000, 样本数=21
    参数: alpha=11.1757, rho=0.3389, volvar=2.1569
  到期日 2025-12-19: RMSE=0.002694, MAPE=0.010188, 样本数=15
    参数: alpha=12.0200, rho=0.3950, volvar=1.4194
  到期日 2026-03-20: RMSE=0.001691, MAPE=0.007064, 样本数=15
    参数: alpha=12.1192, rho=0.3858, volvar=1.0057
  到期日 2026-06-19: RMSE=0.002076, MAPE=0.008369, 样本数=13
    参数: alpha=11.4047, rho=0.3771, volvar=1.2279

✅ SABR参数拟合完成!
   分钟: 2025-08-15 14:50:00
   到期日数量: 5
   参数文件: ./results_forecasting/sabr_forecast_all/hushen300_minute_forecast_clear/sabr_params_2025-08-15_14_50_00.pkl
   平均RMSE: 0.004279
   平均MAPE: 0.015604

==========================================
SABR参数拟合结束时间: 2025-10-18 11:18:13
==========================================
