==========================================
SABR参数拟合开始时间: 2025-10-18 11:12:20
分钟: 2025-08-08 09:30:00 | 划分: forecast
标记列: train_flag_inter
==========================================
加载数据: ../data/hushen300_minute/hushen300_minute.csv
筛选分钟: 2025-08-08 09:30:00
筛选后数据行数: 120
按照 train_flag_inter=1 筛选后数据行数: 120
对分钟 2025-08-08 09:30:00 拟合SABR参数，共 6 个到期日
  到期日 2025-08-15: RMSE=0.012147, MAPE=0.037138, 样本数=24
    参数: alpha=6.4619, rho=-0.1328, volvar=8.6277
  到期日 2025-09-19: RMSE=0.008941, MAPE=0.034009, 样本数=32
    参数: alpha=8.5817, rho=0.1358, volvar=3.0704
  到期日 2025-10-17: RMSE=0.002230, MAPE=0.009848, 样本数=21
    参数: alpha=10.0818, rho=0.1918, volvar=1.7634
  到期日 2025-12-19: RMSE=0.001281, MAPE=0.004950, 样本数=15
    参数: alpha=10.9578, rho=0.2167, volvar=1.1225
  到期日 2026-03-20: RMSE=0.001431, MAPE=0.005650, 样本数=15
    参数: alpha=10.9913, rho=0.2216, volvar=1.0678
  到期日 2026-06-19: RMSE=0.002266, MAPE=0.010818, 样本数=13
    参数: alpha=11.2368, rho=0.1614, volvar=0.8626

✅ SABR参数拟合完成!
   分钟: 2025-08-08 09:30:00
   到期日数量: 6
   参数文件: ./results_forecasting/sabr_forecast_all/hushen300_minute_forecast_clear/sabr_params_2025-08-08_09_30_00.pkl
   平均RMSE: 0.004716
   平均MAPE: 0.017069

==========================================
SABR参数拟合结束时间: 2025-10-18 11:12:29
==========================================
