==========================================
SABR参数拟合开始时间: 2025-10-18 11:26:18
分钟: 2025-08-25 13:30:00 | 划分: forecast
标记列: train_flag_inter
==========================================
加载数据: ../data/hushen300_minute/hushen300_minute.csv
筛选分钟: 2025-08-25 13:30:00
筛选后数据行数: 137
按照 train_flag_inter=1 筛选后数据行数: 137
对分钟 2025-08-25 13:30:00 拟合SABR参数，共 6 个到期日
  到期日 2025-09-19: RMSE=0.020447, MAPE=0.058665, 样本数=36
    参数: alpha=13.2134, rho=0.4643, volvar=4.4177
  到期日 2025-10-17: RMSE=0.003465, MAPE=0.011449, 样本数=26
    参数: alpha=14.0885, rho=0.3679, volvar=2.2361
  到期日 2025-11-21: RMSE=0.005070, MAPE=0.017351, 样本数=23
    参数: alpha=14.5397, rho=0.4696, volvar=1.1850
  到期日 2025-12-19: RMSE=0.065150, MAPE=0.240260, 样本数=18
    参数: alpha=29.2469, rho=0.8646, volvar=17.4175
  到期日 2026-03-20: RMSE=0.019108, MAPE=0.074676, 样本数=18
    参数: alpha=115.2499, rho=0.9421, volvar=12.0773
  到期日 2026-06-19: RMSE=0.014762, MAPE=0.053888, 样本数=16
    参数: alpha=14.6378, rho=0.8335, volvar=0.5317

✅ SABR参数拟合完成!
   分钟: 2025-08-25 13:30:00
   到期日数量: 6
   参数文件: ./results_forecasting/sabr_forecast_all/hushen300_minute_forecast_clear/sabr_params_2025-08-25_13_30_00.pkl
   平均RMSE: 0.021334
   平均MAPE: 0.076048

==========================================
SABR参数拟合结束时间: 2025-10-18 11:26:34
==========================================
