==========================================
SABR参数拟合开始时间: 2025-10-18 11:24:07
分钟: 2025-08-22 14:50:00 | 划分: forecast
标记列: train_flag_inter
==========================================
加载数据: ../data/hushen300_minute/hushen300_minute.csv
筛选分钟: 2025-08-22 14:50:00
筛选后数据行数: 111
按照 train_flag_inter=1 筛选后数据行数: 111
对分钟 2025-08-22 14:50:00 拟合SABR参数，共 5 个到期日
  到期日 2025-09-19: RMSE=0.015007, MAPE=0.048065, 样本数=34
    参数: alpha=11.9602, rho=0.4997, volvar=4.3526
  到期日 2025-10-17: RMSE=0.002036, MAPE=0.007840, 样本数=24
    参数: alpha=12.5603, rho=0.3768, volvar=2.3508
  到期日 2025-11-21: RMSE=0.007534, MAPE=0.028482, 样本数=21
    参数: alpha=12.9687, rho=0.3445, volvar=1.4930
  到期日 2025-12-19: RMSE=0.019603, MAPE=0.077710, 样本数=17
    参数: alpha=138.3580, rho=0.9317, volvar=16.4222
  到期日 2026-06-19: RMSE=0.016012, MAPE=0.064373, 样本数=15
    参数: alpha=96.4196, rho=0.9164, volvar=11.8562

✅ SABR参数拟合完成!
   分钟: 2025-08-22 14:50:00
   到期日数量: 5
   参数文件: ./results_forecasting/sabr_forecast_all/hushen300_minute_forecast_clear/sabr_params_2025-08-22_14_50_00.pkl
   平均RMSE: 0.012039
   平均MAPE: 0.045294

==========================================
SABR参数拟合结束时间: 2025-10-18 11:24:23
==========================================
