==========================================
SABR参数拟合开始时间: 2025-10-18 11:10:14
分钟: 2025-08-04 13:00:00 | 划分: forecast
标记列: train_flag_inter
==========================================
加载数据: ../data/hushen300_minute/hushen300_minute.csv
筛选分钟: 2025-08-04 13:00:00
筛选后数据行数: 120
按照 train_flag_inter=1 筛选后数据行数: 120
对分钟 2025-08-04 13:00:00 拟合SABR参数，共 6 个到期日
  到期日 2025-08-15: RMSE=0.010599, MAPE=0.039548, 样本数=24
    参数: alpha=7.7514, rho=-0.0395, volvar=6.1066
  到期日 2025-09-19: RMSE=0.010223, MAPE=0.039098, 样本数=32
    参数: alpha=8.6905, rho=0.0517, volvar=2.7806
  到期日 2025-10-17: RMSE=0.002694, MAPE=0.011967, 样本数=21
    参数: alpha=9.4665, rho=0.1604, volvar=1.8877
  到期日 2025-12-19: RMSE=0.001802, MAPE=0.008139, 样本数=15
    参数: alpha=10.2071, rho=0.1824, volvar=1.3032
  到期日 2026-03-20: RMSE=0.001595, MAPE=0.007300, 样本数=15
    参数: alpha=10.4170, rho=0.1354, volvar=1.0621
  到期日 2026-06-19: RMSE=0.002857, MAPE=0.011295, 样本数=13
    参数: alpha=10.6849, rho=0.0927, volvar=0.9153

✅ SABR参数拟合完成!
   分钟: 2025-08-04 13:00:00
   到期日数量: 6
   参数文件: ./results_forecasting/sabr_forecast_all/hushen300_minute_forecast_clear/sabr_params_2025-08-04_13_00_00.pkl
   平均RMSE: 0.004961
   平均MAPE: 0.019558

==========================================
SABR参数拟合结束时间: 2025-10-18 11:10:23
==========================================
