==========================================
SABR参数拟合开始时间: 2025-10-18 11:16:43
分钟: 2025-08-15 09:30:00 | 划分: forecast
标记列: train_flag_inter
==========================================
加载数据: ../data/hushen300_minute/hushen300_minute.csv
筛选分钟: 2025-08-15 09:30:00
筛选后数据行数: 96
按照 train_flag_inter=1 筛选后数据行数: 96
对分钟 2025-08-15 09:30:00 拟合SABR参数，共 5 个到期日
  到期日 2025-09-19: RMSE=0.014564, MAPE=0.047595, 样本数=32
    参数: alpha=8.9137, rho=0.1706, volvar=3.4929
  到期日 2025-10-17: RMSE=0.003523, MAPE=0.015852, 样本数=21
    参数: alpha=10.4853, rho=0.2978, volvar=2.1067
  到期日 2025-12-19: RMSE=0.003356, MAPE=0.011950, 样本数=15
    参数: alpha=11.2009, rho=0.3235, volvar=1.3561
  到期日 2026-03-20: RMSE=0.007840, MAPE=0.034586, 样本数=15
    参数: alpha=12.5207, rho=0.5740, volvar=0.0800
  到期日 2026-06-19: RMSE=0.002634, MAPE=0.011300, 样本数=13
    参数: alpha=11.1790, rho=0.2546, volvar=1.1299

✅ SABR参数拟合完成!
   分钟: 2025-08-15 09:30:00
   到期日数量: 5
   参数文件: ./results_forecasting/sabr_forecast_all/hushen300_minute_forecast_clear/sabr_params_2025-08-15_09_30_00.pkl
   平均RMSE: 0.006383
   平均MAPE: 0.024257

==========================================
SABR参数拟合结束时间: 2025-10-18 11:16:51
==========================================
