==========================================
SABR参数拟合开始时间: 2025-10-18 11:14:57
分钟: 2025-08-11 14:30:00 | 划分: forecast
标记列: train_flag_inter
==========================================
加载数据: ../data/hushen300_minute/hushen300_minute.csv
筛选分钟: 2025-08-11 14:30:00
筛选后数据行数: 120
按照 train_flag_inter=1 筛选后数据行数: 120
对分钟 2025-08-11 14:30:00 拟合SABR参数，共 6 个到期日
  到期日 2025-08-15: RMSE=0.017154, MAPE=0.045668, 样本数=24
    参数: alpha=6.3458, rho=0.0134, volvar=13.0255
  到期日 2025-09-19: RMSE=0.013157, MAPE=0.049556, 样本数=32
    参数: alpha=7.8641, rho=0.1252, volvar=3.3781
  到期日 2025-10-17: RMSE=0.001855, MAPE=0.008221, 样本数=21
    参数: alpha=9.3728, rho=0.2819, volvar=2.0392
  到期日 2025-12-19: RMSE=0.001959, MAPE=0.007668, 样本数=15
    参数: alpha=10.9369, rho=0.2359, volvar=1.1763
  到期日 2026-03-20: RMSE=0.001214, MAPE=0.005549, 样本数=15
    参数: alpha=10.9425, rho=0.1924, volvar=1.0616
  到期日 2026-06-19: RMSE=0.001590, MAPE=0.005818, 样本数=13
    参数: alpha=11.2406, rho=0.2413, volvar=0.8916

✅ SABR参数拟合完成!
   分钟: 2025-08-11 14:30:00
   到期日数量: 6
   参数文件: ./results_forecasting/sabr_forecast_all/hushen300_minute_forecast_clear/sabr_params_2025-08-11_14_30_00.pkl
   平均RMSE: 0.006155
   平均MAPE: 0.020413

==========================================
SABR参数拟合结束时间: 2025-10-18 11:15:06
==========================================
