==========================================
SABR参数拟合开始时间: 2025-10-18 11:32:36
分钟: 2025-08-29 14:00:00 | 划分: forecast
标记列: train_flag_inter
==========================================
加载数据: ../data/hushen300_minute/hushen300_minute.csv
筛选分钟: 2025-08-29 14:00:00
筛选后数据行数: 146
按照 train_flag_inter=1 筛选后数据行数: 146
对分钟 2025-08-29 14:00:00 拟合SABR参数，共 6 个到期日
  到期日 2025-09-19: RMSE=0.026718, MAPE=0.074076, 样本数=38
    参数: alpha=13.4387, rho=0.4735, volvar=4.9274
  到期日 2025-10-17: RMSE=0.005706, MAPE=0.020013, 样本数=28
    参数: alpha=15.0312, rho=0.4248, volvar=2.2596
  到期日 2025-11-21: RMSE=0.004474, MAPE=0.013771, 样本数=25
    参数: alpha=15.4316, rho=0.5556, volvar=1.1564
  到期日 2025-12-19: RMSE=0.019456, MAPE=0.071316, 样本数=19
    参数: alpha=135.4787, rho=0.9401, volvar=15.6371
  到期日 2026-03-20: RMSE=0.022050, MAPE=0.082545, 样本数=19
    参数: alpha=124.4587, rho=0.9502, volvar=11.9978
  到期日 2026-06-19: RMSE=0.002897, MAPE=0.008794, 样本数=17
    参数: alpha=14.1031, rho=0.4215, volvar=1.0506

✅ SABR参数拟合完成!
   分钟: 2025-08-29 14:00:00
   到期日数量: 6
   参数文件: ./results_forecasting/sabr_forecast_all/hushen300_minute_forecast_clear/sabr_params_2025-08-29_14_00_00.pkl
   平均RMSE: 0.013550
   平均MAPE: 0.045086

==========================================
SABR参数拟合结束时间: 2025-10-18 11:32:57
==========================================
