==========================================
SABR参数拟合开始时间: 2025-10-18 11:31:38
分钟: 2025-08-29 11:20:00 | 划分: forecast
标记列: train_flag_inter
==========================================
/home/douxueli/IV/IV_code_2.0.8/sabr/sabr.py:50: RuntimeWarning: invalid value encountered in log
  return np.log(a/b)
加载数据: ../data/hushen300_minute/hushen300_minute.csv
筛选分钟: 2025-08-29 11:20:00
筛选后数据行数: 146
按照 train_flag_inter=1 筛选后数据行数: 146
对分钟 2025-08-29 11:20:00 拟合SABR参数，共 6 个到期日
  到期日 2025-09-19: RMSE=0.026461, MAPE=0.070120, 样本数=38
    参数: alpha=13.3333, rho=0.4872, volvar=4.9989
  到期日 2025-10-17: RMSE=0.004354, MAPE=0.013518, 样本数=28
    参数: alpha=14.9528, rho=0.4107, volvar=2.0626
  到期日 2025-11-21: RMSE=0.005893, MAPE=0.019522, 样本数=25
    参数: alpha=15.3485, rho=0.5078, volvar=1.2405
  到期日 2025-12-19: RMSE=0.004349, MAPE=0.012349, 样本数=19
    参数: alpha=14.9875, rho=0.4641, volvar=1.3237
  到期日 2026-03-20: RMSE=0.021319, MAPE=0.078760, 样本数=19
    参数: alpha=120.0390, rho=0.9443, volvar=12.1831
  到期日 2026-06-19: RMSE=0.003461, MAPE=0.011532, 样本数=17
    参数: alpha=13.8081, rho=0.4442, volvar=1.1338

✅ SABR参数拟合完成!
   分钟: 2025-08-29 11:20:00
   到期日数量: 6
   参数文件: ./results_forecasting/sabr_forecast_all/hushen300_minute_forecast_clear/sabr_params_2025-08-29_11_20_00.pkl
   平均RMSE: 0.010973
   平均MAPE: 0.034300

==========================================
SABR参数拟合结束时间: 2025-10-18 11:31:58
==========================================
