==========================================
SVI拟合开始时间: 2025-10-18 10:50:16
分钟: 2025-08-27 11:20:00 | 划分: forecast
标记列: train_flag_inter
==========================================
加载数据: ../data/hushen300_minute/hushen300_minute.csv
筛选分钟: 2025-08-27 11:20:00
筛选后数据行数: 146
按照 train_flag_inter=1 筛选后数据行数: 146
对分钟 2025-08-27 11:20:00 拟合SVI参数，共 6 个到期日
  到期日 2025-09-19: RMSE=0.008964, MAPE=0.019971, 样本数=38
  到期日 2025-10-17: RMSE=0.003299, MAPE=0.010222, 样本数=28
  到期日 2025-11-21: RMSE=0.019027, MAPE=0.071410, 样本数=25
  到期日 2025-12-19: RMSE=0.002991, MAPE=0.009343, 样本数=19
  到期日 2026-03-20: RMSE=0.001314, MAPE=0.004909, 样本数=19
  到期日 2026-06-19: RMSE=0.013118, MAPE=0.051437, 样本数=17

✅ SVI参数拟合完成!
   分钟: 2025-08-27 11:20:00
   到期日数量: 6
   参数文件: ./results_forecasting/svi_forecast_all/hushen300_minute_forecast_clear/svi_params_2025-08-27_11_20_00.pkl
   平均RMSE: 0.008119
   平均MAPE: 0.027882

==========================================
SVI拟合结束时间: 2025-10-18 10:50:20
==========================================
