==========================================
SVI拟合开始时间: 2025-10-18 10:44:04
分钟: 2025-08-11 10:30:00 | 划分: forecast
标记列: train_flag_inter
==========================================
/home/douxueli/miniconda3/envs/iv/lib/python3.11/site-packages/scipy/optimize/_optimize.py:404: RuntimeWarning: Values in x were outside bounds during a minimize step, clipping to bounds
  warnings.warn("Values in x were outside bounds during a "
加载数据: ../data/hushen300_minute/hushen300_minute.csv
筛选分钟: 2025-08-11 10:30:00
筛选后数据行数: 120
按照 train_flag_inter=1 筛选后数据行数: 120
对分钟 2025-08-11 10:30:00 拟合SVI参数，共 6 个到期日
  到期日 2025-08-15: RMSE=0.012839, MAPE=0.021351, 样本数=24
  到期日 2025-09-19: RMSE=0.002483, MAPE=0.007451, 样本数=32
  到期日 2025-10-17: RMSE=0.002178, MAPE=0.011047, 样本数=21
  到期日 2025-12-19: RMSE=0.001679, MAPE=0.007669, 样本数=15
  到期日 2026-03-20: RMSE=0.001300, MAPE=0.005588, 样本数=15
  到期日 2026-06-19: RMSE=0.002260, MAPE=0.010300, 样本数=13

✅ SVI参数拟合完成!
   分钟: 2025-08-11 10:30:00
   到期日数量: 6
   参数文件: ./results_forecasting/svi_forecast_all/hushen300_minute_forecast_clear/svi_params_2025-08-11_10_30_00.pkl
   平均RMSE: 0.003790
   平均MAPE: 0.010567

==========================================
SVI拟合结束时间: 2025-10-18 10:44:12
==========================================
