==========================================
SVI拟合开始时间: 2025-10-18 10:50:50
分钟: 2025-08-29 10:00:00 | 划分: forecast
标记列: train_flag_inter
==========================================
/home/douxueli/miniconda3/envs/iv/lib/python3.11/site-packages/scipy/optimize/_optimize.py:404: RuntimeWarning: Values in x were outside bounds during a minimize step, clipping to bounds
  warnings.warn("Values in x were outside bounds during a "
加载数据: ../data/hushen300_minute/hushen300_minute.csv
筛选分钟: 2025-08-29 10:00:00
筛选后数据行数: 146
按照 train_flag_inter=1 筛选后数据行数: 146
对分钟 2025-08-29 10:00:00 拟合SVI参数，共 6 个到期日
  到期日 2025-09-19: RMSE=0.013220, MAPE=0.030641, 样本数=38
  到期日 2025-10-17: RMSE=0.004704, MAPE=0.014419, 样本数=28
  到期日 2025-11-21: RMSE=0.028413, MAPE=0.118713, 样本数=25
  到期日 2025-12-19: RMSE=0.003364, MAPE=0.011026, 样本数=19
  到期日 2026-03-20: RMSE=0.001828, MAPE=0.006324, 样本数=19
  到期日 2026-06-19: RMSE=0.013938, MAPE=0.052422, 样本数=17

✅ SVI参数拟合完成!
   分钟: 2025-08-29 10:00:00
   到期日数量: 6
   参数文件: ./results_forecasting/svi_forecast_all/hushen300_minute_forecast_clear/svi_params_2025-08-29_10_00_00.pkl
   平均RMSE: 0.010911
   平均MAPE: 0.038924

==========================================
SVI拟合结束时间: 2025-10-18 10:50:55
==========================================
