==========================================
SVI拟合开始时间: 2025-10-18 10:49:01
分钟: 2025-08-22 14:30:00 | 划分: forecast
标记列: train_flag_inter
==========================================
加载数据: ../data/hushen300_minute/hushen300_minute.csv
筛选分钟: 2025-08-22 14:30:00
筛选后数据行数: 113
按照 train_flag_inter=1 筛选后数据行数: 113
对分钟 2025-08-22 14:30:00 拟合SVI参数，共 5 个到期日
  到期日 2025-09-19: RMSE=0.004845, MAPE=0.014052, 样本数=34
  到期日 2025-10-17: RMSE=0.004207, MAPE=0.015352, 样本数=24
  到期日 2025-11-21: RMSE=0.027011, MAPE=0.127922, 样本数=21
  到期日 2025-12-19: RMSE=0.001286, MAPE=0.005207, 样本数=17
  到期日 2026-03-20: RMSE=0.003103, MAPE=0.010620, 样本数=17

✅ SVI参数拟合完成!
   分钟: 2025-08-22 14:30:00
   到期日数量: 5
   参数文件: ./results_forecasting/svi_forecast_all/hushen300_minute_forecast_clear/svi_params_2025-08-22_14_30_00.pkl
   平均RMSE: 0.008091
   平均MAPE: 0.034631

==========================================
SVI拟合结束时间: 2025-10-18 10:49:06
==========================================
