==========================================
SVI拟合开始时间: 2025-10-18 10:48:28
分钟: 2025-08-22 10:30:00 | 划分: forecast
标记列: train_flag_inter
==========================================
加载数据: ../data/hushen300_minute/hushen300_minute.csv
筛选分钟: 2025-08-22 10:30:00
筛选后数据行数: 128
按照 train_flag_inter=1 筛选后数据行数: 128
对分钟 2025-08-22 10:30:00 拟合SVI参数，共 6 个到期日
  到期日 2025-09-19: RMSE=0.004300, MAPE=0.008380, 样本数=34
  到期日 2025-10-17: RMSE=0.003475, MAPE=0.012403, 样本数=24
  到期日 2025-11-21: RMSE=0.012393, MAPE=0.047070, 样本数=21
  到期日 2025-12-19: RMSE=0.001233, MAPE=0.004524, 样本数=17
  到期日 2026-03-20: RMSE=0.002101, MAPE=0.007835, 样本数=17
  到期日 2026-06-19: RMSE=0.009884, MAPE=0.038121, 样本数=15

✅ SVI参数拟合完成!
   分钟: 2025-08-22 10:30:00
   到期日数量: 6
   参数文件: ./results_forecasting/svi_forecast_all/hushen300_minute_forecast_clear/svi_params_2025-08-22_10_30_00.pkl
   平均RMSE: 0.005564
   平均MAPE: 0.019722

==========================================
SVI拟合结束时间: 2025-10-18 10:48:35
==========================================
