==========================================
SVI拟合开始时间: 2025-10-18 10:47:21
分钟: 2025-08-18 14:30:00 | 划分: forecast
标记列: train_flag_inter
==========================================
加载数据: ../data/hushen300_minute/hushen300_minute.csv
筛选分钟: 2025-08-18 14:30:00
筛选后数据行数: 106
按照 train_flag_inter=1 筛选后数据行数: 106
对分钟 2025-08-18 14:30:00 拟合SVI参数，共 5 个到期日
  到期日 2025-09-19: RMSE=0.005166, MAPE=0.013832, 样本数=33
  到期日 2025-10-17: RMSE=0.002012, MAPE=0.008057, 样本数=22
  到期日 2025-11-21: RMSE=0.016262, MAPE=0.063957, 样本数=19
  到期日 2025-12-19: RMSE=0.001175, MAPE=0.004647, 样本数=16
  到期日 2026-03-20: RMSE=0.002029, MAPE=0.007960, 样本数=16

✅ SVI参数拟合完成!
   分钟: 2025-08-18 14:30:00
   到期日数量: 5
   参数文件: ./results_forecasting/svi_forecast_all/hushen300_minute_forecast_clear/svi_params_2025-08-18_14_30_00.pkl
   平均RMSE: 0.005329
   平均MAPE: 0.019691

==========================================
SVI拟合结束时间: 2025-10-18 10:47:27
==========================================
