==========================================
SVI拟合开始时间: 2025-10-18 10:47:10
分钟: 2025-08-18 13:00:00 | 划分: forecast
标记列: train_flag_inter
==========================================
加载数据: ../data/hushen300_minute/hushen300_minute.csv
筛选分钟: 2025-08-18 13:00:00
筛选后数据行数: 120
按照 train_flag_inter=1 筛选后数据行数: 120
对分钟 2025-08-18 13:00:00 拟合SVI参数，共 6 个到期日
  到期日 2025-09-19: RMSE=0.005920, MAPE=0.016243, 样本数=33
  到期日 2025-10-17: RMSE=0.024200, MAPE=0.099353, 样本数=22
  到期日 2025-11-21: RMSE=0.015659, MAPE=0.057999, 样本数=19
  到期日 2025-12-19: RMSE=0.003137, MAPE=0.011794, 样本数=16
  到期日 2026-03-20: RMSE=0.015946, MAPE=0.067060, 样本数=16
  到期日 2026-06-19: RMSE=0.012613, MAPE=0.051186, 样本数=14

✅ SVI参数拟合完成!
   分钟: 2025-08-18 13:00:00
   到期日数量: 6
   参数文件: ./results_forecasting/svi_forecast_all/hushen300_minute_forecast_clear/svi_params_2025-08-18_13_00_00.pkl
   平均RMSE: 0.012913
   平均MAPE: 0.050606

==========================================
SVI拟合结束时间: 2025-10-18 10:47:14
==========================================
