==========================================
SVI拟合开始时间: 2025-10-18 10:46:24
分钟: 2025-08-15 13:00:00 | 划分: forecast
标记列: train_flag_inter
==========================================
加载数据: ../data/hushen300_minute/hushen300_minute.csv
筛选分钟: 2025-08-15 13:00:00
筛选后数据行数: 96
按照 train_flag_inter=1 筛选后数据行数: 96
对分钟 2025-08-15 13:00:00 拟合SVI参数，共 5 个到期日
  到期日 2025-09-19: RMSE=0.006566, MAPE=0.019627, 样本数=32
  到期日 2025-10-17: RMSE=0.003502, MAPE=0.014268, 样本数=21
  到期日 2025-12-19: RMSE=0.002458, MAPE=0.008195, 样本数=15
  到期日 2026-03-20: RMSE=0.002006, MAPE=0.008456, 样本数=15
  到期日 2026-06-19: RMSE=0.009438, MAPE=0.041159, 样本数=13

✅ SVI参数拟合完成!
   分钟: 2025-08-15 13:00:00
   到期日数量: 5
   参数文件: ./results_forecasting/svi_forecast_all/hushen300_minute_forecast_clear/svi_params_2025-08-15_13_00_00.pkl
   平均RMSE: 0.004794
   平均MAPE: 0.018341

==========================================
SVI拟合结束时间: 2025-10-18 10:46:28
==========================================
