==========================================
SVI拟合开始时间: 2025-10-18 10:46:33
分钟: 2025-08-15 14:00:00 | 划分: forecast
标记列: train_flag_inter
==========================================
加载数据: ../data/hushen300_minute/hushen300_minute.csv
筛选分钟: 2025-08-15 14:00:00
筛选后数据行数: 96
按照 train_flag_inter=1 筛选后数据行数: 96
对分钟 2025-08-15 14:00:00 拟合SVI参数，共 5 个到期日
  到期日 2025-09-19: RMSE=0.002672, MAPE=0.007809, 样本数=32
  到期日 2025-10-17: RMSE=0.004158, MAPE=0.014410, 样本数=21
  到期日 2025-12-19: RMSE=0.001366, MAPE=0.005402, 样本数=15
  到期日 2026-03-20: RMSE=0.001149, MAPE=0.004150, 样本数=15
  到期日 2026-06-19: RMSE=0.012123, MAPE=0.052515, 样本数=13

✅ SVI参数拟合完成!
   分钟: 2025-08-15 14:00:00
   到期日数量: 5
   参数文件: ./results_forecasting/svi_forecast_all/hushen300_minute_forecast_clear/svi_params_2025-08-15_14_00_00.pkl
   平均RMSE: 0.004293
   平均MAPE: 0.016857

==========================================
SVI拟合结束时间: 2025-10-18 10:46:39
==========================================
