==========================================
SVI拟合开始时间: 2025-10-18 10:41:56
分钟: 2025-08-06 11:20:00 | 划分: forecast
标记列: train_flag_inter
==========================================
加载数据: ../data/hushen300_minute/hushen300_minute.csv
筛选分钟: 2025-08-06 11:20:00
筛选后数据行数: 77
按照 train_flag_inter=1 筛选后数据行数: 77
对分钟 2025-08-06 11:20:00 拟合SVI参数，共 3 个到期日
  到期日 2025-08-15: RMSE=0.004029, MAPE=0.012968, 样本数=24
  到期日 2025-09-19: RMSE=0.003299, MAPE=0.012404, 样本数=32
  到期日 2025-10-17: RMSE=0.002637, MAPE=0.009882, 样本数=21

✅ SVI参数拟合完成!
   分钟: 2025-08-06 11:20:00
   到期日数量: 3
   参数文件: ./results_forecasting/svi_forecast_all/hushen300_minute_forecast_clear/svi_params_2025-08-06_11_20_00.pkl
   平均RMSE: 0.003322
   平均MAPE: 0.011751

==========================================
SVI拟合结束时间: 2025-10-18 10:42:01
==========================================
