==========================================
SVI拟合开始时间: 2025-10-18 10:45:47
分钟: 2025-08-13 14:30:00 | 划分: forecast
标记列: train_flag_inter
==========================================
加载数据: ../data/hushen300_minute/hushen300_minute.csv
筛选分钟: 2025-08-13 14:30:00
筛选后数据行数: 120
按照 train_flag_inter=1 筛选后数据行数: 120
对分钟 2025-08-13 14:30:00 拟合SVI参数，共 6 个到期日
  到期日 2025-08-15: RMSE=0.032498, MAPE=0.055980, 样本数=24
  到期日 2025-09-19: RMSE=0.004121, MAPE=0.012395, 样本数=32
  到期日 2025-10-17: RMSE=0.018588, MAPE=0.090029, 样本数=21
  到期日 2025-12-19: RMSE=0.001955, MAPE=0.009129, 样本数=15
  到期日 2026-03-20: RMSE=0.001138, MAPE=0.004966, 样本数=15
  到期日 2026-06-19: RMSE=0.007011, MAPE=0.031827, 样本数=13

✅ SVI参数拟合完成!
   分钟: 2025-08-13 14:30:00
   到期日数量: 6
   参数文件: ./results_forecasting/svi_forecast_all/hushen300_minute_forecast_clear/svi_params_2025-08-13_14_30_00.pkl
   平均RMSE: 0.010885
   平均MAPE: 0.034054

==========================================
SVI拟合结束时间: 2025-10-18 10:45:53
==========================================
