==========================================
SVI拟合开始时间: 2025-10-18 10:49:20
分钟: 2025-08-25 10:30:00 | 划分: forecast
标记列: train_flag_inter
==========================================
加载数据: ../data/hushen300_minute/hushen300_minute.csv
筛选分钟: 2025-08-25 10:30:00
筛选后数据行数: 119
按照 train_flag_inter=1 筛选后数据行数: 119
对分钟 2025-08-25 10:30:00 拟合SVI参数，共 5 个到期日
  到期日 2025-09-19: RMSE=0.005740, MAPE=0.013411, 样本数=36
  到期日 2025-10-17: RMSE=0.002379, MAPE=0.007626, 样本数=26
  到期日 2025-11-21: RMSE=0.018090, MAPE=0.065356, 样本数=23
  到期日 2025-12-19: RMSE=0.002441, MAPE=0.007770, 样本数=18
  到期日 2026-06-19: RMSE=0.017696, MAPE=0.070328, 样本数=16

✅ SVI参数拟合完成!
   分钟: 2025-08-25 10:30:00
   到期日数量: 5
   参数文件: ./results_forecasting/svi_forecast_all/hushen300_minute_forecast_clear/svi_params_2025-08-25_10_30_00.pkl
   平均RMSE: 0.009269
   平均MAPE: 0.032898

==========================================
SVI拟合结束时间: 2025-10-18 10:49:24
==========================================
