==========================================
SVI拟合开始时间: 2025-10-18 10:40:51
分钟: 2025-08-04 13:00:00 | 划分: forecast
标记列: train_flag_inter
==========================================
加载数据: ../data/hushen300_minute/hushen300_minute.csv
筛选分钟: 2025-08-04 13:00:00
筛选后数据行数: 120
按照 train_flag_inter=1 筛选后数据行数: 120
对分钟 2025-08-04 13:00:00 拟合SVI参数，共 6 个到期日
  到期日 2025-08-15: RMSE=0.005320, MAPE=0.017195, 样本数=24
  到期日 2025-09-19: RMSE=0.003275, MAPE=0.007970, 样本数=32
  到期日 2025-10-17: RMSE=0.002082, MAPE=0.009032, 样本数=21
  到期日 2025-12-19: RMSE=0.001599, MAPE=0.006987, 样本数=15
  到期日 2026-03-20: RMSE=0.001001, MAPE=0.004486, 样本数=15
  到期日 2026-06-19: RMSE=0.002602, MAPE=0.010020, 样本数=13

✅ SVI参数拟合完成!
   分钟: 2025-08-04 13:00:00
   到期日数量: 6
   参数文件: ./results_forecasting/svi_forecast_all/hushen300_minute_forecast_clear/svi_params_2025-08-04_13_00_00.pkl
   平均RMSE: 0.002646
   平均MAPE: 0.009282

==========================================
SVI拟合结束时间: 2025-10-18 10:40:59
==========================================
