==========================================
SVI拟合开始时间: 2025-10-18 10:49:48
分钟: 2025-08-25 14:30:00 | 划分: forecast
标记列: train_flag_inter
==========================================
加载数据: ../data/hushen300_minute/hushen300_minute.csv
筛选分钟: 2025-08-25 14:30:00
筛选后数据行数: 137
按照 train_flag_inter=1 筛选后数据行数: 137
对分钟 2025-08-25 14:30:00 拟合SVI参数，共 6 个到期日
  到期日 2025-09-19: RMSE=0.007153, MAPE=0.016869, 样本数=36
  到期日 2025-10-17: RMSE=0.002669, MAPE=0.009468, 样本数=26
  到期日 2025-11-21: RMSE=0.018714, MAPE=0.070006, 样本数=23
  到期日 2025-12-19: RMSE=0.002617, MAPE=0.007632, 样本数=18
  到期日 2026-03-20: RMSE=0.014104, MAPE=0.051951, 样本数=18
  到期日 2026-06-19: RMSE=0.009861, MAPE=0.040542, 样本数=16

✅ SVI参数拟合完成!
   分钟: 2025-08-25 14:30:00
   到期日数量: 6
   参数文件: ./results_forecasting/svi_forecast_all/hushen300_minute_forecast_clear/svi_params_2025-08-25_14_30_00.pkl
   平均RMSE: 0.009186
   平均MAPE: 0.032745

==========================================
SVI拟合结束时间: 2025-10-18 10:49:53
==========================================
