==========================================
SVI拟合开始时间: 2025-10-18 10:41:41
分钟: 2025-08-06 10:30:00 | 划分: forecast
标记列: train_flag_inter
==========================================
加载数据: ../data/hushen300_minute/hushen300_minute.csv
筛选分钟: 2025-08-06 10:30:00
筛选后数据行数: 92
按照 train_flag_inter=1 筛选后数据行数: 92
对分钟 2025-08-06 10:30:00 拟合SVI参数，共 4 个到期日
  到期日 2025-08-15: RMSE=0.004064, MAPE=0.013156, 样本数=24
  到期日 2025-09-19: RMSE=0.002200, MAPE=0.005778, 样本数=32
  到期日 2025-10-17: RMSE=0.003001, MAPE=0.013983, 样本数=21
  到期日 2025-12-19: RMSE=0.000955, MAPE=0.004056, 样本数=15

✅ SVI参数拟合完成!
   分钟: 2025-08-06 10:30:00
   到期日数量: 4
   参数文件: ./results_forecasting/svi_forecast_all/hushen300_minute_forecast_clear/svi_params_2025-08-06_10_30_00.pkl
   平均RMSE: 0.002555
   平均MAPE: 0.009243

==========================================
SVI拟合结束时间: 2025-10-18 10:41:48
==========================================
