==========================================
SVI拟合开始时间: 2025-10-18 10:49:06
分钟: 2025-08-22 14:50:00 | 划分: forecast
标记列: train_flag_inter
==========================================
加载数据: ../data/hushen300_minute/hushen300_minute.csv
筛选分钟: 2025-08-22 14:50:00
筛选后数据行数: 111
按照 train_flag_inter=1 筛选后数据行数: 111
对分钟 2025-08-22 14:50:00 拟合SVI参数，共 5 个到期日
  到期日 2025-09-19: RMSE=0.003999, MAPE=0.009223, 样本数=34
  到期日 2025-10-17: RMSE=0.001715, MAPE=0.005682, 样本数=24
  到期日 2025-11-21: RMSE=0.012400, MAPE=0.049781, 样本数=21
  到期日 2025-12-19: RMSE=0.001499, MAPE=0.005521, 样本数=17
  到期日 2026-06-19: RMSE=0.014111, MAPE=0.056602, 样本数=15

✅ SVI参数拟合完成!
   分钟: 2025-08-22 14:50:00
   到期日数量: 5
   参数文件: ./results_forecasting/svi_forecast_all/hushen300_minute_forecast_clear/svi_params_2025-08-22_14_50_00.pkl
   平均RMSE: 0.006745
   平均MAPE: 0.025362

==========================================
SVI拟合结束时间: 2025-10-18 10:49:11
==========================================
