==========================================
SVI拟合开始时间: 2025-10-18 10:49:29
分钟: 2025-08-25 11:20:00 | 划分: forecast
标记列: train_flag_inter
==========================================
加载数据: ../data/hushen300_minute/hushen300_minute.csv
筛选分钟: 2025-08-25 11:20:00
筛选后数据行数: 137
按照 train_flag_inter=1 筛选后数据行数: 137
对分钟 2025-08-25 11:20:00 拟合SVI参数，共 6 个到期日
  到期日 2025-09-19: RMSE=0.005708, MAPE=0.012841, 样本数=36
  到期日 2025-10-17: RMSE=0.001613, MAPE=0.005284, 样本数=26
  到期日 2025-11-21: RMSE=0.017223, MAPE=0.061011, 样本数=23
  到期日 2025-12-19: RMSE=0.003215, MAPE=0.011120, 样本数=18
  到期日 2026-03-20: RMSE=0.012172, MAPE=0.042056, 样本数=18
  到期日 2026-06-19: RMSE=0.011012, MAPE=0.041292, 样本数=16

✅ SVI参数拟合完成!
   分钟: 2025-08-25 11:20:00
   到期日数量: 6
   参数文件: ./results_forecasting/svi_forecast_all/hushen300_minute_forecast_clear/svi_params_2025-08-25_11_20_00.pkl
   平均RMSE: 0.008491
   平均MAPE: 0.028934

==========================================
SVI拟合结束时间: 2025-10-18 10:49:33
==========================================
