==========================================
SVI拟合开始时间: 2025-10-18 10:49:43
分钟: 2025-08-25 14:00:00 | 划分: forecast
标记列: train_flag_inter
==========================================
加载数据: ../data/hushen300_minute/hushen300_minute.csv
筛选分钟: 2025-08-25 14:00:00
筛选后数据行数: 119
按照 train_flag_inter=1 筛选后数据行数: 119
对分钟 2025-08-25 14:00:00 拟合SVI参数，共 5 个到期日
  到期日 2025-09-19: RMSE=0.005882, MAPE=0.012874, 样本数=36
  到期日 2025-10-17: RMSE=0.002477, MAPE=0.008144, 样本数=26
  到期日 2025-11-21: RMSE=0.016913, MAPE=0.062833, 样本数=23
  到期日 2025-12-19: RMSE=0.001775, MAPE=0.006085, 样本数=18
  到期日 2026-06-19: RMSE=0.011410, MAPE=0.046292, 样本数=16

✅ SVI参数拟合完成!
   分钟: 2025-08-25 14:00:00
   到期日数量: 5
   参数文件: ./results_forecasting/svi_forecast_all/hushen300_minute_forecast_clear/svi_params_2025-08-25_14_00_00.pkl
   平均RMSE: 0.007691
   平均MAPE: 0.027246

==========================================
SVI拟合结束时间: 2025-10-18 10:49:48
==========================================
