==========================================
SVI拟合开始时间: 2025-10-18 10:47:07
分钟: 2025-08-18 11:20:00 | 划分: forecast
标记列: train_flag_inter
==========================================
加载数据: ../data/hushen300_minute/hushen300_minute.csv
筛选分钟: 2025-08-18 11:20:00
筛选后数据行数: 120
按照 train_flag_inter=1 筛选后数据行数: 120
对分钟 2025-08-18 11:20:00 拟合SVI参数，共 6 个到期日
  到期日 2025-09-19: RMSE=0.005020, MAPE=0.010812, 样本数=33
  到期日 2025-10-17: RMSE=0.033109, MAPE=0.141933, 样本数=22
  到期日 2025-11-21: RMSE=0.021665, MAPE=0.098607, 样本数=19
  到期日 2025-12-19: RMSE=0.002817, MAPE=0.009262, 样本数=16
  到期日 2026-03-20: RMSE=0.012666, MAPE=0.051204, 样本数=16
  到期日 2026-06-19: RMSE=0.009981, MAPE=0.037291, 样本数=14

✅ SVI参数拟合完成!
   分钟: 2025-08-18 11:20:00
   到期日数量: 6
   参数文件: ./results_forecasting/svi_forecast_all/hushen300_minute_forecast_clear/svi_params_2025-08-18_11_20_00.pkl
   平均RMSE: 0.014210
   平均MAPE: 0.058185

==========================================
SVI拟合结束时间: 2025-10-18 10:47:10
==========================================
