==========================================
SVI拟合开始时间: 2025-10-18 10:46:19
分钟: 2025-08-15 11:20:00 | 划分: forecast
标记列: train_flag_inter
==========================================
加载数据: ../data/hushen300_minute/hushen300_minute.csv
筛选分钟: 2025-08-15 11:20:00
筛选后数据行数: 83
按照 train_flag_inter=1 筛选后数据行数: 83
对分钟 2025-08-15 11:20:00 拟合SVI参数，共 4 个到期日
  到期日 2025-09-19: RMSE=0.005304, MAPE=0.013275, 样本数=32
  到期日 2025-10-17: RMSE=0.001387, MAPE=0.006174, 样本数=21
  到期日 2025-12-19: RMSE=0.000893, MAPE=0.003549, 样本数=15
  到期日 2026-03-20: RMSE=0.001023, MAPE=0.004112, 样本数=15

✅ SVI参数拟合完成!
   分钟: 2025-08-15 11:20:00
   到期日数量: 4
   参数文件: ./results_forecasting/svi_forecast_all/hushen300_minute_forecast_clear/svi_params_2025-08-15_11_20_00.pkl
   平均RMSE: 0.002152
   平均MAPE: 0.006777

==========================================
SVI拟合结束时间: 2025-10-18 10:46:24
==========================================
