==========================================
SVI拟合开始时间: 2025-10-18 10:41:48
分钟: 2025-08-06 11:00:00 | 划分: forecast
标记列: train_flag_inter
==========================================
加载数据: ../data/hushen300_minute/hushen300_minute.csv
筛选分钟: 2025-08-06 11:00:00
筛选后数据行数: 120
按照 train_flag_inter=1 筛选后数据行数: 120
对分钟 2025-08-06 11:00:00 拟合SVI参数，共 6 个到期日
  到期日 2025-08-15: RMSE=0.003760, MAPE=0.012547, 样本数=24
  到期日 2025-09-19: RMSE=0.002564, MAPE=0.008521, 样本数=32
  到期日 2025-10-17: RMSE=0.002002, MAPE=0.008537, 样本数=21
  到期日 2025-12-19: RMSE=0.001740, MAPE=0.007254, 样本数=15
  到期日 2026-03-20: RMSE=0.001015, MAPE=0.004310, 样本数=15
  到期日 2026-06-19: RMSE=0.008262, MAPE=0.039184, 样本数=13

✅ SVI参数拟合完成!
   分钟: 2025-08-06 11:00:00
   到期日数量: 6
   参数文件: ./results_forecasting/svi_forecast_all/hushen300_minute_forecast_clear/svi_params_2025-08-06_11_00_00.pkl
   平均RMSE: 0.003224
   平均MAPE: 0.013392

==========================================
SVI拟合结束时间: 2025-10-18 10:41:56
==========================================
