==========================================
SVI拟合开始时间: 2025-10-18 10:45:40
分钟: 2025-08-13 14:00:00 | 划分: forecast
标记列: train_flag_inter
==========================================
加载数据: ../data/hushen300_minute/hushen300_minute.csv
筛选分钟: 2025-08-13 14:00:00
筛选后数据行数: 120
按照 train_flag_inter=1 筛选后数据行数: 120
对分钟 2025-08-13 14:00:00 拟合SVI参数，共 6 个到期日
  到期日 2025-08-15: RMSE=0.033635, MAPE=0.063765, 样本数=24
  到期日 2025-09-19: RMSE=0.003429, MAPE=0.008205, 样本数=32
  到期日 2025-10-17: RMSE=0.002032, MAPE=0.009298, 样本数=21
  到期日 2025-12-19: RMSE=0.001204, MAPE=0.005322, 样本数=15
  到期日 2026-03-20: RMSE=0.000958, MAPE=0.004066, 样本数=15
  到期日 2026-06-19: RMSE=0.008989, MAPE=0.038187, 样本数=13

✅ SVI参数拟合完成!
   分钟: 2025-08-13 14:00:00
   到期日数量: 6
   参数文件: ./results_forecasting/svi_forecast_all/hushen300_minute_forecast_clear/svi_params_2025-08-13_14_00_00.pkl
   平均RMSE: 0.008375
   平均MAPE: 0.021474

==========================================
SVI拟合结束时间: 2025-10-18 10:45:47
==========================================
