==========================================
SVI拟合开始时间: 2025-10-18 10:51:24
分钟: 2025-08-29 14:30:00 | 划分: forecast
标记列: train_flag_inter
==========================================
加载数据: ../data/hushen300_minute/hushen300_minute.csv
筛选分钟: 2025-08-29 14:30:00
筛选后数据行数: 146
按照 train_flag_inter=1 筛选后数据行数: 146
对分钟 2025-08-29 14:30:00 拟合SVI参数，共 6 个到期日
  到期日 2025-09-19: RMSE=0.009597, MAPE=0.023413, 样本数=38
  到期日 2025-10-17: RMSE=0.003164, MAPE=0.010545, 样本数=28
  到期日 2025-11-21: RMSE=0.014626, MAPE=0.053123, 样本数=25
  到期日 2025-12-19: RMSE=0.002023, MAPE=0.006584, 样本数=19
  到期日 2026-03-20: RMSE=0.002228, MAPE=0.006193, 样本数=19
  到期日 2026-06-19: RMSE=0.012600, MAPE=0.046318, 样本数=17

✅ SVI参数拟合完成!
   分钟: 2025-08-29 14:30:00
   到期日数量: 6
   参数文件: ./results_forecasting/svi_forecast_all/hushen300_minute_forecast_clear/svi_params_2025-08-29_14_30_00.pkl
   平均RMSE: 0.007373
   平均MAPE: 0.024363

==========================================
SVI拟合结束时间: 2025-10-18 10:51:31
==========================================
