==========================================
SVI拟合开始时间: 2025-10-18 10:49:24
分钟: 2025-08-25 11:00:00 | 划分: forecast
标记列: train_flag_inter
==========================================
/home/douxueli/miniconda3/envs/iv/lib/python3.11/site-packages/scipy/optimize/_optimize.py:404: RuntimeWarning: Values in x were outside bounds during a minimize step, clipping to bounds
  warnings.warn("Values in x were outside bounds during a "
加载数据: ../data/hushen300_minute/hushen300_minute.csv
筛选分钟: 2025-08-25 11:00:00
筛选后数据行数: 137
按照 train_flag_inter=1 筛选后数据行数: 137
对分钟 2025-08-25 11:00:00 拟合SVI参数，共 6 个到期日
  到期日 2025-09-19: RMSE=0.006090, MAPE=0.015133, 样本数=36
  到期日 2025-10-17: RMSE=0.005230, MAPE=0.016061, 样本数=26
  到期日 2025-11-21: RMSE=0.017368, MAPE=0.065483, 样本数=23
  到期日 2025-12-19: RMSE=0.002450, MAPE=0.009524, 样本数=18
  到期日 2026-03-20: RMSE=0.011818, MAPE=0.044318, 样本数=18
  到期日 2026-06-19: RMSE=0.011759, MAPE=0.042814, 样本数=16

✅ SVI参数拟合完成!
   分钟: 2025-08-25 11:00:00
   到期日数量: 6
   参数文件: ./results_forecasting/svi_forecast_all/hushen300_minute_forecast_clear/svi_params_2025-08-25_11_00_00.pkl
   平均RMSE: 0.009119
   平均MAPE: 0.032222

==========================================
SVI拟合结束时间: 2025-10-18 10:49:29
==========================================
