==========================================
SVI拟合开始时间: 2025-10-18 10:51:15
分钟: 2025-08-29 13:30:00 | 划分: forecast
标记列: train_flag_inter
==========================================
加载数据: ../data/hushen300_minute/hushen300_minute.csv
筛选分钟: 2025-08-29 13:30:00
筛选后数据行数: 129
按照 train_flag_inter=1 筛选后数据行数: 129
对分钟 2025-08-29 13:30:00 拟合SVI参数，共 5 个到期日
  到期日 2025-09-19: RMSE=0.010879, MAPE=0.025797, 样本数=38
  到期日 2025-10-17: RMSE=0.004327, MAPE=0.012797, 样本数=28
  到期日 2025-11-21: RMSE=0.015123, MAPE=0.051115, 样本数=25
  到期日 2025-12-19: RMSE=0.002190, MAPE=0.007214, 样本数=19
  到期日 2026-03-20: RMSE=0.002167, MAPE=0.008550, 样本数=19

✅ SVI参数拟合完成!
   分钟: 2025-08-29 13:30:00
   到期日数量: 5
   参数文件: ./results_forecasting/svi_forecast_all/hushen300_minute_forecast_clear/svi_params_2025-08-29_13_30_00.pkl
   平均RMSE: 0.006937
   平均MAPE: 0.021095

==========================================
SVI拟合结束时间: 2025-10-18 10:51:19
==========================================
