==========================================
SVI拟合开始时间: 2025-10-18 10:48:22
分钟: 2025-08-22 10:00:00 | 划分: forecast
标记列: train_flag_inter
==========================================
加载数据: ../data/hushen300_minute/hushen300_minute.csv
筛选分钟: 2025-08-22 10:00:00
筛选后数据行数: 128
按照 train_flag_inter=1 筛选后数据行数: 128
对分钟 2025-08-22 10:00:00 拟合SVI参数，共 6 个到期日
  到期日 2025-09-19: RMSE=0.004710, MAPE=0.012989, 样本数=34
  到期日 2025-10-17: RMSE=0.001091, MAPE=0.004391, 样本数=24
  到期日 2025-11-21: RMSE=0.016049, MAPE=0.067495, 样本数=21
  到期日 2025-12-19: RMSE=0.002140, MAPE=0.008053, 样本数=17
  到期日 2026-03-20: RMSE=0.002837, MAPE=0.009078, 样本数=17
  到期日 2026-06-19: RMSE=0.009797, MAPE=0.037378, 样本数=15

✅ SVI参数拟合完成!
   分钟: 2025-08-22 10:00:00
   到期日数量: 6
   参数文件: ./results_forecasting/svi_forecast_all/hushen300_minute_forecast_clear/svi_params_2025-08-22_10_00_00.pkl
   平均RMSE: 0.006104
   平均MAPE: 0.023231

==========================================
SVI拟合结束时间: 2025-10-18 10:48:28
==========================================
