==========================================
SVI拟合开始时间: 2025-10-18 10:46:55
分钟: 2025-08-18 10:00:00 | 划分: forecast
标记列: train_flag_inter
==========================================
加载数据: ../data/hushen300_minute/hushen300_minute.csv
筛选分钟: 2025-08-18 10:00:00
筛选后数据行数: 120
按照 train_flag_inter=1 筛选后数据行数: 120
对分钟 2025-08-18 10:00:00 拟合SVI参数，共 6 个到期日
  到期日 2025-09-19: RMSE=0.006413, MAPE=0.016143, 样本数=33
  到期日 2025-10-17: RMSE=0.031633, MAPE=0.139854, 样本数=22
  到期日 2025-11-21: RMSE=0.012057, MAPE=0.048178, 样本数=19
  到期日 2025-12-19: RMSE=0.003282, MAPE=0.010777, 样本数=16
  到期日 2026-03-20: RMSE=0.002609, MAPE=0.007976, 样本数=16
  到期日 2026-06-19: RMSE=0.009219, MAPE=0.034795, 样本数=14

✅ SVI参数拟合完成!
   分钟: 2025-08-18 10:00:00
   到期日数量: 6
   参数文件: ./results_forecasting/svi_forecast_all/hushen300_minute_forecast_clear/svi_params_2025-08-18_10_00_00.pkl
   平均RMSE: 0.010869
   平均MAPE: 0.042954

==========================================
SVI拟合结束时间: 2025-10-18 10:46:59
==========================================
