==========================================
SVI拟合开始时间: 2025-10-18 10:48:47
分钟: 2025-08-22 13:00:00 | 划分: forecast
标记列: train_flag_inter
==========================================
加载数据: ../data/hushen300_minute/hushen300_minute.csv
筛选分钟: 2025-08-22 13:00:00
筛选后数据行数: 128
按照 train_flag_inter=1 筛选后数据行数: 128
对分钟 2025-08-22 13:00:00 拟合SVI参数，共 6 个到期日
  到期日 2025-09-19: RMSE=0.005408, MAPE=0.014048, 样本数=34
  到期日 2025-10-17: RMSE=0.001621, MAPE=0.006475, 样本数=24
  到期日 2025-11-21: RMSE=0.023282, MAPE=0.105891, 样本数=21
  到期日 2025-12-19: RMSE=0.004046, MAPE=0.014616, 样本数=17
  到期日 2026-03-20: RMSE=0.001964, MAPE=0.007476, 样本数=17
  到期日 2026-06-19: RMSE=0.010414, MAPE=0.041235, 样本数=15

✅ SVI参数拟合完成!
   分钟: 2025-08-22 13:00:00
   到期日数量: 6
   参数文件: ./results_forecasting/svi_forecast_all/hushen300_minute_forecast_clear/svi_params_2025-08-22_13_00_00.pkl
   平均RMSE: 0.007789
   平均MAPE: 0.031624

==========================================
SVI拟合结束时间: 2025-10-18 10:48:52
==========================================
