==========================================
SVI拟合开始时间: 2025-10-18 10:49:53
分钟: 2025-08-25 14:50:00 | 划分: forecast
标记列: train_flag_inter
==========================================
加载数据: ../data/hushen300_minute/hushen300_minute.csv
筛选分钟: 2025-08-25 14:50:00
筛选后数据行数: 103
按照 train_flag_inter=1 筛选后数据行数: 103
对分钟 2025-08-25 14:50:00 拟合SVI参数，共 4 个到期日
  到期日 2025-09-19: RMSE=0.006249, MAPE=0.013803, 样本数=36
  到期日 2025-10-17: RMSE=0.001838, MAPE=0.006050, 样本数=26
  到期日 2025-11-21: RMSE=0.029066, MAPE=0.117844, 样本数=23
  到期日 2025-12-19: RMSE=0.001235, MAPE=0.004307, 样本数=18

✅ SVI参数拟合完成!
   分钟: 2025-08-25 14:50:00
   到期日数量: 4
   参数文件: ./results_forecasting/svi_forecast_all/hushen300_minute_forecast_clear/svi_params_2025-08-25_14_50_00.pkl
   平均RMSE: 0.009597
   平均MAPE: 0.035501

==========================================
SVI拟合结束时间: 2025-10-18 10:49:59
==========================================
