==========================================
SVI拟合开始时间: 2025-10-18 10:47:38
分钟: 2025-08-20 10:30:00 | 划分: forecast
标记列: train_flag_inter
==========================================
加载数据: ../data/hushen300_minute/hushen300_minute.csv
筛选分钟: 2025-08-20 10:30:00
筛选后数据行数: 122
按照 train_flag_inter=1 筛选后数据行数: 122
对分钟 2025-08-20 10:30:00 拟合SVI参数，共 6 个到期日
  到期日 2025-09-19: RMSE=0.005715, MAPE=0.013491, 样本数=33
  到期日 2025-10-17: RMSE=0.001635, MAPE=0.005976, 样本数=23
  到期日 2025-11-21: RMSE=0.013894, MAPE=0.055875, 样本数=20
  到期日 2025-12-19: RMSE=0.001469, MAPE=0.005959, 样本数=16
  到期日 2026-03-20: RMSE=0.001441, MAPE=0.005478, 样本数=16
  到期日 2026-06-19: RMSE=0.011925, MAPE=0.046861, 样本数=14

✅ SVI参数拟合完成!
   分钟: 2025-08-20 10:30:00
   到期日数量: 6
   参数文件: ./results_forecasting/svi_forecast_all/hushen300_minute_forecast_clear/svi_params_2025-08-20_10_30_00.pkl
   平均RMSE: 0.006013
   平均MAPE: 0.022274

==========================================
SVI拟合结束时间: 2025-10-18 10:47:43
==========================================
