==========================================
SVI拟合开始时间: 2025-10-18 10:49:59
分钟: 2025-08-27 09:30:00 | 划分: forecast
标记列: train_flag_inter
==========================================
加载数据: ../data/hushen300_minute/hushen300_minute.csv
筛选分钟: 2025-08-27 09:30:00
筛选后数据行数: 146
按照 train_flag_inter=1 筛选后数据行数: 146
对分钟 2025-08-27 09:30:00 拟合SVI参数，共 6 个到期日
  到期日 2025-09-19: RMSE=0.008468, MAPE=0.018910, 样本数=38
  到期日 2025-10-17: RMSE=0.001513, MAPE=0.004493, 样本数=28
  到期日 2025-11-21: RMSE=0.019023, MAPE=0.065759, 样本数=25
  到期日 2025-12-19: RMSE=0.001541, MAPE=0.005474, 样本数=19
  到期日 2026-03-20: RMSE=0.011215, MAPE=0.038683, 样本数=19
  到期日 2026-06-19: RMSE=0.009131, MAPE=0.032270, 样本数=17

✅ SVI参数拟合完成!
   分钟: 2025-08-27 09:30:00
   到期日数量: 6
   参数文件: ./results_forecasting/svi_forecast_all/hushen300_minute_forecast_clear/svi_params_2025-08-27_09_30_00.pkl
   平均RMSE: 0.008482
   平均MAPE: 0.027598

==========================================
SVI拟合结束时间: 2025-10-18 10:50:04
==========================================
