==========================================
SVI拟合开始时间: 2025-10-18 10:47:47
分钟: 2025-08-20 11:20:00 | 划分: forecast
标记列: train_flag_inter
==========================================
加载数据: ../data/hushen300_minute/hushen300_minute.csv
筛选分钟: 2025-08-20 11:20:00
筛选后数据行数: 122
按照 train_flag_inter=1 筛选后数据行数: 122
对分钟 2025-08-20 11:20:00 拟合SVI参数，共 6 个到期日
  到期日 2025-09-19: RMSE=0.006803, MAPE=0.016230, 样本数=33
  到期日 2025-10-17: RMSE=0.003653, MAPE=0.014510, 样本数=23
  到期日 2025-11-21: RMSE=0.018058, MAPE=0.075880, 样本数=20
  到期日 2025-12-19: RMSE=0.002028, MAPE=0.007473, 样本数=16
  到期日 2026-03-20: RMSE=0.002414, MAPE=0.009666, 样本数=16
  到期日 2026-06-19: RMSE=0.010894, MAPE=0.044771, 样本数=14

✅ SVI参数拟合完成!
   分钟: 2025-08-20 11:20:00
   到期日数量: 6
   参数文件: ./results_forecasting/svi_forecast_all/hushen300_minute_forecast_clear/svi_params_2025-08-20_11_20_00.pkl
   平均RMSE: 0.007308
   平均MAPE: 0.028088

==========================================
SVI拟合结束时间: 2025-10-18 10:47:52
==========================================
