==========================================
SVI拟合开始时间: 2025-10-18 10:42:14
分钟: 2025-08-06 14:00:00 | 划分: forecast
标记列: train_flag_inter
==========================================
加载数据: ../data/hushen300_minute/hushen300_minute.csv
筛选分钟: 2025-08-06 14:00:00
筛选后数据行数: 105
按照 train_flag_inter=1 筛选后数据行数: 105
对分钟 2025-08-06 14:00:00 拟合SVI参数，共 5 个到期日
  到期日 2025-08-15: RMSE=0.004924, MAPE=0.016836, 样本数=24
  到期日 2025-09-19: RMSE=0.002350, MAPE=0.007735, 样本数=32
  到期日 2025-10-17: RMSE=0.003176, MAPE=0.014071, 样本数=21
  到期日 2026-03-20: RMSE=0.003479, MAPE=0.012939, 样本数=15
  到期日 2026-06-19: RMSE=0.009892, MAPE=0.044774, 样本数=13

✅ SVI参数拟合完成!
   分钟: 2025-08-06 14:00:00
   到期日数量: 5
   参数文件: ./results_forecasting/svi_forecast_all/hushen300_minute_forecast_clear/svi_params_2025-08-06_14_00_00.pkl
   平均RMSE: 0.004764
   平均MAPE: 0.019271

==========================================
SVI拟合结束时间: 2025-10-18 10:42:21
==========================================
