==========================================
SVI拟合开始时间: 2025-10-18 10:50:04
分钟: 2025-08-27 10:00:00 | 划分: forecast
标记列: train_flag_inter
==========================================
加载数据: ../data/hushen300_minute/hushen300_minute.csv
筛选分钟: 2025-08-27 10:00:00
筛选后数据行数: 146
按照 train_flag_inter=1 筛选后数据行数: 146
对分钟 2025-08-27 10:00:00 拟合SVI参数，共 6 个到期日
  到期日 2025-09-19: RMSE=0.007755, MAPE=0.014972, 样本数=38
  到期日 2025-10-17: RMSE=0.002670, MAPE=0.008599, 样本数=28
  到期日 2025-11-21: RMSE=0.018523, MAPE=0.068446, 样本数=25
  到期日 2025-12-19: RMSE=0.001350, MAPE=0.004742, 样本数=19
  到期日 2026-03-20: RMSE=0.011353, MAPE=0.042634, 样本数=19
  到期日 2026-06-19: RMSE=0.010610, MAPE=0.038247, 样本数=17

✅ SVI参数拟合完成!
   分钟: 2025-08-27 10:00:00
   到期日数量: 6
   参数文件: ./results_forecasting/svi_forecast_all/hushen300_minute_forecast_clear/svi_params_2025-08-27_10_00_00.pkl
   平均RMSE: 0.008710
   平均MAPE: 0.029607

==========================================
SVI拟合结束时间: 2025-10-18 10:50:08
==========================================
