==========================================
SVI拟合开始时间: 2025-10-18 10:46:10
分钟: 2025-08-15 10:30:00 | 划分: forecast
标记列: train_flag_inter
==========================================
加载数据: ../data/hushen300_minute/hushen300_minute.csv
筛选分钟: 2025-08-15 10:30:00
筛选后数据行数: 81
按照 train_flag_inter=1 筛选后数据行数: 81
对分钟 2025-08-15 10:30:00 拟合SVI参数，共 4 个到期日
  到期日 2025-09-19: RMSE=0.004954, MAPE=0.013837, 样本数=32
  到期日 2025-10-17: RMSE=0.001618, MAPE=0.007052, 样本数=21
  到期日 2025-12-19: RMSE=0.001513, MAPE=0.007114, 样本数=15
  到期日 2026-06-19: RMSE=0.009385, MAPE=0.040782, 样本数=13

✅ SVI参数拟合完成!
   分钟: 2025-08-15 10:30:00
   到期日数量: 4
   参数文件: ./results_forecasting/svi_forecast_all/hushen300_minute_forecast_clear/svi_params_2025-08-15_10_30_00.pkl
   平均RMSE: 0.004368
   平均MAPE: 0.017196

==========================================
SVI拟合结束时间: 2025-10-18 10:46:15
==========================================
