==========================================
SVI拟合开始时间: 2025-10-18 10:42:01
分钟: 2025-08-06 13:00:00 | 划分: forecast
标记列: train_flag_inter
==========================================
加载数据: ../data/hushen300_minute/hushen300_minute.csv
筛选分钟: 2025-08-06 13:00:00
筛选后数据行数: 120
按照 train_flag_inter=1 筛选后数据行数: 120
对分钟 2025-08-06 13:00:00 拟合SVI参数，共 6 个到期日
  到期日 2025-08-15: RMSE=0.004025, MAPE=0.013872, 样本数=24
  到期日 2025-09-19: RMSE=0.005297, MAPE=0.019796, 样本数=32
  到期日 2025-10-17: RMSE=0.002725, MAPE=0.012050, 样本数=21
  到期日 2025-12-19: RMSE=0.003948, MAPE=0.015865, 样本数=15
  到期日 2026-03-20: RMSE=0.001128, MAPE=0.004552, 样本数=15
  到期日 2026-06-19: RMSE=0.007622, MAPE=0.035092, 样本数=13

✅ SVI参数拟合完成!
   分钟: 2025-08-06 13:00:00
   到期日数量: 6
   参数文件: ./results_forecasting/svi_forecast_all/hushen300_minute_forecast_clear/svi_params_2025-08-06_13_00_00.pkl
   平均RMSE: 0.004124
   平均MAPE: 0.016871

==========================================
SVI拟合结束时间: 2025-10-18 10:42:08
==========================================
