==========================================
SVI拟合开始时间: 2025-10-18 10:50:25
分钟: 2025-08-27 13:30:00 | 划分: forecast
标记列: train_flag_inter
==========================================
加载数据: ../data/hushen300_minute/hushen300_minute.csv
筛选分钟: 2025-08-27 13:30:00
筛选后数据行数: 146
按照 train_flag_inter=1 筛选后数据行数: 146
对分钟 2025-08-27 13:30:00 拟合SVI参数，共 6 个到期日
  到期日 2025-09-19: RMSE=0.008361, MAPE=0.017389, 样本数=38
  到期日 2025-10-17: RMSE=0.004606, MAPE=0.012453, 样本数=28
  到期日 2025-11-21: RMSE=0.016476, MAPE=0.060662, 样本数=25
  到期日 2025-12-19: RMSE=0.001450, MAPE=0.004732, 样本数=19
  到期日 2026-03-20: RMSE=0.001265, MAPE=0.004773, 样本数=19
  到期日 2026-06-19: RMSE=0.009447, MAPE=0.034107, 样本数=17

✅ SVI参数拟合完成!
   分钟: 2025-08-27 13:30:00
   到期日数量: 6
   参数文件: ./results_forecasting/svi_forecast_all/hushen300_minute_forecast_clear/svi_params_2025-08-27_13_30_00.pkl
   平均RMSE: 0.006934
   平均MAPE: 0.022353

==========================================
SVI拟合结束时间: 2025-10-18 10:50:31
==========================================
