==========================================
SVI拟合开始时间: 2025-10-18 10:45:59
分钟: 2025-08-15 09:30:00 | 划分: forecast
标记列: train_flag_inter
==========================================
加载数据: ../data/hushen300_minute/hushen300_minute.csv
筛选分钟: 2025-08-15 09:30:00
筛选后数据行数: 96
按照 train_flag_inter=1 筛选后数据行数: 96
对分钟 2025-08-15 09:30:00 拟合SVI参数，共 5 个到期日
  到期日 2025-09-19: RMSE=0.007177, MAPE=0.027313, 样本数=32
  到期日 2025-10-17: RMSE=0.003319, MAPE=0.015349, 样本数=21
  到期日 2025-12-19: RMSE=0.003271, MAPE=0.012163, 样本数=15
  到期日 2026-03-20: RMSE=0.001574, MAPE=0.007131, 样本数=15
  到期日 2026-06-19: RMSE=0.002831, MAPE=0.012615, 样本数=13

✅ SVI参数拟合完成!
   分钟: 2025-08-15 09:30:00
   到期日数量: 5
   参数文件: ./results_forecasting/svi_forecast_all/hushen300_minute_forecast_clear/svi_params_2025-08-15_09_30_00.pkl
   平均RMSE: 0.003634
   平均MAPE: 0.014914

==========================================
SVI拟合结束时间: 2025-10-18 10:46:06
==========================================
