==========================================
SVI拟合开始时间: 2025-10-18 10:42:08
分钟: 2025-08-06 13:30:00 | 划分: forecast
标记列: train_flag_inter
==========================================
加载数据: ../data/hushen300_minute/hushen300_minute.csv
筛选分钟: 2025-08-06 13:30:00
筛选后数据行数: 86
按照 train_flag_inter=1 筛选后数据行数: 86
对分钟 2025-08-06 13:30:00 拟合SVI参数，共 4 个到期日
  到期日 2025-08-15: RMSE=0.004421, MAPE=0.016257, 样本数=24
  到期日 2025-09-19: RMSE=0.002420, MAPE=0.007230, 样本数=32
  到期日 2025-12-19: RMSE=0.001461, MAPE=0.006344, 样本数=15
  到期日 2026-03-20: RMSE=0.000532, MAPE=0.002406, 样本数=15

✅ SVI参数拟合完成!
   分钟: 2025-08-06 13:30:00
   到期日数量: 4
   参数文件: ./results_forecasting/svi_forecast_all/hushen300_minute_forecast_clear/svi_params_2025-08-06_13_30_00.pkl
   平均RMSE: 0.002209
   平均MAPE: 0.008059

==========================================
SVI拟合结束时间: 2025-10-18 10:42:14
==========================================
