==========================================
SVI拟合开始时间: 2025-10-18 10:40:42
分钟: 2025-08-04 11:20:00 | 划分: forecast
标记列: train_flag_inter
==========================================
加载数据: ../data/hushen300_minute/hushen300_minute.csv
筛选分钟: 2025-08-04 11:20:00
筛选后数据行数: 105
按照 train_flag_inter=1 筛选后数据行数: 105
对分钟 2025-08-04 11:20:00 拟合SVI参数，共 5 个到期日
  到期日 2025-08-15: RMSE=0.004949, MAPE=0.015478, 样本数=24
  到期日 2025-09-19: RMSE=0.003130, MAPE=0.007419, 样本数=32
  到期日 2025-10-17: RMSE=0.008643, MAPE=0.036966, 样本数=21
  到期日 2026-03-20: RMSE=0.001397, MAPE=0.005664, 样本数=15
  到期日 2026-06-19: RMSE=0.007147, MAPE=0.035202, 样本数=13

✅ SVI参数拟合完成!
   分钟: 2025-08-04 11:20:00
   到期日数量: 5
   参数文件: ./results_forecasting/svi_forecast_all/hushen300_minute_forecast_clear/svi_params_2025-08-04_11_20_00.pkl
   平均RMSE: 0.005053
   平均MAPE: 0.020146

==========================================
SVI拟合结束时间: 2025-10-18 10:40:51
==========================================
