==========================================
SVI拟合开始时间: 2025-10-18 10:48:03
分钟: 2025-08-20 14:00:00 | 划分: forecast
标记列: train_flag_inter
==========================================
加载数据: ../data/hushen300_minute/hushen300_minute.csv
筛选分钟: 2025-08-20 14:00:00
筛选后数据行数: 108
按照 train_flag_inter=1 筛选后数据行数: 108
对分钟 2025-08-20 14:00:00 拟合SVI参数，共 5 个到期日
  到期日 2025-09-19: RMSE=0.006887, MAPE=0.015900, 样本数=33
  到期日 2025-10-17: RMSE=0.003087, MAPE=0.011729, 样本数=23
  到期日 2025-11-21: RMSE=0.016964, MAPE=0.072711, 样本数=20
  到期日 2025-12-19: RMSE=0.002436, MAPE=0.009630, 样本数=16
  到期日 2026-03-20: RMSE=0.001288, MAPE=0.005387, 样本数=16

✅ SVI参数拟合完成!
   分钟: 2025-08-20 14:00:00
   到期日数量: 5
   参数文件: ./results_forecasting/svi_forecast_all/hushen300_minute_forecast_clear/svi_params_2025-08-20_14_00_00.pkl
   平均RMSE: 0.006132
   平均MAPE: 0.023072

==========================================
SVI拟合结束时间: 2025-10-18 10:48:07
==========================================
