==========================================
SVI拟合开始时间: 2025-10-18 10:47:35
分钟: 2025-08-20 10:00:00 | 划分: forecast
标记列: train_flag_inter
==========================================
加载数据: ../data/hushen300_minute/hushen300_minute.csv
筛选分钟: 2025-08-20 10:00:00
筛选后数据行数: 86
按照 train_flag_inter=1 筛选后数据行数: 86
对分钟 2025-08-20 10:00:00 拟合SVI参数，共 4 个到期日
  到期日 2025-09-19: RMSE=0.006260, MAPE=0.013989, 样本数=33
  到期日 2025-10-17: RMSE=0.003065, MAPE=0.011767, 样本数=23
  到期日 2025-12-19: RMSE=0.003046, MAPE=0.010662, 样本数=16
  到期日 2026-06-19: RMSE=0.013112, MAPE=0.054127, 样本数=14

✅ SVI参数拟合完成!
   分钟: 2025-08-20 10:00:00
   到期日数量: 4
   参数文件: ./results_forecasting/svi_forecast_all/hushen300_minute_forecast_clear/svi_params_2025-08-20_10_00_00.pkl
   平均RMSE: 0.006371
   平均MAPE: 0.022636

==========================================
SVI拟合结束时间: 2025-10-18 10:47:38
==========================================
