==========================================
SVI拟合开始时间: 2025-10-18 10:51:31
分钟: 2025-08-29 14:50:00 | 划分: forecast
标记列: train_flag_inter
==========================================
加载数据: ../data/hushen300_minute/hushen300_minute.csv
筛选分钟: 2025-08-29 14:50:00
筛选后数据行数: 110
按照 train_flag_inter=1 筛选后数据行数: 110
对分钟 2025-08-29 14:50:00 拟合SVI参数，共 4 个到期日
  到期日 2025-09-19: RMSE=0.009918, MAPE=0.024323, 样本数=38
  到期日 2025-10-17: RMSE=0.003285, MAPE=0.009717, 样本数=28
  到期日 2025-11-21: RMSE=0.020589, MAPE=0.081829, 样本数=25
  到期日 2025-12-19: RMSE=0.001374, MAPE=0.004754, 样本数=19

✅ SVI参数拟合完成!
   分钟: 2025-08-29 14:50:00
   到期日数量: 4
   参数文件: ./results_forecasting/svi_forecast_all/hushen300_minute_forecast_clear/svi_params_2025-08-29_14_50_00.pkl
   平均RMSE: 0.008792
   平均MAPE: 0.030156

==========================================
SVI拟合结束时间: 2025-10-18 10:51:36
==========================================
