==========================================
SVI拟合开始时间: 2025-10-18 10:45:53
分钟: 2025-08-13 14:50:00 | 划分: forecast
标记列: train_flag_inter
==========================================
加载数据: ../data/hushen300_minute/hushen300_minute.csv
筛选分钟: 2025-08-13 14:50:00
筛选后数据行数: 92
按照 train_flag_inter=1 筛选后数据行数: 92
对分钟 2025-08-13 14:50:00 拟合SVI参数，共 4 个到期日
  到期日 2025-08-15: RMSE=0.031769, MAPE=0.058023, 样本数=24
  到期日 2025-09-19: RMSE=0.003837, MAPE=0.008546, 样本数=32
  到期日 2025-10-17: RMSE=0.015521, MAPE=0.070548, 样本数=21
  到期日 2025-12-19: RMSE=0.000900, MAPE=0.003870, 样本数=15

✅ SVI参数拟合完成!
   分钟: 2025-08-13 14:50:00
   到期日数量: 4
   参数文件: ./results_forecasting/svi_forecast_all/hushen300_minute_forecast_clear/svi_params_2025-08-13_14_50_00.pkl
   平均RMSE: 0.013007
   平均MAPE: 0.035247

==========================================
SVI拟合结束时间: 2025-10-18 10:45:59
==========================================
