==========================================
训练开始时间: 2025-10-18 18:50:28
分钟: 2025-08-27 13:30:00 | 划分: forecast | 设备: cuda
标记列: train_flag_inter
==========================================
使用设备: CUDA (NVIDIA GeForce RTX 4090)
加载数据: ../data/hushen300_minute/hushen300_minute.csv
筛选分钟: 2025-08-27 13:30:00
筛选后数据行数: 146
按照 train_flag_inter=1 筛选后数据行数: 146
使用 torch.compile 优化模型 (设备: cuda)
/home/douxueli/miniconda3/envs/iv/lib/python3.11/site-packages/torch/optim/lr_scheduler.py:28: UserWarning: The verbose parameter is deprecated. Please use get_last_lr() to access the learning rate.
  warnings.warn("The verbose parameter is deprecated. Please use get_last_lr() "
开始训练，总轮数: 10000, Restart次数: 4
Saved! Epoch 1 Loss:  0.48848;lr: 0.01000
Saved! Epoch 2 Loss:  0.16689;lr: 0.01000
Saved! Epoch 9 Loss:  0.15490;lr: 0.01000
Saved! Epoch 14 Loss:  0.14956;lr: 0.01000
Saved! Epoch 15 Loss:  0.14346;lr: 0.01000
Saved! Epoch 18 Loss:  0.13712;lr: 0.01000
Saved! Epoch 23 Loss:  0.13012;lr: 0.01000
Saved! Epoch 24 Loss:  0.12600;lr: 0.01000
Saved! Epoch 27 Loss:  0.12151;lr: 0.01000
Saved! Epoch 31 Loss:  0.11632;lr: 0.01000
Saved! Epoch 34 Loss:  0.11393;lr: 0.01000
Saved! Epoch 38 Loss:  0.11112;lr: 0.01000
Saved! Epoch 41 Loss:  0.10980;lr: 0.01000
Saved! Epoch 45 Loss:  0.10692;lr: 0.01000
Saved! Epoch 48 Loss:  0.10484;lr: 0.01000
Saved! Epoch 51 Loss:  0.10340;lr: 0.01000
Saved! Epoch 59 Loss:  0.10165;lr: 0.01000
Saved! Epoch 66 Loss:  0.10037;lr: 0.01000
Saved! Epoch 68 Loss:  0.09923;lr: 0.01000
Saved! Epoch 73 Loss:  0.09788;lr: 0.01000
Saved! Epoch 76 Loss:  0.09675;lr: 0.01000
Saved! Epoch 79 Loss:  0.09529;lr: 0.01000
Saved! Epoch 82 Loss:  0.09345;lr: 0.01000
Saved! Epoch 85 Loss:  0.09166;lr: 0.01000
Saved! Epoch 87 Loss:  0.09039;lr: 0.01000
Saved! Epoch 110 Loss:  0.08925;lr: 0.01000
Saved! Epoch 159 Loss:  0.08835;lr: 0.01000
Saved! Epoch 249 Loss:  0.08733;lr: 0.01000
Saved! Epoch 341 Loss:  0.08625;lr: 0.01000
Saved! Epoch 484 Loss:  0.08536;lr: 0.01000
Saved! Epoch 705 Loss:  0.08440;lr: 0.01000
Saved! Epoch 799 Loss:  0.08345;lr: 0.01000
Saved! Epoch 860 Loss:  0.08249;lr: 0.01000
Saved! Epoch 926 Loss:  0.08162;lr: 0.01000
Saved! Epoch 981 Loss:  0.08060;lr: 0.01000
Saved! Epoch 1025 Loss:  0.07969;lr: 0.01000
Saved! Epoch 1055 Loss:  0.07870;lr: 0.01000
Saved! Epoch 1086 Loss:  0.07754;lr: 0.01000
Saved! Epoch 1118 Loss:  0.07657;lr: 0.01000
Saved! Epoch 1131 Loss:  0.07540;lr: 0.01000
Saved! Epoch 1143 Loss:  0.07456;lr: 0.01000
Saved! Epoch 1158 Loss:  0.07379;lr: 0.01000
Saved! Epoch 1171 Loss:  0.07172;lr: 0.01000
Saved! Epoch 1184 Loss:  0.07092;lr: 0.01000
Saved! Epoch 1192 Loss:  0.06876;lr: 0.01000
Saved! Epoch 1214 Loss:  0.06623;lr: 0.01000
Saved! Epoch 1222 Loss:  0.06525;lr: 0.01000
Saved! Epoch 1227 Loss:  0.06453;lr: 0.01000
Saved! Epoch 1228 Loss:  0.06385;lr: 0.01000
Saved! Epoch 1238 Loss:  0.06243;lr: 0.01000
Saved! Epoch 1252 Loss:  0.06065;lr: 0.01000
Saved! Epoch 1257 Loss:  0.05947;lr: 0.01000
Saved! Epoch 1263 Loss:  0.05874;lr: 0.01000
Saved! Epoch 1271 Loss:  0.05779;lr: 0.01000
Saved! Epoch 1275 Loss:  0.05716;lr: 0.01000
Saved! Epoch 1280 Loss:  0.05629;lr: 0.01000
Saved! Epoch 1286 Loss:  0.05467;lr: 0.01000
Saved! Epoch 1291 Loss:  0.05386;lr: 0.01000
Saved! Epoch 1296 Loss:  0.05311;lr: 0.01000
Saved! Epoch 1306 Loss:  0.05230;lr: 0.01000
Saved! Epoch 1328 Loss:  0.05146;lr: 0.01000
Saved! Epoch 1348 Loss:  0.05077;lr: 0.01000
Saved! Epoch 1369 Loss:  0.05025;lr: 0.01000
Saved! Epoch 1400 Loss:  0.04963;lr: 0.01000
Saved! Epoch 1430 Loss:  0.04890;lr: 0.01000
Saved! Epoch 1467 Loss:  0.04834;lr: 0.01000
Saved! Epoch 1495 Loss:  0.04781;lr: 0.01000
Saved! Epoch 1524 Loss:  0.04730;lr: 0.01000
Saved! Epoch 1567 Loss:  0.04657;lr: 0.01000
Saved! Epoch 1620 Loss:  0.04578;lr: 0.01000
Saved! Epoch 1631 Loss:  0.04508;lr: 0.01000
Saved! Epoch 1688 Loss:  0.04420;lr: 0.01000
Saved! Epoch 1720 Loss:  0.04370;lr: 0.01000
Saved! Epoch 1756 Loss:  0.04324;lr: 0.01000
Saved! Epoch 1814 Loss:  0.04281;lr: 0.01000
Saved! Epoch 1853 Loss:  0.04214;lr: 0.01000
Saved! Epoch 1946 Loss:  0.04154;lr: 0.01000
Saved! Epoch 1994 Loss:  0.04099;lr: 0.01000
Saved! Epoch 2000 Loss:  0.04165;lr: 0.01000
Saved! Epoch 2033 Loss:  0.04041;lr: 0.01000
Saved! Epoch 2113 Loss:  0.03996;lr: 0.01000
Saved! Epoch 2206 Loss:  0.03951;lr: 0.01000
Saved! Epoch 2370 Loss:  0.03889;lr: 0.01000
Saved! Epoch 2461 Loss:  0.03847;lr: 0.01000
Saved! Epoch 2636 Loss:  0.03806;lr: 0.01000
Saved! Epoch 2671 Loss:  0.03745;lr: 0.01000
Saved! Epoch 2792 Loss:  0.03703;lr: 0.01000
Saved! Epoch 2882 Loss:  0.03661;lr: 0.01000
Saved! Epoch 2933 Loss:  0.03617;lr: 0.01000
Saved! Epoch 3053 Loss:  0.03560;lr: 0.01000
Saved! Epoch 3162 Loss:  0.03523;lr: 0.01000
Saved! Epoch 3167 Loss:  0.03485;lr: 0.01000
Saved! Epoch 3201 Loss:  0.03446;lr: 0.01000
Saved! Epoch 3252 Loss:  0.03411;lr: 0.01000
Saved! Epoch 3330 Loss:  0.03352;lr: 0.01000
Saved! Epoch 3352 Loss:  0.03313;lr: 0.01000
Saved! Epoch 3370 Loss:  0.03272;lr: 0.01000
Saved! Epoch 3380 Loss:  0.03233;lr: 0.01000
Saved! Epoch 3404 Loss:  0.03166;lr: 0.01000
Saved! Epoch 3449 Loss:  0.03106;lr: 0.01000
Saved! Epoch 3486 Loss:  0.03054;lr: 0.01000
Saved! Epoch 3490 Loss:  0.03017;lr: 0.01000
Saved! Epoch 3521 Loss:  0.02955;lr: 0.01000
Saved! Epoch 3541 Loss:  0.02913;lr: 0.01000
Saved! Epoch 3555 Loss:  0.02872;lr: 0.01000
Saved! Epoch 3556 Loss:  0.02839;lr: 0.01000
Saved! Epoch 3597 Loss:  0.02778;lr: 0.01000
Saved! Epoch 3680 Loss:  0.02740;lr: 0.01000
Saved! Epoch 3690 Loss:  0.02710;lr: 0.01000
Saved! Epoch 3695 Loss:  0.02655;lr: 0.01000
Saved! Epoch 3704 Loss:  0.02626;lr: 0.01000
Saved! Epoch 3868 Loss:  0.02587;lr: 0.01000
Saved! Epoch 3912 Loss:  0.02554;lr: 0.01000
Saved! Epoch 3926 Loss:  0.02520;lr: 0.01000
Saved! Epoch 4000 Loss:  0.02646;lr: 0.01000
Saved! Epoch 4054 Loss:  0.02453;lr: 0.01000
Saved! Epoch 4135 Loss:  0.02426;lr: 0.01000
Saved! Epoch 4355 Loss:  0.02397;lr: 0.01000
Saved! Epoch 4399 Loss:  0.02362;lr: 0.01000
Saved! Epoch 4527 Loss:  0.02332;lr: 0.01000
Saved! Epoch 4670 Loss:  0.02296;lr: 0.01000
Saved! Epoch 4816 Loss:  0.02269;lr: 0.01000
Saved! Epoch 5039 Loss:  0.02244;lr: 0.01000
Saved! Epoch 5356 Loss:  0.02214;lr: 0.01000
Saved! Epoch 5522 Loss:  0.02187;lr: 0.01000
Saved! Epoch 5857 Loss:  0.02157;lr: 0.01000
Saved! Epoch 6000 Loss:  0.02757;lr: 0.01000
Saved! Epoch 6207 Loss:  0.02126;lr: 0.01000
Saved! Epoch 6491 Loss:  0.02101;lr: 0.01000
Saved! Epoch 7009 Loss:  0.02063;lr: 0.00500
Saved! Epoch 7018 Loss:  0.02034;lr: 0.00500
Saved! Epoch 7108 Loss:  0.02013;lr: 0.00500
Saved! Epoch 7327 Loss:  0.01990;lr: 0.00500
Saved! Epoch 7816 Loss:  0.01965;lr: 0.00500
Saved! Epoch 8000 Loss:  0.02071;lr: 0.00500
Saved! Epoch 8204 Loss:  0.01939;lr: 0.00500
Saved! Epoch 8478 Loss:  0.01911;lr: 0.00500
Saved! Epoch 8872 Loss:  0.01890;lr: 0.00500
Saved! Epoch 9219 Loss:  0.01862;lr: 0.00500
Saved! Epoch 9726 Loss:  0.01842;lr: 0.00250
Saved! Epoch 9731 Loss:  0.01817;lr: 0.00250
Saved! Epoch 9901 Loss:  0.01799;lr: 0.00250
Saved! Epoch 10000 Loss:  0.01825;lr: 0.00250

训练完成! 分钟: 2025-08-27 13:30:00, 划分方式: forecast

==========================================
训练结束时间: 2025-10-18 18:52:13
==========================================
