==========================================
训练开始时间: 2025-10-18 17:29:01
分钟: 2025-08-18 13:30:00 | 划分: forecast | 设备: cuda
标记列: train_flag_inter
==========================================
使用设备: CUDA (NVIDIA GeForce RTX 4090)
加载数据: ../data/hushen300_minute/hushen300_minute.csv
筛选分钟: 2025-08-18 13:30:00
筛选后数据行数: 106
按照 train_flag_inter=1 筛选后数据行数: 106
使用 torch.compile 优化模型 (设备: cuda)
/home/douxueli/miniconda3/envs/iv/lib/python3.11/site-packages/torch/optim/lr_scheduler.py:28: UserWarning: The verbose parameter is deprecated. Please use get_last_lr() to access the learning rate.
  warnings.warn("The verbose parameter is deprecated. Please use get_last_lr() "
开始训练，总轮数: 10000, Restart次数: 4
Saved! Epoch 1 Loss:  0.43661;lr: 0.01000
Saved! Epoch 2 Loss:  0.14933;lr: 0.01000
Saved! Epoch 9 Loss:  0.14301;lr: 0.01000
Saved! Epoch 14 Loss:  0.13061;lr: 0.01000
Saved! Epoch 18 Loss:  0.12243;lr: 0.01000
Saved! Epoch 23 Loss:  0.11230;lr: 0.01000
Saved! Epoch 26 Loss:  0.11077;lr: 0.01000
Saved! Epoch 27 Loss:  0.10515;lr: 0.01000
Saved! Epoch 30 Loss:  0.10284;lr: 0.01000
Saved! Epoch 31 Loss:  0.09760;lr: 0.01000
Saved! Epoch 34 Loss:  0.09354;lr: 0.01000
Saved! Epoch 38 Loss:  0.09243;lr: 0.01000
Saved! Epoch 45 Loss:  0.09038;lr: 0.01000
Saved! Epoch 52 Loss:  0.08751;lr: 0.01000
Saved! Epoch 62 Loss:  0.08562;lr: 0.01000
Saved! Epoch 66 Loss:  0.08448;lr: 0.01000
Saved! Epoch 72 Loss:  0.08331;lr: 0.01000
Saved! Epoch 77 Loss:  0.08219;lr: 0.01000
Saved! Epoch 83 Loss:  0.08129;lr: 0.01000
Saved! Epoch 92 Loss:  0.08023;lr: 0.01000
Saved! Epoch 95 Loss:  0.07917;lr: 0.01000
Saved! Epoch 99 Loss:  0.07797;lr: 0.01000
Saved! Epoch 103 Loss:  0.07672;lr: 0.01000
Saved! Epoch 106 Loss:  0.07586;lr: 0.01000
Saved! Epoch 116 Loss:  0.07488;lr: 0.01000
Saved! Epoch 155 Loss:  0.07410;lr: 0.01000
Saved! Epoch 365 Loss:  0.07319;lr: 0.01000
Saved! Epoch 666 Loss:  0.07227;lr: 0.01000
Saved! Epoch 936 Loss:  0.07154;lr: 0.01000
Saved! Epoch 1183 Loss:  0.07082;lr: 0.01000
Saved! Epoch 1253 Loss:  0.07010;lr: 0.01000
Saved! Epoch 1331 Loss:  0.06925;lr: 0.01000
Saved! Epoch 1423 Loss:  0.06850;lr: 0.01000
Saved! Epoch 1493 Loss:  0.06777;lr: 0.01000
Saved! Epoch 1548 Loss:  0.06697;lr: 0.01000
Saved! Epoch 1597 Loss:  0.06617;lr: 0.01000
Saved! Epoch 1622 Loss:  0.06547;lr: 0.01000
Saved! Epoch 1647 Loss:  0.06474;lr: 0.01000
Saved! Epoch 1660 Loss:  0.06406;lr: 0.01000
Saved! Epoch 1676 Loss:  0.06249;lr: 0.01000
Saved! Epoch 1690 Loss:  0.06145;lr: 0.01000
Saved! Epoch 1695 Loss:  0.06073;lr: 0.01000
Saved! Epoch 1705 Loss:  0.06002;lr: 0.01000
Saved! Epoch 1706 Loss:  0.05927;lr: 0.01000
Saved! Epoch 1711 Loss:  0.05861;lr: 0.01000
Saved! Epoch 1717 Loss:  0.05780;lr: 0.01000
Saved! Epoch 1729 Loss:  0.05638;lr: 0.01000
Saved! Epoch 1733 Loss:  0.05477;lr: 0.01000
Saved! Epoch 1737 Loss:  0.05372;lr: 0.01000
Saved! Epoch 1740 Loss:  0.05271;lr: 0.01000
Saved! Epoch 1748 Loss:  0.05184;lr: 0.01000
Saved! Epoch 1750 Loss:  0.05122;lr: 0.01000
Saved! Epoch 1758 Loss:  0.04895;lr: 0.01000
Saved! Epoch 1760 Loss:  0.04845;lr: 0.01000
Saved! Epoch 1766 Loss:  0.04698;lr: 0.01000
Saved! Epoch 1774 Loss:  0.04572;lr: 0.01000
Saved! Epoch 1784 Loss:  0.04469;lr: 0.01000
Saved! Epoch 1791 Loss:  0.04405;lr: 0.01000
Saved! Epoch 1817 Loss:  0.04330;lr: 0.01000
Saved! Epoch 1852 Loss:  0.04276;lr: 0.01000
Saved! Epoch 1898 Loss:  0.04223;lr: 0.01000
Saved! Epoch 1923 Loss:  0.04180;lr: 0.01000
Saved! Epoch 1956 Loss:  0.04132;lr: 0.01000
Saved! Epoch 1979 Loss:  0.04086;lr: 0.01000
Saved! Epoch 2000 Loss:  0.04273;lr: 0.01000
Saved! Epoch 2035 Loss:  0.04021;lr: 0.01000
Saved! Epoch 2076 Loss:  0.03959;lr: 0.01000
Saved! Epoch 2101 Loss:  0.03910;lr: 0.01000
Saved! Epoch 2146 Loss:  0.03866;lr: 0.01000
Saved! Epoch 2172 Loss:  0.03821;lr: 0.01000
Saved! Epoch 2223 Loss:  0.03778;lr: 0.01000
Saved! Epoch 2310 Loss:  0.03736;lr: 0.01000
Saved! Epoch 2347 Loss:  0.03695;lr: 0.01000
Saved! Epoch 2443 Loss:  0.03656;lr: 0.01000
Saved! Epoch 2518 Loss:  0.03613;lr: 0.01000
Saved! Epoch 2577 Loss:  0.03565;lr: 0.01000
Saved! Epoch 2771 Loss:  0.03516;lr: 0.01000
Saved! Epoch 2954 Loss:  0.03479;lr: 0.01000
Saved! Epoch 3128 Loss:  0.03440;lr: 0.01000
Saved! Epoch 3250 Loss:  0.03387;lr: 0.01000
Saved! Epoch 3357 Loss:  0.03345;lr: 0.01000
Saved! Epoch 3494 Loss:  0.03293;lr: 0.01000
Saved! Epoch 3522 Loss:  0.03255;lr: 0.01000
Saved! Epoch 3650 Loss:  0.03221;lr: 0.01000
Saved! Epoch 3770 Loss:  0.03177;lr: 0.01000
Saved! Epoch 3867 Loss:  0.03123;lr: 0.01000
Saved! Epoch 4000 Loss:  0.03279;lr: 0.01000
Saved! Epoch 4165 Loss:  0.03080;lr: 0.01000
Saved! Epoch 4305 Loss:  0.03037;lr: 0.01000
Saved! Epoch 4366 Loss:  0.02988;lr: 0.01000
Saved! Epoch 4554 Loss:  0.02946;lr: 0.01000
Saved! Epoch 4568 Loss:  0.02912;lr: 0.01000
Saved! Epoch 4585 Loss:  0.02871;lr: 0.01000
Saved! Epoch 4673 Loss:  0.02817;lr: 0.01000
Saved! Epoch 4725 Loss:  0.02783;lr: 0.01000
Saved! Epoch 4755 Loss:  0.02739;lr: 0.01000
Saved! Epoch 4828 Loss:  0.02695;lr: 0.01000
Saved! Epoch 4877 Loss:  0.02665;lr: 0.01000
Saved! Epoch 4886 Loss:  0.02626;lr: 0.01000
Saved! Epoch 4907 Loss:  0.02584;lr: 0.01000
Saved! Epoch 4968 Loss:  0.02550;lr: 0.01000
Saved! Epoch 5028 Loss:  0.02516;lr: 0.01000
Saved! Epoch 5086 Loss:  0.02437;lr: 0.01000
Saved! Epoch 5141 Loss:  0.02393;lr: 0.01000
Saved! Epoch 5255 Loss:  0.02358;lr: 0.01000
Saved! Epoch 5268 Loss:  0.02326;lr: 0.01000
Saved! Epoch 5303 Loss:  0.02280;lr: 0.01000
Saved! Epoch 5337 Loss:  0.02245;lr: 0.01000
Saved! Epoch 5420 Loss:  0.02218;lr: 0.01000
Saved! Epoch 5432 Loss:  0.02191;lr: 0.01000
Saved! Epoch 5459 Loss:  0.02155;lr: 0.01000
Saved! Epoch 5538 Loss:  0.02124;lr: 0.01000
Saved! Epoch 5551 Loss:  0.02091;lr: 0.01000
Saved! Epoch 5597 Loss:  0.02062;lr: 0.01000
Saved! Epoch 5616 Loss:  0.02032;lr: 0.01000
Saved! Epoch 5689 Loss:  0.02003;lr: 0.01000
Saved! Epoch 5700 Loss:  0.01977;lr: 0.01000
Saved! Epoch 5769 Loss:  0.01948;lr: 0.01000
Saved! Epoch 5774 Loss:  0.01922;lr: 0.01000
Saved! Epoch 5891 Loss:  0.01884;lr: 0.01000
Saved! Epoch 6000 Loss:  0.01939;lr: 0.01000
Saved! Epoch 6062 Loss:  0.01848;lr: 0.01000
Saved! Epoch 6108 Loss:  0.01814;lr: 0.01000
Saved! Epoch 6520 Loss:  0.01795;lr: 0.01000
Saved! Epoch 6738 Loss:  0.01772;lr: 0.01000
Saved! Epoch 6759 Loss:  0.01751;lr: 0.01000
Saved! Epoch 7281 Loss:  0.01719;lr: 0.00500
Saved! Epoch 7313 Loss:  0.01700;lr: 0.00500
Saved! Epoch 7632 Loss:  0.01679;lr: 0.00500
Saved! Epoch 8000 Loss:  0.01754;lr: 0.00500
Saved! Epoch 8170 Loss:  0.01662;lr: 0.00250
Saved! Epoch 8510 Loss:  0.01645;lr: 0.00250
Saved! Epoch 9031 Loss:  0.01626;lr: 0.00125
Saved! Epoch 10000 Loss:  0.01621;lr: 0.00063

训练完成! 分钟: 2025-08-18 13:30:00, 划分方式: forecast

==========================================
训练结束时间: 2025-10-18 17:30:45
==========================================
