==========================================
训练开始时间: 2025-10-18 17:30:45
分钟: 2025-08-18 14:00:00 | 划分: forecast | 设备: cuda
标记列: train_flag_inter
==========================================
使用设备: CUDA (NVIDIA GeForce RTX 4090)
加载数据: ../data/hushen300_minute/hushen300_minute.csv
筛选分钟: 2025-08-18 14:00:00
筛选后数据行数: 120
按照 train_flag_inter=1 筛选后数据行数: 120
使用 torch.compile 优化模型 (设备: cuda)
/home/douxueli/miniconda3/envs/iv/lib/python3.11/site-packages/torch/optim/lr_scheduler.py:28: UserWarning: The verbose parameter is deprecated. Please use get_last_lr() to access the learning rate.
  warnings.warn("The verbose parameter is deprecated. Please use get_last_lr() "
开始训练，总轮数: 10000, Restart次数: 4
Saved! Epoch 1 Loss:  0.42750;lr: 0.01000
Saved! Epoch 2 Loss:  0.16471;lr: 0.01000
Saved! Epoch 5 Loss:  0.15724;lr: 0.01000
Saved! Epoch 14 Loss:  0.14183;lr: 0.01000
Saved! Epoch 18 Loss:  0.13847;lr: 0.01000
Saved! Epoch 19 Loss:  0.12995;lr: 0.01000
Saved! Epoch 23 Loss:  0.12602;lr: 0.01000
Saved! Epoch 24 Loss:  0.11619;lr: 0.01000
Saved! Epoch 28 Loss:  0.11017;lr: 0.01000
Saved! Epoch 32 Loss:  0.10146;lr: 0.01000
Saved! Epoch 35 Loss:  0.09671;lr: 0.01000
Saved! Epoch 39 Loss:  0.09311;lr: 0.01000
Saved! Epoch 45 Loss:  0.08985;lr: 0.01000
Saved! Epoch 51 Loss:  0.08843;lr: 0.01000
Saved! Epoch 56 Loss:  0.08741;lr: 0.01000
Saved! Epoch 58 Loss:  0.08627;lr: 0.01000
Saved! Epoch 63 Loss:  0.08516;lr: 0.01000
Saved! Epoch 68 Loss:  0.08416;lr: 0.01000
Saved! Epoch 71 Loss:  0.08310;lr: 0.01000
Saved! Epoch 79 Loss:  0.08218;lr: 0.01000
Saved! Epoch 82 Loss:  0.08126;lr: 0.01000
Saved! Epoch 85 Loss:  0.08023;lr: 0.01000
Saved! Epoch 88 Loss:  0.07920;lr: 0.01000
Saved! Epoch 91 Loss:  0.07806;lr: 0.01000
Saved! Epoch 93 Loss:  0.07678;lr: 0.01000
Saved! Epoch 95 Loss:  0.07571;lr: 0.01000
Saved! Epoch 104 Loss:  0.07480;lr: 0.01000
Saved! Epoch 244 Loss:  0.07390;lr: 0.01000
Saved! Epoch 410 Loss:  0.07311;lr: 0.01000
Saved! Epoch 611 Loss:  0.07236;lr: 0.01000
Saved! Epoch 736 Loss:  0.07148;lr: 0.01000
Saved! Epoch 800 Loss:  0.07074;lr: 0.01000
Saved! Epoch 887 Loss:  0.07000;lr: 0.01000
Saved! Epoch 946 Loss:  0.06912;lr: 0.01000
Saved! Epoch 1123 Loss:  0.06817;lr: 0.01000
Saved! Epoch 1281 Loss:  0.06737;lr: 0.01000
Saved! Epoch 1435 Loss:  0.06658;lr: 0.01000
Saved! Epoch 1555 Loss:  0.06556;lr: 0.01000
Saved! Epoch 1605 Loss:  0.06455;lr: 0.01000
Saved! Epoch 1650 Loss:  0.06357;lr: 0.01000
Saved! Epoch 1668 Loss:  0.06284;lr: 0.01000
Saved! Epoch 1671 Loss:  0.06197;lr: 0.01000
Saved! Epoch 1682 Loss:  0.06131;lr: 0.01000
Saved! Epoch 1695 Loss:  0.05983;lr: 0.01000
Saved! Epoch 1700 Loss:  0.05887;lr: 0.01000
Saved! Epoch 1703 Loss:  0.05818;lr: 0.01000
Saved! Epoch 1711 Loss:  0.05719;lr: 0.01000
Saved! Epoch 1712 Loss:  0.05624;lr: 0.01000
Saved! Epoch 1719 Loss:  0.05561;lr: 0.01000
Saved! Epoch 1720 Loss:  0.05447;lr: 0.01000
Saved! Epoch 1722 Loss:  0.05389;lr: 0.01000
Saved! Epoch 1728 Loss:  0.05286;lr: 0.01000
Saved! Epoch 1738 Loss:  0.05021;lr: 0.01000
Saved! Epoch 1747 Loss:  0.04934;lr: 0.01000
Saved! Epoch 1750 Loss:  0.04850;lr: 0.01000
Saved! Epoch 1756 Loss:  0.04789;lr: 0.01000
Saved! Epoch 1759 Loss:  0.04741;lr: 0.01000
Saved! Epoch 1772 Loss:  0.04675;lr: 0.01000
Saved! Epoch 1797 Loss:  0.04595;lr: 0.01000
Saved! Epoch 1815 Loss:  0.04546;lr: 0.01000
Saved! Epoch 1845 Loss:  0.04497;lr: 0.01000
Saved! Epoch 1878 Loss:  0.04451;lr: 0.01000
Saved! Epoch 1917 Loss:  0.04393;lr: 0.01000
Saved! Epoch 1938 Loss:  0.04349;lr: 0.01000
Saved! Epoch 1964 Loss:  0.04300;lr: 0.01000
Saved! Epoch 1982 Loss:  0.04257;lr: 0.01000
Saved! Epoch 1988 Loss:  0.04214;lr: 0.01000
Saved! Epoch 2000 Loss:  0.04277;lr: 0.01000
Saved! Epoch 2010 Loss:  0.04170;lr: 0.01000
Saved! Epoch 2043 Loss:  0.04109;lr: 0.01000
Saved! Epoch 2083 Loss:  0.04038;lr: 0.01000
Saved! Epoch 2123 Loss:  0.03996;lr: 0.01000
Saved! Epoch 2148 Loss:  0.03954;lr: 0.01000
Saved! Epoch 2249 Loss:  0.03902;lr: 0.01000
Saved! Epoch 2299 Loss:  0.03846;lr: 0.01000
Saved! Epoch 2355 Loss:  0.03805;lr: 0.01000
Saved! Epoch 2373 Loss:  0.03766;lr: 0.01000
Saved! Epoch 2485 Loss:  0.03724;lr: 0.01000
Saved! Epoch 2520 Loss:  0.03674;lr: 0.01000
Saved! Epoch 2639 Loss:  0.03635;lr: 0.01000
Saved! Epoch 2691 Loss:  0.03598;lr: 0.01000
Saved! Epoch 2764 Loss:  0.03548;lr: 0.01000
Saved! Epoch 2875 Loss:  0.03499;lr: 0.01000
Saved! Epoch 2918 Loss:  0.03461;lr: 0.01000
Saved! Epoch 2927 Loss:  0.03415;lr: 0.01000
Saved! Epoch 3003 Loss:  0.03376;lr: 0.01000
Saved! Epoch 3088 Loss:  0.03330;lr: 0.01000
Saved! Epoch 3091 Loss:  0.03292;lr: 0.01000
Saved! Epoch 3114 Loss:  0.03228;lr: 0.01000
Saved! Epoch 3206 Loss:  0.03143;lr: 0.01000
Saved! Epoch 3277 Loss:  0.03096;lr: 0.01000
Saved! Epoch 3312 Loss:  0.03035;lr: 0.01000
Saved! Epoch 3350 Loss:  0.02982;lr: 0.01000
Saved! Epoch 3382 Loss:  0.02938;lr: 0.01000
Saved! Epoch 3453 Loss:  0.02892;lr: 0.01000
Saved! Epoch 3494 Loss:  0.02855;lr: 0.01000
Saved! Epoch 3526 Loss:  0.02807;lr: 0.01000
Saved! Epoch 3605 Loss:  0.02774;lr: 0.01000
Saved! Epoch 3614 Loss:  0.02744;lr: 0.01000
Saved! Epoch 3671 Loss:  0.02710;lr: 0.01000
Saved! Epoch 3734 Loss:  0.02674;lr: 0.01000
Saved! Epoch 3785 Loss:  0.02637;lr: 0.01000
Saved! Epoch 3857 Loss:  0.02603;lr: 0.01000
Saved! Epoch 3943 Loss:  0.02577;lr: 0.01000
Saved! Epoch 3960 Loss:  0.02535;lr: 0.01000
Saved! Epoch 3990 Loss:  0.02487;lr: 0.01000
Saved! Epoch 4000 Loss:  0.02576;lr: 0.01000
Saved! Epoch 4010 Loss:  0.02456;lr: 0.01000
Saved! Epoch 4079 Loss:  0.02426;lr: 0.01000
Saved! Epoch 4167 Loss:  0.02401;lr: 0.01000
Saved! Epoch 4196 Loss:  0.02365;lr: 0.01000
Saved! Epoch 4344 Loss:  0.02282;lr: 0.01000
Saved! Epoch 4389 Loss:  0.02233;lr: 0.01000
Saved! Epoch 4555 Loss:  0.02211;lr: 0.01000
Saved! Epoch 4578 Loss:  0.02183;lr: 0.01000
Saved! Epoch 4641 Loss:  0.02160;lr: 0.01000
Saved! Epoch 4672 Loss:  0.02121;lr: 0.01000
Saved! Epoch 4824 Loss:  0.02096;lr: 0.01000
Saved! Epoch 5071 Loss:  0.02075;lr: 0.01000
Saved! Epoch 5226 Loss:  0.02037;lr: 0.01000
Saved! Epoch 5666 Loss:  0.01977;lr: 0.01000
Saved! Epoch 6000 Loss:  0.02311;lr: 0.01000
Saved! Epoch 6174 Loss:  0.01935;lr: 0.00500
Saved! Epoch 6204 Loss:  0.01915;lr: 0.00500
Saved! Epoch 6224 Loss:  0.01892;lr: 0.00500
Saved! Epoch 6355 Loss:  0.01865;lr: 0.00500
Saved! Epoch 6861 Loss:  0.01838;lr: 0.00250
Saved! Epoch 6885 Loss:  0.01820;lr: 0.00250
Saved! Epoch 6927 Loss:  0.01797;lr: 0.00250
Saved! Epoch 7431 Loss:  0.01776;lr: 0.00125
Saved! Epoch 7940 Loss:  0.01757;lr: 0.00063
Saved! Epoch 8000 Loss:  0.01761;lr: 0.00063
Saved! Epoch 8820 Loss:  0.01739;lr: 0.00031
Saved! Epoch 10000 Loss:  0.01731;lr: 0.00008

训练完成! 分钟: 2025-08-18 14:00:00, 划分方式: forecast

==========================================
训练结束时间: 2025-10-18 17:32:33
==========================================
