==========================================
训练开始时间: 2025-10-18 15:18:41
分钟: 2025-08-04 11:20:00 | 划分: forecast | 设备: cuda
标记列: train_flag_inter
==========================================
使用设备: CUDA (NVIDIA GeForce RTX 4090)
加载数据: ../data/hushen300_minute/hushen300_minute.csv
筛选分钟: 2025-08-04 11:20:00
筛选后数据行数: 105
按照 train_flag_inter=1 筛选后数据行数: 105
使用 torch.compile 优化模型 (设备: cuda)
/home/douxueli/miniconda3/envs/iv/lib/python3.11/site-packages/torch/optim/lr_scheduler.py:28: UserWarning: The verbose parameter is deprecated. Please use get_last_lr() to access the learning rate.
  warnings.warn("The verbose parameter is deprecated. Please use get_last_lr() "
开始训练，总轮数: 10000, Restart次数: 4
Saved! Epoch 1 Loss:  0.34341;lr: 0.01000
Saved! Epoch 2 Loss:  0.15437;lr: 0.01000
Saved! Epoch 4 Loss:  0.11733;lr: 0.01000
Saved! Epoch 9 Loss:  0.11407;lr: 0.01000
Saved! Epoch 12 Loss:  0.10742;lr: 0.01000
Saved! Epoch 16 Loss:  0.10208;lr: 0.01000
Saved! Epoch 47 Loss:  0.10056;lr: 0.01000
Saved! Epoch 52 Loss:  0.09924;lr: 0.01000
Saved! Epoch 56 Loss:  0.09822;lr: 0.01000
Saved! Epoch 64 Loss:  0.09699;lr: 0.01000
Saved! Epoch 73 Loss:  0.09600;lr: 0.01000
Saved! Epoch 77 Loss:  0.09498;lr: 0.01000
Saved! Epoch 80 Loss:  0.09396;lr: 0.01000
Saved! Epoch 83 Loss:  0.09245;lr: 0.01000
Saved! Epoch 93 Loss:  0.09152;lr: 0.01000
Saved! Epoch 108 Loss:  0.09049;lr: 0.01000
Saved! Epoch 142 Loss:  0.08958;lr: 0.01000
Saved! Epoch 185 Loss:  0.08861;lr: 0.01000
Saved! Epoch 227 Loss:  0.08759;lr: 0.01000
Saved! Epoch 279 Loss:  0.08669;lr: 0.01000
Saved! Epoch 341 Loss:  0.08567;lr: 0.01000
Saved! Epoch 419 Loss:  0.08474;lr: 0.01000
Saved! Epoch 460 Loss:  0.08389;lr: 0.01000
Saved! Epoch 536 Loss:  0.08250;lr: 0.01000
Saved! Epoch 577 Loss:  0.08157;lr: 0.01000
Saved! Epoch 600 Loss:  0.08073;lr: 0.01000
Saved! Epoch 614 Loss:  0.07985;lr: 0.01000
Saved! Epoch 631 Loss:  0.07866;lr: 0.01000
Saved! Epoch 650 Loss:  0.07782;lr: 0.01000
Saved! Epoch 655 Loss:  0.07690;lr: 0.01000
Saved! Epoch 669 Loss:  0.07584;lr: 0.01000
Saved! Epoch 678 Loss:  0.07505;lr: 0.01000
Saved! Epoch 692 Loss:  0.07429;lr: 0.01000
Saved! Epoch 706 Loss:  0.07336;lr: 0.01000
Saved! Epoch 724 Loss:  0.07206;lr: 0.01000
Saved! Epoch 737 Loss:  0.07128;lr: 0.01000
Saved! Epoch 751 Loss:  0.07034;lr: 0.01000
Saved! Epoch 771 Loss:  0.06950;lr: 0.01000
Saved! Epoch 790 Loss:  0.06878;lr: 0.01000
Saved! Epoch 809 Loss:  0.06802;lr: 0.01000
Saved! Epoch 834 Loss:  0.06723;lr: 0.01000
Saved! Epoch 877 Loss:  0.06633;lr: 0.01000
Saved! Epoch 919 Loss:  0.06543;lr: 0.01000
Saved! Epoch 985 Loss:  0.06463;lr: 0.01000
Saved! Epoch 1026 Loss:  0.06398;lr: 0.01000
Saved! Epoch 1073 Loss:  0.06327;lr: 0.01000
Saved! Epoch 1143 Loss:  0.06262;lr: 0.01000
Saved! Epoch 1189 Loss:  0.06185;lr: 0.01000
Saved! Epoch 1221 Loss:  0.06111;lr: 0.01000
Saved! Epoch 1302 Loss:  0.06042;lr: 0.01000
Saved! Epoch 1344 Loss:  0.05960;lr: 0.01000
Saved! Epoch 1430 Loss:  0.05889;lr: 0.01000
Saved! Epoch 1490 Loss:  0.05806;lr: 0.01000
Saved! Epoch 1601 Loss:  0.05739;lr: 0.01000
Saved! Epoch 1677 Loss:  0.05681;lr: 0.01000
Saved! Epoch 1785 Loss:  0.05620;lr: 0.01000
Saved! Epoch 1999 Loss:  0.05559;lr: 0.01000
Saved! Epoch 2000 Loss:  0.05559;lr: 0.01000
Saved! Epoch 2522 Loss:  0.05502;lr: 0.00500
Saved! Epoch 3715 Loss:  0.05447;lr: 0.00125
Saved! Epoch 4000 Loss:  0.05448;lr: 0.00125
Restart!Epoch 3715 Loss:  0.05436;lr: 0.01000
Saved! Epoch 4000 Loss:  0.05468;lr: 0.01000
Restart!Epoch 3715 Loss:  0.05422;lr: 0.01000
Saved! Epoch 4000 Loss:  0.05468;lr: 0.01000
Restart!Epoch 3715 Loss:  0.05422;lr: 0.01000
Saved! Epoch 4000 Loss:  0.05468;lr: 0.01000
Restart!Epoch 3715 Loss:  0.05422;lr: 0.01000
Saved! Epoch 4000 Loss:  0.05468;lr: 0.01000
Saved! Epoch 6000 Loss:  0.05412;lr: 0.00063
Saved! Epoch 8000 Loss:  0.05403;lr: 0.00004
Saved! Epoch 10000 Loss:  0.05402;lr: 0.00001

训练完成! 分钟: 2025-08-04 11:20:00, 划分方式: forecast

==========================================
训练结束时间: 2025-10-18 15:22:57
==========================================
