==========================================
训练开始时间: 2025-10-18 17:32:33
分钟: 2025-08-18 14:30:00 | 划分: forecast | 设备: cuda
标记列: train_flag_inter
==========================================
使用设备: CUDA (NVIDIA GeForce RTX 4090)
加载数据: ../data/hushen300_minute/hushen300_minute.csv
筛选分钟: 2025-08-18 14:30:00
筛选后数据行数: 106
按照 train_flag_inter=1 筛选后数据行数: 106
使用 torch.compile 优化模型 (设备: cuda)
/home/douxueli/miniconda3/envs/iv/lib/python3.11/site-packages/torch/optim/lr_scheduler.py:28: UserWarning: The verbose parameter is deprecated. Please use get_last_lr() to access the learning rate.
  warnings.warn("The verbose parameter is deprecated. Please use get_last_lr() "
开始训练，总轮数: 10000, Restart次数: 4
Saved! Epoch 1 Loss:  0.37823;lr: 0.01000
Saved! Epoch 2 Loss:  0.17490;lr: 0.01000
Saved! Epoch 5 Loss:  0.15894;lr: 0.01000
Saved! Epoch 9 Loss:  0.14995;lr: 0.01000
Saved! Epoch 13 Loss:  0.14155;lr: 0.01000
Saved! Epoch 17 Loss:  0.13407;lr: 0.01000
Saved! Epoch 20 Loss:  0.12921;lr: 0.01000
Saved! Epoch 22 Loss:  0.12501;lr: 0.01000
Saved! Epoch 23 Loss:  0.12327;lr: 0.01000
Saved! Epoch 24 Loss:  0.12074;lr: 0.01000
Saved! Epoch 25 Loss:  0.11944;lr: 0.01000
Saved! Epoch 26 Loss:  0.11775;lr: 0.01000
Saved! Epoch 27 Loss:  0.11350;lr: 0.01000
Saved! Epoch 29 Loss:  0.11109;lr: 0.01000
Saved! Epoch 30 Loss:  0.10908;lr: 0.01000
Saved! Epoch 35 Loss:  0.10684;lr: 0.01000
Saved! Epoch 47 Loss:  0.10572;lr: 0.01000
Saved! Epoch 52 Loss:  0.10410;lr: 0.01000
Saved! Epoch 56 Loss:  0.10279;lr: 0.01000
Saved! Epoch 70 Loss:  0.10163;lr: 0.01000
Saved! Epoch 89 Loss:  0.10060;lr: 0.01000
Saved! Epoch 101 Loss:  0.09940;lr: 0.01000
Saved! Epoch 109 Loss:  0.09773;lr: 0.01000
Saved! Epoch 122 Loss:  0.09654;lr: 0.01000
Saved! Epoch 141 Loss:  0.09551;lr: 0.01000
Saved! Epoch 187 Loss:  0.09417;lr: 0.01000
Saved! Epoch 243 Loss:  0.09312;lr: 0.01000
Saved! Epoch 380 Loss:  0.09206;lr: 0.01000
Saved! Epoch 552 Loss:  0.09114;lr: 0.01000
Saved! Epoch 685 Loss:  0.09022;lr: 0.01000
Saved! Epoch 970 Loss:  0.08926;lr: 0.01000
Saved! Epoch 2000 Loss:  0.08841;lr: 0.00250
Saved! Epoch 2486 Loss:  0.08836;lr: 0.00125
Saved! Epoch 4000 Loss:  0.08828;lr: 0.00016
Restart!Epoch 2486 Loss:  0.08829;lr: 0.01000
Saved! Epoch 3299 Loss:  0.08745;lr: 0.00500
Saved! Epoch 3335 Loss:  0.08653;lr: 0.00500
Saved! Epoch 3353 Loss:  0.08552;lr: 0.00500
Saved! Epoch 3361 Loss:  0.08446;lr: 0.00500
Saved! Epoch 3369 Loss:  0.08322;lr: 0.00500
Saved! Epoch 3373 Loss:  0.08223;lr: 0.00500
Saved! Epoch 3378 Loss:  0.08070;lr: 0.00500
Saved! Epoch 3382 Loss:  0.07838;lr: 0.00500
Saved! Epoch 3387 Loss:  0.07708;lr: 0.00500
Saved! Epoch 3398 Loss:  0.07605;lr: 0.00500
Saved! Epoch 3404 Loss:  0.07526;lr: 0.00500
Saved! Epoch 3428 Loss:  0.07450;lr: 0.00500
Saved! Epoch 3461 Loss:  0.07359;lr: 0.00500
Saved! Epoch 3522 Loss:  0.07285;lr: 0.00500
Saved! Epoch 3562 Loss:  0.07208;lr: 0.00500
Saved! Epoch 3615 Loss:  0.07121;lr: 0.00500
Saved! Epoch 3658 Loss:  0.07041;lr: 0.00500
Saved! Epoch 3699 Loss:  0.06963;lr: 0.00500
Saved! Epoch 3755 Loss:  0.06879;lr: 0.00500
Saved! Epoch 3820 Loss:  0.06807;lr: 0.00500
Saved! Epoch 3926 Loss:  0.06730;lr: 0.00500
Saved! Epoch 4000 Loss:  0.06758;lr: 0.00500
Saved! Epoch 4157 Loss:  0.06645;lr: 0.00500
Saved! Epoch 4391 Loss:  0.06576;lr: 0.00500
Saved! Epoch 4585 Loss:  0.06508;lr: 0.00500
Saved! Epoch 4618 Loss:  0.06434;lr: 0.00500
Saved! Epoch 4739 Loss:  0.06367;lr: 0.00500
Saved! Epoch 4797 Loss:  0.06295;lr: 0.00500
Saved! Epoch 4879 Loss:  0.06231;lr: 0.00500
Saved! Epoch 4900 Loss:  0.06168;lr: 0.00500
Saved! Epoch 4966 Loss:  0.06096;lr: 0.00500
Saved! Epoch 5032 Loss:  0.06027;lr: 0.00500
Saved! Epoch 5114 Loss:  0.05962;lr: 0.00500
Saved! Epoch 5155 Loss:  0.05899;lr: 0.00500
Saved! Epoch 5159 Loss:  0.05838;lr: 0.00500
Saved! Epoch 5207 Loss:  0.05776;lr: 0.00500
Saved! Epoch 5237 Loss:  0.05718;lr: 0.00500
Saved! Epoch 5280 Loss:  0.05655;lr: 0.00500
Saved! Epoch 5309 Loss:  0.05579;lr: 0.00500
Saved! Epoch 5370 Loss:  0.05507;lr: 0.00500
Saved! Epoch 5409 Loss:  0.05447;lr: 0.00500
Saved! Epoch 5421 Loss:  0.05390;lr: 0.00500
Saved! Epoch 5480 Loss:  0.05332;lr: 0.00500
Saved! Epoch 5504 Loss:  0.05278;lr: 0.00500
Saved! Epoch 5667 Loss:  0.05217;lr: 0.00500
Saved! Epoch 5727 Loss:  0.05159;lr: 0.00500
Saved! Epoch 5996 Loss:  0.05102;lr: 0.00500
Saved! Epoch 6000 Loss:  0.05184;lr: 0.00500
Saved! Epoch 6154 Loss:  0.05037;lr: 0.00500
Saved! Epoch 6437 Loss:  0.04982;lr: 0.00500
Saved! Epoch 6521 Loss:  0.04917;lr: 0.00500
Saved! Epoch 6662 Loss:  0.04854;lr: 0.00500
Saved! Epoch 6786 Loss:  0.04794;lr: 0.00500
Saved! Epoch 6869 Loss:  0.04731;lr: 0.00500
Saved! Epoch 6943 Loss:  0.04672;lr: 0.00500
Saved! Epoch 7029 Loss:  0.04624;lr: 0.00500
Saved! Epoch 7092 Loss:  0.04557;lr: 0.00500
Saved! Epoch 7108 Loss:  0.04480;lr: 0.00500
Saved! Epoch 7160 Loss:  0.04435;lr: 0.00500
Saved! Epoch 7203 Loss:  0.04379;lr: 0.00500
Saved! Epoch 7239 Loss:  0.04321;lr: 0.00500
Saved! Epoch 7295 Loss:  0.04260;lr: 0.00500
Saved! Epoch 7330 Loss:  0.04209;lr: 0.00500
Saved! Epoch 7376 Loss:  0.04162;lr: 0.00500
Saved! Epoch 7401 Loss:  0.04077;lr: 0.00500
Saved! Epoch 7515 Loss:  0.04021;lr: 0.00500
Saved! Epoch 7523 Loss:  0.03965;lr: 0.00500
Saved! Epoch 7537 Loss:  0.03922;lr: 0.00500
Saved! Epoch 7605 Loss:  0.03881;lr: 0.00500
Saved! Epoch 7643 Loss:  0.03840;lr: 0.00500
Saved! Epoch 7707 Loss:  0.03789;lr: 0.00500
Saved! Epoch 7734 Loss:  0.03716;lr: 0.00500
Saved! Epoch 7786 Loss:  0.03663;lr: 0.00500
Saved! Epoch 7860 Loss:  0.03605;lr: 0.00500
Saved! Epoch 7940 Loss:  0.03546;lr: 0.00500
Saved! Epoch 8000 Loss:  0.03674;lr: 0.00500
Saved! Epoch 8032 Loss:  0.03506;lr: 0.00500
Saved! Epoch 8100 Loss:  0.03460;lr: 0.00500
Saved! Epoch 8163 Loss:  0.03404;lr: 0.00500
Saved! Epoch 8342 Loss:  0.03354;lr: 0.00500
Saved! Epoch 8460 Loss:  0.03312;lr: 0.00500
Saved! Epoch 8574 Loss:  0.03276;lr: 0.00500
Saved! Epoch 8713 Loss:  0.03239;lr: 0.00500
Saved! Epoch 8932 Loss:  0.03202;lr: 0.00500
Saved! Epoch 9022 Loss:  0.03168;lr: 0.00500
Saved! Epoch 9247 Loss:  0.03134;lr: 0.00500
Saved! Epoch 9468 Loss:  0.03094;lr: 0.00500
Saved! Epoch 9720 Loss:  0.03060;lr: 0.00500
Saved! Epoch 10000 Loss:  0.03126;lr: 0.00500

训练完成! 分钟: 2025-08-18 14:30:00, 划分方式: forecast

==========================================
训练结束时间: 2025-10-18 17:34:45
==========================================
