==========================================
训练开始时间: 2025-10-18 16:59:32
分钟: 2025-08-15 10:00:00 | 划分: forecast | 设备: cuda
标记列: train_flag_inter
==========================================
使用设备: CUDA (NVIDIA GeForce RTX 4090)
加载数据: ../data/hushen300_minute/hushen300_minute.csv
筛选分钟: 2025-08-15 10:00:00
筛选后数据行数: 83
按照 train_flag_inter=1 筛选后数据行数: 83
使用 torch.compile 优化模型 (设备: cuda)
/home/douxueli/miniconda3/envs/iv/lib/python3.11/site-packages/torch/optim/lr_scheduler.py:28: UserWarning: The verbose parameter is deprecated. Please use get_last_lr() to access the learning rate.
  warnings.warn("The verbose parameter is deprecated. Please use get_last_lr() "
开始训练，总轮数: 10000, Restart次数: 4
Saved! Epoch 1 Loss:  0.39659;lr: 0.01000
Saved! Epoch 2 Loss:  0.13556;lr: 0.01000
Saved! Epoch 5 Loss:  0.12342;lr: 0.01000
Saved! Epoch 9 Loss:  0.11949;lr: 0.01000
Saved! Epoch 14 Loss:  0.11586;lr: 0.01000
Saved! Epoch 17 Loss:  0.10880;lr: 0.01000
Saved! Epoch 21 Loss:  0.10754;lr: 0.01000
Saved! Epoch 22 Loss:  0.10088;lr: 0.01000
Saved! Epoch 25 Loss:  0.09633;lr: 0.01000
Saved! Epoch 28 Loss:  0.09403;lr: 0.01000
Saved! Epoch 44 Loss:  0.09256;lr: 0.01000
Saved! Epoch 48 Loss:  0.09151;lr: 0.01000
Saved! Epoch 52 Loss:  0.09049;lr: 0.01000
Saved! Epoch 58 Loss:  0.08944;lr: 0.01000
Saved! Epoch 61 Loss:  0.08853;lr: 0.01000
Saved! Epoch 72 Loss:  0.08764;lr: 0.01000
Saved! Epoch 78 Loss:  0.08671;lr: 0.01000
Saved! Epoch 82 Loss:  0.08579;lr: 0.01000
Saved! Epoch 85 Loss:  0.08468;lr: 0.01000
Saved! Epoch 87 Loss:  0.08367;lr: 0.01000
Saved! Epoch 89 Loss:  0.08257;lr: 0.01000
Saved! Epoch 101 Loss:  0.08148;lr: 0.01000
Saved! Epoch 133 Loss:  0.08060;lr: 0.01000
Saved! Epoch 179 Loss:  0.07973;lr: 0.01000
Saved! Epoch 256 Loss:  0.07884;lr: 0.01000
Saved! Epoch 346 Loss:  0.07797;lr: 0.01000
Saved! Epoch 428 Loss:  0.07714;lr: 0.01000
Saved! Epoch 633 Loss:  0.07634;lr: 0.01000
Saved! Epoch 871 Loss:  0.07550;lr: 0.01000
Saved! Epoch 969 Loss:  0.07469;lr: 0.01000
Saved! Epoch 983 Loss:  0.07382;lr: 0.01000
Saved! Epoch 999 Loss:  0.07296;lr: 0.01000
Saved! Epoch 1012 Loss:  0.07186;lr: 0.01000
Saved! Epoch 1027 Loss:  0.07063;lr: 0.01000
Saved! Epoch 1034 Loss:  0.06921;lr: 0.01000
Saved! Epoch 1040 Loss:  0.06838;lr: 0.01000
Saved! Epoch 1042 Loss:  0.06751;lr: 0.01000
Saved! Epoch 1049 Loss:  0.06611;lr: 0.01000
Saved! Epoch 1061 Loss:  0.06454;lr: 0.01000
Saved! Epoch 1064 Loss:  0.06333;lr: 0.01000
Saved! Epoch 1070 Loss:  0.06246;lr: 0.01000
Saved! Epoch 1078 Loss:  0.06072;lr: 0.01000
Saved! Epoch 1081 Loss:  0.05966;lr: 0.01000
Saved! Epoch 1092 Loss:  0.05782;lr: 0.01000
Saved! Epoch 1096 Loss:  0.05588;lr: 0.01000
Saved! Epoch 1104 Loss:  0.05513;lr: 0.01000
Saved! Epoch 1108 Loss:  0.05331;lr: 0.01000
Saved! Epoch 1111 Loss:  0.05231;lr: 0.01000
Saved! Epoch 1114 Loss:  0.05107;lr: 0.01000
Saved! Epoch 1122 Loss:  0.04983;lr: 0.01000
Saved! Epoch 1135 Loss:  0.04833;lr: 0.01000
Saved! Epoch 1141 Loss:  0.04719;lr: 0.01000
Saved! Epoch 1144 Loss:  0.04653;lr: 0.01000
Saved! Epoch 1154 Loss:  0.04571;lr: 0.01000
Saved! Epoch 1179 Loss:  0.04503;lr: 0.01000
Saved! Epoch 1186 Loss:  0.04455;lr: 0.01000
Saved! Epoch 1195 Loss:  0.04407;lr: 0.01000
Saved! Epoch 1226 Loss:  0.04354;lr: 0.01000
Saved! Epoch 1265 Loss:  0.04294;lr: 0.01000
Saved! Epoch 1290 Loss:  0.04226;lr: 0.01000
Saved! Epoch 1314 Loss:  0.04177;lr: 0.01000
Saved! Epoch 1361 Loss:  0.04131;lr: 0.01000
Saved! Epoch 1389 Loss:  0.04089;lr: 0.01000
Saved! Epoch 1429 Loss:  0.04048;lr: 0.01000
Saved! Epoch 1453 Loss:  0.03990;lr: 0.01000
Saved! Epoch 1498 Loss:  0.03947;lr: 0.01000
Saved! Epoch 1541 Loss:  0.03900;lr: 0.01000
Saved! Epoch 1552 Loss:  0.03855;lr: 0.01000
Saved! Epoch 1594 Loss:  0.03801;lr: 0.01000
Saved! Epoch 1621 Loss:  0.03752;lr: 0.01000
Saved! Epoch 1653 Loss:  0.03683;lr: 0.01000
Saved! Epoch 1677 Loss:  0.03608;lr: 0.01000
Saved! Epoch 1694 Loss:  0.03564;lr: 0.01000
Saved! Epoch 1712 Loss:  0.03501;lr: 0.01000
Saved! Epoch 1722 Loss:  0.03450;lr: 0.01000
Saved! Epoch 1780 Loss:  0.03395;lr: 0.01000
Saved! Epoch 1791 Loss:  0.03361;lr: 0.01000
Saved! Epoch 1828 Loss:  0.03323;lr: 0.01000
Saved! Epoch 1856 Loss:  0.03289;lr: 0.01000
Saved! Epoch 1916 Loss:  0.03251;lr: 0.01000
Saved! Epoch 1923 Loss:  0.03207;lr: 0.01000
Saved! Epoch 1981 Loss:  0.03171;lr: 0.01000
Saved! Epoch 2000 Loss:  0.03143;lr: 0.01000
Saved! Epoch 2010 Loss:  0.03136;lr: 0.01000
Saved! Epoch 2059 Loss:  0.03105;lr: 0.01000
Saved! Epoch 2106 Loss:  0.03065;lr: 0.01000
Saved! Epoch 2168 Loss:  0.03029;lr: 0.01000
Saved! Epoch 2190 Loss:  0.02991;lr: 0.01000
Saved! Epoch 2218 Loss:  0.02960;lr: 0.01000
Saved! Epoch 2270 Loss:  0.02931;lr: 0.01000
Saved! Epoch 2335 Loss:  0.02895;lr: 0.01000
Saved! Epoch 2478 Loss:  0.02835;lr: 0.01000
Saved! Epoch 2672 Loss:  0.02805;lr: 0.01000
Saved! Epoch 2749 Loss:  0.02776;lr: 0.01000
Saved! Epoch 2991 Loss:  0.02745;lr: 0.01000
Saved! Epoch 3131 Loss:  0.02711;lr: 0.01000
Saved! Epoch 3329 Loss:  0.02683;lr: 0.01000
Saved! Epoch 3834 Loss:  0.02653;lr: 0.00500
Saved! Epoch 3861 Loss:  0.02620;lr: 0.00500
Saved! Epoch 4000 Loss:  0.02648;lr: 0.00500
Saved! Epoch 4408 Loss:  0.02590;lr: 0.00250
Saved! Epoch 5140 Loss:  0.02564;lr: 0.00125
Saved! Epoch 6000 Loss:  0.02549;lr: 0.00063
Restart!Epoch 5140 Loss:  0.02540;lr: 0.01000
Saved! Epoch 5761 Loss:  0.02537;lr: 0.00500
Saved! Epoch 6000 Loss:  0.02545;lr: 0.00500
Saved! Epoch 6205 Loss:  0.02506;lr: 0.00500
Saved! Epoch 6441 Loss:  0.02477;lr: 0.00500
Saved! Epoch 6654 Loss:  0.02451;lr: 0.00500
Saved! Epoch 6822 Loss:  0.02418;lr: 0.00500
Saved! Epoch 6971 Loss:  0.02393;lr: 0.00500
Saved! Epoch 7234 Loss:  0.02367;lr: 0.00500
Saved! Epoch 7270 Loss:  0.02337;lr: 0.00500
Saved! Epoch 7402 Loss:  0.02305;lr: 0.00500
Saved! Epoch 7567 Loss:  0.02281;lr: 0.00500
Saved! Epoch 7817 Loss:  0.02251;lr: 0.00500
Saved! Epoch 8000 Loss:  0.02274;lr: 0.00500
Saved! Epoch 8153 Loss:  0.02226;lr: 0.00500
Saved! Epoch 8260 Loss:  0.02197;lr: 0.00500
Saved! Epoch 8577 Loss:  0.02175;lr: 0.00500
Saved! Epoch 8919 Loss:  0.02146;lr: 0.00500
Saved! Epoch 9143 Loss:  0.02116;lr: 0.00500
Saved! Epoch 9499 Loss:  0.02085;lr: 0.00500
Saved! Epoch 9518 Loss:  0.02062;lr: 0.00500
Saved! Epoch 9741 Loss:  0.02041;lr: 0.00500
Saved! Epoch 9832 Loss:  0.02015;lr: 0.00500
Saved! Epoch 9970 Loss:  0.01987;lr: 0.00500
Saved! Epoch 10000 Loss:  0.02041;lr: 0.00500

训练完成! 分钟: 2025-08-15 10:00:00, 划分方式: forecast

==========================================
训练结束时间: 2025-10-18 17:01:37
==========================================
