==========================================
训练开始时间: 2025-10-18 15:40:10
分钟: 2025-08-06 11:20:00 | 划分: forecast | 设备: cuda
标记列: train_flag_inter
==========================================
使用设备: CUDA (NVIDIA GeForce RTX 4090)
加载数据: ../data/hushen300_minute/hushen300_minute.csv
筛选分钟: 2025-08-06 11:20:00
筛选后数据行数: 77
按照 train_flag_inter=1 筛选后数据行数: 77
使用 torch.compile 优化模型 (设备: cuda)
/home/douxueli/miniconda3/envs/iv/lib/python3.11/site-packages/torch/optim/lr_scheduler.py:28: UserWarning: The verbose parameter is deprecated. Please use get_last_lr() to access the learning rate.
  warnings.warn("The verbose parameter is deprecated. Please use get_last_lr() "
开始训练，总轮数: 10000, Restart次数: 4
Saved! Epoch 1 Loss:  0.30417;lr: 0.01000
Saved! Epoch 2 Loss:  0.18608;lr: 0.01000
Saved! Epoch 3 Loss:  0.17849;lr: 0.01000
Saved! Epoch 4 Loss:  0.15403;lr: 0.01000
Saved! Epoch 6 Loss:  0.14664;lr: 0.01000
Saved! Epoch 9 Loss:  0.13040;lr: 0.01000
Saved! Epoch 11 Loss:  0.12725;lr: 0.01000
Saved! Epoch 13 Loss:  0.12526;lr: 0.01000
Saved! Epoch 14 Loss:  0.11942;lr: 0.01000
Saved! Epoch 15 Loss:  0.11755;lr: 0.01000
Saved! Epoch 19 Loss:  0.11406;lr: 0.01000
Saved! Epoch 23 Loss:  0.11248;lr: 0.01000
Saved! Epoch 34 Loss:  0.11133;lr: 0.01000
Saved! Epoch 66 Loss:  0.11012;lr: 0.01000
Saved! Epoch 100 Loss:  0.10899;lr: 0.01000
Saved! Epoch 126 Loss:  0.10788;lr: 0.01000
Saved! Epoch 152 Loss:  0.10679;lr: 0.01000
Saved! Epoch 175 Loss:  0.10562;lr: 0.01000
Saved! Epoch 188 Loss:  0.10452;lr: 0.01000
Saved! Epoch 198 Loss:  0.10336;lr: 0.01000
Saved! Epoch 204 Loss:  0.10213;lr: 0.01000
Saved! Epoch 208 Loss:  0.10102;lr: 0.01000
Saved! Epoch 211 Loss:  0.09991;lr: 0.01000
Saved! Epoch 214 Loss:  0.09859;lr: 0.01000
Saved! Epoch 216 Loss:  0.09751;lr: 0.01000
Saved! Epoch 218 Loss:  0.09643;lr: 0.01000
Saved! Epoch 220 Loss:  0.09484;lr: 0.01000
Saved! Epoch 222 Loss:  0.09324;lr: 0.01000
Saved! Epoch 224 Loss:  0.09139;lr: 0.01000
Saved! Epoch 225 Loss:  0.09040;lr: 0.01000
Saved! Epoch 226 Loss:  0.08927;lr: 0.01000
Saved! Epoch 228 Loss:  0.08801;lr: 0.01000
Saved! Epoch 231 Loss:  0.08574;lr: 0.01000
Saved! Epoch 234 Loss:  0.08368;lr: 0.01000
Saved! Epoch 238 Loss:  0.08226;lr: 0.01000
Saved! Epoch 260 Loss:  0.08060;lr: 0.01000
Saved! Epoch 275 Loss:  0.07972;lr: 0.01000
Saved! Epoch 280 Loss:  0.07847;lr: 0.01000
Saved! Epoch 291 Loss:  0.07768;lr: 0.01000
Saved! Epoch 301 Loss:  0.07664;lr: 0.01000
Saved! Epoch 307 Loss:  0.07571;lr: 0.01000
Saved! Epoch 317 Loss:  0.07474;lr: 0.01000
Saved! Epoch 324 Loss:  0.07397;lr: 0.01000
Saved! Epoch 332 Loss:  0.07321;lr: 0.01000
Saved! Epoch 340 Loss:  0.07243;lr: 0.01000
Saved! Epoch 348 Loss:  0.07170;lr: 0.01000
Saved! Epoch 357 Loss:  0.07094;lr: 0.01000
Saved! Epoch 367 Loss:  0.07021;lr: 0.01000
Saved! Epoch 379 Loss:  0.06926;lr: 0.01000
Saved! Epoch 390 Loss:  0.06841;lr: 0.01000
Saved! Epoch 402 Loss:  0.06761;lr: 0.01000
Saved! Epoch 412 Loss:  0.06683;lr: 0.01000
Saved! Epoch 426 Loss:  0.06606;lr: 0.01000
Saved! Epoch 437 Loss:  0.06525;lr: 0.01000
Saved! Epoch 451 Loss:  0.06455;lr: 0.01000
Saved! Epoch 461 Loss:  0.06388;lr: 0.01000
Saved! Epoch 478 Loss:  0.06306;lr: 0.01000
Saved! Epoch 495 Loss:  0.06212;lr: 0.01000
Saved! Epoch 519 Loss:  0.06130;lr: 0.01000
Saved! Epoch 527 Loss:  0.06062;lr: 0.01000
Saved! Epoch 548 Loss:  0.05970;lr: 0.01000
Saved! Epoch 564 Loss:  0.05907;lr: 0.01000
Saved! Epoch 594 Loss:  0.05836;lr: 0.01000
Saved! Epoch 604 Loss:  0.05767;lr: 0.01000
Saved! Epoch 624 Loss:  0.05703;lr: 0.01000
Saved! Epoch 646 Loss:  0.05632;lr: 0.01000
Saved! Epoch 671 Loss:  0.05566;lr: 0.01000
Saved! Epoch 714 Loss:  0.05490;lr: 0.01000
Saved! Epoch 741 Loss:  0.05429;lr: 0.01000
Saved! Epoch 768 Loss:  0.05369;lr: 0.01000
Saved! Epoch 798 Loss:  0.05310;lr: 0.01000
Saved! Epoch 821 Loss:  0.05252;lr: 0.01000
Saved! Epoch 874 Loss:  0.05186;lr: 0.01000
Saved! Epoch 901 Loss:  0.05128;lr: 0.01000
Saved! Epoch 935 Loss:  0.05073;lr: 0.01000
Saved! Epoch 966 Loss:  0.05018;lr: 0.01000
Saved! Epoch 1000 Loss:  0.04958;lr: 0.01000
Saved! Epoch 1060 Loss:  0.04895;lr: 0.01000
Saved! Epoch 1086 Loss:  0.04833;lr: 0.01000
Saved! Epoch 1113 Loss:  0.04753;lr: 0.01000
Saved! Epoch 1154 Loss:  0.04697;lr: 0.01000
Saved! Epoch 1197 Loss:  0.04647;lr: 0.01000
Saved! Epoch 1221 Loss:  0.04593;lr: 0.01000
Saved! Epoch 1233 Loss:  0.04534;lr: 0.01000
Saved! Epoch 1262 Loss:  0.04477;lr: 0.01000
Saved! Epoch 1296 Loss:  0.04408;lr: 0.01000
Saved! Epoch 1350 Loss:  0.04342;lr: 0.01000
Saved! Epoch 1369 Loss:  0.04286;lr: 0.01000
Saved! Epoch 1395 Loss:  0.04231;lr: 0.01000
Saved! Epoch 1430 Loss:  0.04179;lr: 0.01000
Saved! Epoch 1481 Loss:  0.04129;lr: 0.01000
Saved! Epoch 1510 Loss:  0.04074;lr: 0.01000
Saved! Epoch 1572 Loss:  0.04025;lr: 0.01000
Saved! Epoch 1596 Loss:  0.03973;lr: 0.01000
Saved! Epoch 1644 Loss:  0.03926;lr: 0.01000
Saved! Epoch 1679 Loss:  0.03886;lr: 0.01000
Saved! Epoch 1725 Loss:  0.03826;lr: 0.01000
Saved! Epoch 1763 Loss:  0.03786;lr: 0.01000
Saved! Epoch 1799 Loss:  0.03739;lr: 0.01000
Saved! Epoch 1856 Loss:  0.03691;lr: 0.01000
Saved! Epoch 1917 Loss:  0.03649;lr: 0.01000
Saved! Epoch 1944 Loss:  0.03607;lr: 0.01000
Saved! Epoch 1983 Loss:  0.03570;lr: 0.01000
Saved! Epoch 2000 Loss:  0.03570;lr: 0.01000
Saved! Epoch 2048 Loss:  0.03524;lr: 0.01000
Saved! Epoch 2070 Loss:  0.03485;lr: 0.01000
Saved! Epoch 2122 Loss:  0.03446;lr: 0.01000
Saved! Epoch 2175 Loss:  0.03403;lr: 0.01000
Saved! Epoch 2262 Loss:  0.03360;lr: 0.01000
Saved! Epoch 2288 Loss:  0.03317;lr: 0.01000
Saved! Epoch 2342 Loss:  0.03276;lr: 0.01000
Saved! Epoch 2408 Loss:  0.03242;lr: 0.01000
Saved! Epoch 2490 Loss:  0.03204;lr: 0.01000
Saved! Epoch 2560 Loss:  0.03170;lr: 0.01000
Saved! Epoch 2641 Loss:  0.03114;lr: 0.01000
Saved! Epoch 2694 Loss:  0.03072;lr: 0.01000
Saved! Epoch 2807 Loss:  0.03036;lr: 0.01000
Saved! Epoch 2892 Loss:  0.03002;lr: 0.01000
Saved! Epoch 2904 Loss:  0.02965;lr: 0.01000
Saved! Epoch 3056 Loss:  0.02933;lr: 0.01000
Saved! Epoch 3175 Loss:  0.02894;lr: 0.01000
Saved! Epoch 3302 Loss:  0.02862;lr: 0.01000
Saved! Epoch 3382 Loss:  0.02832;lr: 0.01000
Saved! Epoch 3453 Loss:  0.02796;lr: 0.01000
Saved! Epoch 3479 Loss:  0.02764;lr: 0.01000
Saved! Epoch 3575 Loss:  0.02727;lr: 0.01000
Saved! Epoch 3625 Loss:  0.02698;lr: 0.01000
Saved! Epoch 3702 Loss:  0.02652;lr: 0.01000
Saved! Epoch 3734 Loss:  0.02614;lr: 0.01000
Saved! Epoch 3763 Loss:  0.02566;lr: 0.01000
Saved! Epoch 3814 Loss:  0.02532;lr: 0.01000
Saved! Epoch 3870 Loss:  0.02490;lr: 0.01000
Saved! Epoch 3873 Loss:  0.02459;lr: 0.01000
Saved! Epoch 3955 Loss:  0.02408;lr: 0.01000
Saved! Epoch 3969 Loss:  0.02381;lr: 0.01000
Saved! Epoch 4000 Loss:  0.02568;lr: 0.01000
Saved! Epoch 4048 Loss:  0.02347;lr: 0.01000
Saved! Epoch 4109 Loss:  0.02322;lr: 0.01000
Saved! Epoch 4116 Loss:  0.02296;lr: 0.01000
Saved! Epoch 4181 Loss:  0.02272;lr: 0.01000
Saved! Epoch 4243 Loss:  0.02246;lr: 0.01000
Saved! Epoch 4254 Loss:  0.02219;lr: 0.01000
Saved! Epoch 4393 Loss:  0.02189;lr: 0.01000
Saved! Epoch 4402 Loss:  0.02164;lr: 0.01000
Saved! Epoch 4427 Loss:  0.02136;lr: 0.01000
Saved! Epoch 4463 Loss:  0.02097;lr: 0.01000
Saved! Epoch 4494 Loss:  0.02069;lr: 0.01000
Saved! Epoch 4590 Loss:  0.02040;lr: 0.01000
Saved! Epoch 4637 Loss:  0.01991;lr: 0.01000
Saved! Epoch 4747 Loss:  0.01958;lr: 0.01000
Saved! Epoch 4750 Loss:  0.01938;lr: 0.01000
Saved! Epoch 4802 Loss:  0.01904;lr: 0.01000
Saved! Epoch 4902 Loss:  0.01884;lr: 0.01000
Saved! Epoch 4962 Loss:  0.01845;lr: 0.01000
Saved! Epoch 5006 Loss:  0.01821;lr: 0.01000
Saved! Epoch 5068 Loss:  0.01797;lr: 0.01000
Saved! Epoch 5183 Loss:  0.01777;lr: 0.01000
Saved! Epoch 5236 Loss:  0.01755;lr: 0.01000
Saved! Epoch 5354 Loss:  0.01722;lr: 0.01000
Saved! Epoch 5522 Loss:  0.01692;lr: 0.01000
Saved! Epoch 5708 Loss:  0.01672;lr: 0.01000
Saved! Epoch 5907 Loss:  0.01651;lr: 0.01000
Saved! Epoch 6000 Loss:  0.01750;lr: 0.01000
Saved! Epoch 6131 Loss:  0.01624;lr: 0.01000
Saved! Epoch 6232 Loss:  0.01607;lr: 0.01000
Saved! Epoch 6542 Loss:  0.01590;lr: 0.01000
Saved! Epoch 6707 Loss:  0.01566;lr: 0.01000
Saved! Epoch 6781 Loss:  0.01542;lr: 0.01000
Saved! Epoch 6994 Loss:  0.01517;lr: 0.01000
Saved! Epoch 7142 Loss:  0.01502;lr: 0.01000
Saved! Epoch 7471 Loss:  0.01481;lr: 0.01000
Saved! Epoch 7811 Loss:  0.01466;lr: 0.01000
Saved! Epoch 8000 Loss:  0.01670;lr: 0.01000
Saved! Epoch 8065 Loss:  0.01450;lr: 0.01000
Saved! Epoch 8270 Loss:  0.01435;lr: 0.01000
Saved! Epoch 8273 Loss:  0.01417;lr: 0.01000
Saved! Epoch 8598 Loss:  0.01393;lr: 0.01000
Saved! Epoch 8744 Loss:  0.01371;lr: 0.01000
Saved! Epoch 9150 Loss:  0.01340;lr: 0.01000
Saved! Epoch 9670 Loss:  0.01325;lr: 0.00500
Saved! Epoch 9679 Loss:  0.01311;lr: 0.00500
Saved! Epoch 9904 Loss:  0.01295;lr: 0.00500
Saved! Epoch 10000 Loss:  0.01321;lr: 0.00500

训练完成! 分钟: 2025-08-06 11:20:00, 划分方式: forecast

==========================================
训练结束时间: 2025-10-18 15:42:45
==========================================
