==========================================
训练开始时间: 2025-10-18 17:25:11
分钟: 2025-08-18 11:20:00 | 划分: forecast | 设备: cuda
标记列: train_flag_inter
==========================================
使用设备: CUDA (NVIDIA GeForce RTX 4090)
加载数据: ../data/hushen300_minute/hushen300_minute.csv
筛选分钟: 2025-08-18 11:20:00
筛选后数据行数: 120
按照 train_flag_inter=1 筛选后数据行数: 120
使用 torch.compile 优化模型 (设备: cuda)
/home/douxueli/miniconda3/envs/iv/lib/python3.11/site-packages/torch/optim/lr_scheduler.py:28: UserWarning: The verbose parameter is deprecated. Please use get_last_lr() to access the learning rate.
  warnings.warn("The verbose parameter is deprecated. Please use get_last_lr() "
开始训练，总轮数: 10000, Restart次数: 4
Saved! Epoch 1 Loss:  0.39566;lr: 0.01000
Saved! Epoch 2 Loss:  0.18623;lr: 0.01000
Saved! Epoch 5 Loss:  0.18431;lr: 0.01000
Saved! Epoch 8 Loss:  0.16259;lr: 0.01000
Saved! Epoch 12 Loss:  0.15424;lr: 0.01000
Saved! Epoch 16 Loss:  0.14480;lr: 0.01000
Saved! Epoch 20 Loss:  0.13133;lr: 0.01000
Saved! Epoch 24 Loss:  0.12547;lr: 0.01000
Saved! Epoch 27 Loss:  0.11731;lr: 0.01000
Saved! Epoch 30 Loss:  0.11285;lr: 0.01000
Saved! Epoch 33 Loss:  0.11010;lr: 0.01000
Saved! Epoch 40 Loss:  0.10614;lr: 0.01000
Saved! Epoch 43 Loss:  0.10314;lr: 0.01000
Saved! Epoch 48 Loss:  0.10205;lr: 0.01000
Saved! Epoch 58 Loss:  0.10064;lr: 0.01000
Saved! Epoch 71 Loss:  0.09911;lr: 0.01000
Saved! Epoch 83 Loss:  0.09714;lr: 0.01000
Saved! Epoch 88 Loss:  0.09598;lr: 0.01000
Saved! Epoch 91 Loss:  0.09490;lr: 0.01000
Saved! Epoch 93 Loss:  0.09370;lr: 0.01000
Saved! Epoch 96 Loss:  0.09262;lr: 0.01000
Saved! Epoch 98 Loss:  0.09099;lr: 0.01000
Saved! Epoch 121 Loss:  0.09003;lr: 0.01000
Saved! Epoch 148 Loss:  0.08910;lr: 0.01000
Saved! Epoch 263 Loss:  0.08818;lr: 0.01000
Saved! Epoch 379 Loss:  0.08722;lr: 0.01000
Saved! Epoch 521 Loss:  0.08626;lr: 0.01000
Saved! Epoch 616 Loss:  0.08535;lr: 0.01000
Saved! Epoch 660 Loss:  0.08444;lr: 0.01000
Saved! Epoch 790 Loss:  0.08349;lr: 0.01000
Saved! Epoch 938 Loss:  0.08261;lr: 0.01000
Saved! Epoch 1142 Loss:  0.08161;lr: 0.01000
Saved! Epoch 1661 Loss:  0.08078;lr: 0.00500
Saved! Epoch 2000 Loss:  0.08067;lr: 0.00500
Restart!Epoch 1661 Loss:  0.08016;lr: 0.01000
Saved! Epoch 2000 Loss:  0.08470;lr: 0.01000
Saved! Epoch 2657 Loss:  0.07995;lr: 0.00500
Saved! Epoch 3529 Loss:  0.07914;lr: 0.00250
Saved! Epoch 4000 Loss:  0.07862;lr: 0.00250
Saved! Epoch 4043 Loss:  0.07833;lr: 0.00125
Saved! Epoch 4476 Loss:  0.07753;lr: 0.00125
Saved! Epoch 4759 Loss:  0.07676;lr: 0.00125
Saved! Epoch 4920 Loss:  0.07594;lr: 0.00125
Saved! Epoch 5033 Loss:  0.07512;lr: 0.00125
Saved! Epoch 5085 Loss:  0.07426;lr: 0.00125
Saved! Epoch 5142 Loss:  0.07352;lr: 0.00125
Saved! Epoch 5180 Loss:  0.07276;lr: 0.00125
Saved! Epoch 5222 Loss:  0.07196;lr: 0.00125
Saved! Epoch 5263 Loss:  0.07122;lr: 0.00125
Saved! Epoch 5292 Loss:  0.07047;lr: 0.00125
Saved! Epoch 5330 Loss:  0.06959;lr: 0.00125
Saved! Epoch 5364 Loss:  0.06886;lr: 0.00125
Saved! Epoch 5397 Loss:  0.06817;lr: 0.00125
Saved! Epoch 5437 Loss:  0.06745;lr: 0.00125
Saved! Epoch 5477 Loss:  0.06663;lr: 0.00125
Saved! Epoch 5555 Loss:  0.06587;lr: 0.00125
Saved! Epoch 5688 Loss:  0.06512;lr: 0.00125
Saved! Epoch 5880 Loss:  0.06445;lr: 0.00125
Saved! Epoch 6000 Loss:  0.06419;lr: 0.00125
Saved! Epoch 6075 Loss:  0.06381;lr: 0.00125
Saved! Epoch 6347 Loss:  0.06316;lr: 0.00125
Saved! Epoch 6593 Loss:  0.06247;lr: 0.00125
Saved! Epoch 6952 Loss:  0.06176;lr: 0.00125
Saved! Epoch 7263 Loss:  0.06112;lr: 0.00125
Saved! Epoch 7482 Loss:  0.06048;lr: 0.00125
Saved! Epoch 7799 Loss:  0.05983;lr: 0.00125
Saved! Epoch 8000 Loss:  0.05971;lr: 0.00125
Saved! Epoch 8151 Loss:  0.05922;lr: 0.00125
Saved! Epoch 8652 Loss:  0.05861;lr: 0.00125
Saved! Epoch 9397 Loss:  0.05801;lr: 0.00063
Saved! Epoch 10000 Loss:  0.05772;lr: 0.00031

训练完成! 分钟: 2025-08-18 11:20:00, 划分方式: forecast

==========================================
训练结束时间: 2025-10-18 17:27:18
==========================================
