==========================================
训练开始时间: 2025-10-18 15:14:23
分钟: 2025-08-04 10:30:00 | 划分: forecast | 设备: cuda
标记列: train_flag_inter
==========================================
使用设备: CUDA (NVIDIA GeForce RTX 4090)
加载数据: ../data/hushen300_minute/hushen300_minute.csv
筛选分钟: 2025-08-04 10:30:00
筛选后数据行数: 120
按照 train_flag_inter=1 筛选后数据行数: 120
使用 torch.compile 优化模型 (设备: cuda)
/home/douxueli/miniconda3/envs/iv/lib/python3.11/site-packages/torch/optim/lr_scheduler.py:28: UserWarning: The verbose parameter is deprecated. Please use get_last_lr() to access the learning rate.
  warnings.warn("The verbose parameter is deprecated. Please use get_last_lr() "
开始训练，总轮数: 10000, Restart次数: 4
Saved! Epoch 1 Loss:  0.30942;lr: 0.01000
Saved! Epoch 2 Loss:  0.15140;lr: 0.01000
Saved! Epoch 3 Loss:  0.12199;lr: 0.01000
Saved! Epoch 6 Loss:  0.10505;lr: 0.01000
Saved! Epoch 9 Loss:  0.09188;lr: 0.01000
Saved! Epoch 13 Loss:  0.08423;lr: 0.01000
Saved! Epoch 20 Loss:  0.07786;lr: 0.01000
Saved! Epoch 26 Loss:  0.07682;lr: 0.01000
Saved! Epoch 48 Loss:  0.07520;lr: 0.01000
Saved! Epoch 53 Loss:  0.07416;lr: 0.01000
Saved! Epoch 59 Loss:  0.07295;lr: 0.01000
Saved! Epoch 76 Loss:  0.07177;lr: 0.01000
Saved! Epoch 85 Loss:  0.07093;lr: 0.01000
Saved! Epoch 92 Loss:  0.07005;lr: 0.01000
Saved! Epoch 95 Loss:  0.06917;lr: 0.01000
Saved! Epoch 106 Loss:  0.06838;lr: 0.01000
Saved! Epoch 118 Loss:  0.06769;lr: 0.01000
Saved! Epoch 136 Loss:  0.06690;lr: 0.01000
Saved! Epoch 188 Loss:  0.06618;lr: 0.01000
Saved! Epoch 235 Loss:  0.06548;lr: 0.01000
Saved! Epoch 315 Loss:  0.06465;lr: 0.01000
Saved! Epoch 479 Loss:  0.06397;lr: 0.01000
Saved! Epoch 856 Loss:  0.06330;lr: 0.01000
Saved! Epoch 1125 Loss:  0.06267;lr: 0.01000
Saved! Epoch 1202 Loss:  0.06200;lr: 0.01000
Saved! Epoch 1243 Loss:  0.06128;lr: 0.01000
Saved! Epoch 1256 Loss:  0.06059;lr: 0.01000
Saved! Epoch 1265 Loss:  0.05975;lr: 0.01000
Saved! Epoch 1276 Loss:  0.05895;lr: 0.01000
Saved! Epoch 1304 Loss:  0.05813;lr: 0.01000
Saved! Epoch 1307 Loss:  0.05745;lr: 0.01000
Saved! Epoch 1314 Loss:  0.05645;lr: 0.01000
Saved! Epoch 1322 Loss:  0.05531;lr: 0.01000
Saved! Epoch 1331 Loss:  0.05426;lr: 0.01000
Saved! Epoch 1342 Loss:  0.05352;lr: 0.01000
Saved! Epoch 1350 Loss:  0.05279;lr: 0.01000
Saved! Epoch 1356 Loss:  0.05191;lr: 0.01000
Saved! Epoch 1370 Loss:  0.05096;lr: 0.01000
Saved! Epoch 1380 Loss:  0.05028;lr: 0.01000
Saved! Epoch 1395 Loss:  0.04968;lr: 0.01000
Saved! Epoch 1427 Loss:  0.04907;lr: 0.01000
Saved! Epoch 1444 Loss:  0.04849;lr: 0.01000
Saved! Epoch 1471 Loss:  0.04797;lr: 0.01000
Saved! Epoch 1499 Loss:  0.04739;lr: 0.01000
Saved! Epoch 1528 Loss:  0.04688;lr: 0.01000
Saved! Epoch 1559 Loss:  0.04614;lr: 0.01000
Saved! Epoch 1575 Loss:  0.04566;lr: 0.01000
Saved! Epoch 1602 Loss:  0.04504;lr: 0.01000
Saved! Epoch 1641 Loss:  0.04452;lr: 0.01000
Saved! Epoch 1649 Loss:  0.04402;lr: 0.01000
Saved! Epoch 1695 Loss:  0.04355;lr: 0.01000
Saved! Epoch 1713 Loss:  0.04291;lr: 0.01000
Saved! Epoch 1745 Loss:  0.04199;lr: 0.01000
Saved! Epoch 1788 Loss:  0.04132;lr: 0.01000
Saved! Epoch 1819 Loss:  0.04069;lr: 0.01000
Saved! Epoch 1864 Loss:  0.03982;lr: 0.01000
Saved! Epoch 1874 Loss:  0.03941;lr: 0.01000
Saved! Epoch 1907 Loss:  0.03899;lr: 0.01000
Saved! Epoch 1945 Loss:  0.03835;lr: 0.01000
Saved! Epoch 1957 Loss:  0.03785;lr: 0.01000
Saved! Epoch 1988 Loss:  0.03738;lr: 0.01000
Saved! Epoch 2000 Loss:  0.03853;lr: 0.01000
Saved! Epoch 2030 Loss:  0.03699;lr: 0.01000
Saved! Epoch 2093 Loss:  0.03659;lr: 0.01000
Saved! Epoch 2100 Loss:  0.03619;lr: 0.01000
Saved! Epoch 2143 Loss:  0.03578;lr: 0.01000
Saved! Epoch 2192 Loss:  0.03528;lr: 0.01000
Saved! Epoch 2231 Loss:  0.03491;lr: 0.01000
Saved! Epoch 2274 Loss:  0.03446;lr: 0.01000
Saved! Epoch 2320 Loss:  0.03406;lr: 0.01000
Saved! Epoch 2429 Loss:  0.03371;lr: 0.01000
Saved! Epoch 2439 Loss:  0.03335;lr: 0.01000
Saved! Epoch 2485 Loss:  0.03292;lr: 0.01000
Saved! Epoch 2590 Loss:  0.03257;lr: 0.01000
Saved! Epoch 2619 Loss:  0.03219;lr: 0.01000
Saved! Epoch 2755 Loss:  0.03161;lr: 0.01000
Saved! Epoch 2911 Loss:  0.03129;lr: 0.01000
Saved! Epoch 2994 Loss:  0.03095;lr: 0.01000
Saved! Epoch 3024 Loss:  0.03064;lr: 0.01000
Saved! Epoch 3126 Loss:  0.03032;lr: 0.01000
Saved! Epoch 3356 Loss:  0.02998;lr: 0.01000
Saved! Epoch 3516 Loss:  0.02963;lr: 0.01000
Saved! Epoch 3739 Loss:  0.02928;lr: 0.01000
Saved! Epoch 3974 Loss:  0.02892;lr: 0.01000
Saved! Epoch 4000 Loss:  0.03190;lr: 0.01000
Saved! Epoch 4035 Loss:  0.02855;lr: 0.01000
Saved! Epoch 4296 Loss:  0.02823;lr: 0.01000
Saved! Epoch 4412 Loss:  0.02788;lr: 0.01000
Saved! Epoch 4556 Loss:  0.02752;lr: 0.01000
Saved! Epoch 4797 Loss:  0.02722;lr: 0.01000
Saved! Epoch 5052 Loss:  0.02685;lr: 0.01000
Saved! Epoch 5159 Loss:  0.02658;lr: 0.01000
Saved! Epoch 5233 Loss:  0.02628;lr: 0.01000
Saved! Epoch 5319 Loss:  0.02576;lr: 0.01000
Saved! Epoch 5496 Loss:  0.02531;lr: 0.01000
Saved! Epoch 5523 Loss:  0.02501;lr: 0.01000
Saved! Epoch 5655 Loss:  0.02466;lr: 0.01000
Saved! Epoch 5656 Loss:  0.02427;lr: 0.01000
Saved! Epoch 5762 Loss:  0.02400;lr: 0.01000
Saved! Epoch 5768 Loss:  0.02372;lr: 0.01000
Saved! Epoch 5818 Loss:  0.02330;lr: 0.01000
Saved! Epoch 5840 Loss:  0.02287;lr: 0.01000
Saved! Epoch 5882 Loss:  0.02262;lr: 0.01000
Saved! Epoch 5915 Loss:  0.02234;lr: 0.01000
Saved! Epoch 5942 Loss:  0.02201;lr: 0.01000
Saved! Epoch 6000 Loss:  0.02480;lr: 0.01000
Saved! Epoch 6082 Loss:  0.02177;lr: 0.01000
Saved! Epoch 6106 Loss:  0.02121;lr: 0.01000
Saved! Epoch 6293 Loss:  0.02097;lr: 0.01000
Saved! Epoch 6430 Loss:  0.02064;lr: 0.01000
Saved! Epoch 6627 Loss:  0.02031;lr: 0.01000
Saved! Epoch 6751 Loss:  0.02006;lr: 0.01000
Saved! Epoch 6998 Loss:  0.01971;lr: 0.01000
Saved! Epoch 7161 Loss:  0.01951;lr: 0.01000
Saved! Epoch 7528 Loss:  0.01930;lr: 0.01000
Saved! Epoch 7621 Loss:  0.01901;lr: 0.01000
Saved! Epoch 7673 Loss:  0.01880;lr: 0.01000
Saved! Epoch 7872 Loss:  0.01846;lr: 0.01000
Saved! Epoch 8000 Loss:  0.01854;lr: 0.01000
Saved! Epoch 8126 Loss:  0.01822;lr: 0.01000
Saved! Epoch 8169 Loss:  0.01803;lr: 0.01000
Saved! Epoch 8393 Loss:  0.01753;lr: 0.01000
Saved! Epoch 8527 Loss:  0.01734;lr: 0.01000
Saved! Epoch 8551 Loss:  0.01716;lr: 0.01000
Saved! Epoch 8704 Loss:  0.01699;lr: 0.01000
Saved! Epoch 8728 Loss:  0.01659;lr: 0.01000
Saved! Epoch 8830 Loss:  0.01640;lr: 0.01000
Saved! Epoch 8893 Loss:  0.01619;lr: 0.01000
Saved! Epoch 8991 Loss:  0.01596;lr: 0.01000
Saved! Epoch 9038 Loss:  0.01577;lr: 0.01000
Saved! Epoch 9094 Loss:  0.01556;lr: 0.01000
Saved! Epoch 9234 Loss:  0.01534;lr: 0.01000
Saved! Epoch 9340 Loss:  0.01517;lr: 0.01000
Saved! Epoch 9436 Loss:  0.01494;lr: 0.01000
Saved! Epoch 9568 Loss:  0.01479;lr: 0.01000
Saved! Epoch 9690 Loss:  0.01458;lr: 0.01000
Saved! Epoch 9825 Loss:  0.01435;lr: 0.01000
Saved! Epoch 10000 Loss:  0.01678;lr: 0.01000

训练完成! 分钟: 2025-08-04 10:30:00, 划分方式: forecast

==========================================
训练结束时间: 2025-10-18 15:16:13
==========================================
