==========================================
训练开始时间: 2025-10-18 16:13:17
分钟: 2025-08-08 14:30:00 | 划分: forecast | 设备: cuda
标记列: train_flag_inter
==========================================
使用设备: CUDA (NVIDIA GeForce RTX 4090)
加载数据: ../data/hushen300_minute/hushen300_minute.csv
筛选分钟: 2025-08-08 14:30:00
筛选后数据行数: 120
按照 train_flag_inter=1 筛选后数据行数: 120
使用 torch.compile 优化模型 (设备: cuda)
/home/douxueli/miniconda3/envs/iv/lib/python3.11/site-packages/torch/optim/lr_scheduler.py:28: UserWarning: The verbose parameter is deprecated. Please use get_last_lr() to access the learning rate.
  warnings.warn("The verbose parameter is deprecated. Please use get_last_lr() "
开始训练，总轮数: 10000, Restart次数: 4
Saved! Epoch 1 Loss:  0.32877;lr: 0.01000
Saved! Epoch 2 Loss:  0.19768;lr: 0.01000
Saved! Epoch 3 Loss:  0.17056;lr: 0.01000
Saved! Epoch 6 Loss:  0.15871;lr: 0.01000
Saved! Epoch 7 Loss:  0.15438;lr: 0.01000
Saved! Epoch 9 Loss:  0.13784;lr: 0.01000
Saved! Epoch 13 Loss:  0.12933;lr: 0.01000
Saved! Epoch 16 Loss:  0.12214;lr: 0.01000
Saved! Epoch 18 Loss:  0.11440;lr: 0.01000
Saved! Epoch 22 Loss:  0.11194;lr: 0.01000
Saved! Epoch 45 Loss:  0.11069;lr: 0.01000
Saved! Epoch 49 Loss:  0.10904;lr: 0.01000
Saved! Epoch 52 Loss:  0.10790;lr: 0.01000
Saved! Epoch 55 Loss:  0.10665;lr: 0.01000
Saved! Epoch 61 Loss:  0.10534;lr: 0.01000
Saved! Epoch 67 Loss:  0.10427;lr: 0.01000
Saved! Epoch 77 Loss:  0.10294;lr: 0.01000
Saved! Epoch 85 Loss:  0.10130;lr: 0.01000
Saved! Epoch 90 Loss:  0.09986;lr: 0.01000
Saved! Epoch 97 Loss:  0.09878;lr: 0.01000
Saved! Epoch 102 Loss:  0.09768;lr: 0.01000
Saved! Epoch 113 Loss:  0.09650;lr: 0.01000
Saved! Epoch 126 Loss:  0.09514;lr: 0.01000
Saved! Epoch 155 Loss:  0.09385;lr: 0.01000
Saved! Epoch 170 Loss:  0.09266;lr: 0.01000
Saved! Epoch 188 Loss:  0.09118;lr: 0.01000
Saved! Epoch 203 Loss:  0.09021;lr: 0.01000
Saved! Epoch 224 Loss:  0.08899;lr: 0.01000
Saved! Epoch 248 Loss:  0.08796;lr: 0.01000
Saved! Epoch 290 Loss:  0.08686;lr: 0.01000
Saved! Epoch 325 Loss:  0.08588;lr: 0.01000
Saved! Epoch 363 Loss:  0.08486;lr: 0.01000
Saved! Epoch 429 Loss:  0.08382;lr: 0.01000
Saved! Epoch 549 Loss:  0.08298;lr: 0.01000
Saved! Epoch 790 Loss:  0.08214;lr: 0.01000
Saved! Epoch 2000 Loss:  0.08168;lr: 0.00250
Restart!Epoch 790 Loss:  0.08158;lr: 0.01000
Saved! Epoch 2000 Loss:  0.08180;lr: 0.00250
Restart!Epoch 790 Loss:  0.08158;lr: 0.01000
Saved! Epoch 2000 Loss:  0.08180;lr: 0.00250
Restart!Epoch 790 Loss:  0.08158;lr: 0.01000
Saved! Epoch 2000 Loss:  0.08180;lr: 0.00250
Restart!Epoch 790 Loss:  0.08158;lr: 0.01000
Saved! Epoch 2000 Loss:  0.08180;lr: 0.00250
Saved! Epoch 4000 Loss:  0.08152;lr: 0.00016
Saved! Epoch 6000 Loss:  0.08151;lr: 0.00001
Saved! Epoch 8000 Loss:  0.08150;lr: 0.00001
Saved! Epoch 10000 Loss:  0.08150;lr: 0.00001

训练完成! 分钟: 2025-08-08 14:30:00, 划分方式: forecast

==========================================
训练结束时间: 2025-10-18 16:16:15
==========================================
