==========================================
训练开始时间: 2025-10-18 16:45:47
分钟: 2025-08-13 11:20:00 | 划分: forecast | 设备: cuda
标记列: train_flag_inter
==========================================
使用设备: CUDA (NVIDIA GeForce RTX 4090)
加载数据: ../data/hushen300_minute/hushen300_minute.csv
筛选分钟: 2025-08-13 11:20:00
筛选后数据行数: 92
按照 train_flag_inter=1 筛选后数据行数: 92
使用 torch.compile 优化模型 (设备: cuda)
/home/douxueli/miniconda3/envs/iv/lib/python3.11/site-packages/torch/optim/lr_scheduler.py:28: UserWarning: The verbose parameter is deprecated. Please use get_last_lr() to access the learning rate.
  warnings.warn("The verbose parameter is deprecated. Please use get_last_lr() "
开始训练，总轮数: 10000, Restart次数: 4
Saved! Epoch 1 Loss:  0.37943;lr: 0.01000
Saved! Epoch 2 Loss:  0.28069;lr: 0.01000
Saved! Epoch 3 Loss:  0.26326;lr: 0.01000
Saved! Epoch 4 Loss:  0.25020;lr: 0.01000
Saved! Epoch 6 Loss:  0.24182;lr: 0.01000
Saved! Epoch 7 Loss:  0.23139;lr: 0.01000
Saved! Epoch 9 Loss:  0.21705;lr: 0.01000
Saved! Epoch 11 Loss:  0.21088;lr: 0.01000
Saved! Epoch 13 Loss:  0.20684;lr: 0.01000
Saved! Epoch 14 Loss:  0.19879;lr: 0.01000
Saved! Epoch 17 Loss:  0.19658;lr: 0.01000
Saved! Epoch 19 Loss:  0.19364;lr: 0.01000
Saved! Epoch 20 Loss:  0.19170;lr: 0.01000
Saved! Epoch 23 Loss:  0.18964;lr: 0.01000
Saved! Epoch 34 Loss:  0.18772;lr: 0.01000
Saved! Epoch 49 Loss:  0.18575;lr: 0.01000
Saved! Epoch 59 Loss:  0.18349;lr: 0.01000
Saved! Epoch 77 Loss:  0.18137;lr: 0.01000
Saved! Epoch 92 Loss:  0.17949;lr: 0.01000
Saved! Epoch 103 Loss:  0.17741;lr: 0.01000
Saved! Epoch 109 Loss:  0.17518;lr: 0.01000
Saved! Epoch 115 Loss:  0.17322;lr: 0.01000
Saved! Epoch 129 Loss:  0.17091;lr: 0.01000
Saved! Epoch 145 Loss:  0.16916;lr: 0.01000
Saved! Epoch 162 Loss:  0.16732;lr: 0.01000
Saved! Epoch 176 Loss:  0.16553;lr: 0.01000
Saved! Epoch 192 Loss:  0.16384;lr: 0.01000
Saved! Epoch 210 Loss:  0.16202;lr: 0.01000
Saved! Epoch 233 Loss:  0.15994;lr: 0.01000
Saved! Epoch 262 Loss:  0.15832;lr: 0.01000
Saved! Epoch 307 Loss:  0.15665;lr: 0.01000
Saved! Epoch 369 Loss:  0.15499;lr: 0.01000
Saved! Epoch 553 Loss:  0.15341;lr: 0.01000
Saved! Epoch 671 Loss:  0.15176;lr: 0.01000
Saved! Epoch 683 Loss:  0.15004;lr: 0.01000
Saved! Epoch 698 Loss:  0.14844;lr: 0.01000
Saved! Epoch 716 Loss:  0.14572;lr: 0.01000
Saved! Epoch 724 Loss:  0.14422;lr: 0.01000
Saved! Epoch 732 Loss:  0.14055;lr: 0.01000
Saved! Epoch 739 Loss:  0.13892;lr: 0.01000
Saved! Epoch 742 Loss:  0.13734;lr: 0.01000
Saved! Epoch 747 Loss:  0.13573;lr: 0.01000
Saved! Epoch 751 Loss:  0.13320;lr: 0.01000
Saved! Epoch 755 Loss:  0.13141;lr: 0.01000
Saved! Epoch 758 Loss:  0.12965;lr: 0.01000
Saved! Epoch 764 Loss:  0.12759;lr: 0.01000
Saved! Epoch 769 Loss:  0.12556;lr: 0.01000
Saved! Epoch 780 Loss:  0.12295;lr: 0.01000
Saved! Epoch 790 Loss:  0.12170;lr: 0.01000
Saved! Epoch 797 Loss:  0.12022;lr: 0.01000
Saved! Epoch 821 Loss:  0.11861;lr: 0.01000
Saved! Epoch 823 Loss:  0.11739;lr: 0.01000
Saved! Epoch 843 Loss:  0.11600;lr: 0.01000
Saved! Epoch 849 Loss:  0.11462;lr: 0.01000
Saved! Epoch 859 Loss:  0.11324;lr: 0.01000
Saved! Epoch 880 Loss:  0.11164;lr: 0.01000
Saved! Epoch 886 Loss:  0.11025;lr: 0.01000
Saved! Epoch 905 Loss:  0.10878;lr: 0.01000
Saved! Epoch 917 Loss:  0.10731;lr: 0.01000
Saved! Epoch 936 Loss:  0.10613;lr: 0.01000
Saved! Epoch 952 Loss:  0.10502;lr: 0.01000
Saved! Epoch 966 Loss:  0.10363;lr: 0.01000
Saved! Epoch 986 Loss:  0.10212;lr: 0.01000
Saved! Epoch 998 Loss:  0.10109;lr: 0.01000
Saved! Epoch 1007 Loss:  0.10005;lr: 0.01000
Saved! Epoch 1022 Loss:  0.09877;lr: 0.01000
Saved! Epoch 1042 Loss:  0.09778;lr: 0.01000
Saved! Epoch 1055 Loss:  0.09662;lr: 0.01000
Saved! Epoch 1069 Loss:  0.09542;lr: 0.01000
Saved! Epoch 1088 Loss:  0.09431;lr: 0.01000
Saved! Epoch 1122 Loss:  0.09282;lr: 0.01000
Saved! Epoch 1157 Loss:  0.09161;lr: 0.01000
Saved! Epoch 1167 Loss:  0.09059;lr: 0.01000
Saved! Epoch 1184 Loss:  0.08955;lr: 0.01000
Saved! Epoch 1210 Loss:  0.08848;lr: 0.01000
Saved! Epoch 1233 Loss:  0.08756;lr: 0.01000
Saved! Epoch 1255 Loss:  0.08667;lr: 0.01000
Saved! Epoch 1279 Loss:  0.08579;lr: 0.01000
Saved! Epoch 1323 Loss:  0.08492;lr: 0.01000
Saved! Epoch 1339 Loss:  0.08382;lr: 0.01000
Saved! Epoch 1374 Loss:  0.08242;lr: 0.01000
Saved! Epoch 1424 Loss:  0.08155;lr: 0.01000
Saved! Epoch 1437 Loss:  0.08057;lr: 0.01000
Saved! Epoch 1480 Loss:  0.07964;lr: 0.01000
Saved! Epoch 1505 Loss:  0.07847;lr: 0.01000
Saved! Epoch 1539 Loss:  0.07766;lr: 0.01000
Saved! Epoch 1630 Loss:  0.07645;lr: 0.01000
Saved! Epoch 1650 Loss:  0.07559;lr: 0.01000
Saved! Epoch 1736 Loss:  0.07444;lr: 0.01000
Saved! Epoch 1822 Loss:  0.07368;lr: 0.01000
Saved! Epoch 1897 Loss:  0.07284;lr: 0.01000
Saved! Epoch 1931 Loss:  0.07207;lr: 0.01000
Saved! Epoch 2000 Loss:  0.07803;lr: 0.01000
Saved! Epoch 2055 Loss:  0.07110;lr: 0.01000
Saved! Epoch 2158 Loss:  0.07013;lr: 0.01000
Saved! Epoch 2236 Loss:  0.06941;lr: 0.01000
Saved! Epoch 2343 Loss:  0.06848;lr: 0.01000
Saved! Epoch 2423 Loss:  0.06768;lr: 0.01000
Saved! Epoch 2548 Loss:  0.06691;lr: 0.01000
Saved! Epoch 2635 Loss:  0.06610;lr: 0.01000
Saved! Epoch 2672 Loss:  0.06506;lr: 0.01000
Saved! Epoch 2803 Loss:  0.06429;lr: 0.01000
Saved! Epoch 2842 Loss:  0.06350;lr: 0.01000
Saved! Epoch 2946 Loss:  0.06280;lr: 0.01000
Saved! Epoch 2961 Loss:  0.06187;lr: 0.01000
Saved! Epoch 3038 Loss:  0.06068;lr: 0.01000
Saved! Epoch 3057 Loss:  0.06000;lr: 0.01000
Saved! Epoch 3120 Loss:  0.05876;lr: 0.01000
Saved! Epoch 3150 Loss:  0.05759;lr: 0.01000
Saved! Epoch 3186 Loss:  0.05676;lr: 0.01000
Saved! Epoch 3231 Loss:  0.05556;lr: 0.01000
Saved! Epoch 3243 Loss:  0.05461;lr: 0.01000
Saved! Epoch 3275 Loss:  0.05384;lr: 0.01000
Saved! Epoch 3304 Loss:  0.05260;lr: 0.01000
Saved! Epoch 3337 Loss:  0.05190;lr: 0.01000
Saved! Epoch 3352 Loss:  0.05115;lr: 0.01000
Saved! Epoch 3385 Loss:  0.05052;lr: 0.01000
Saved! Epoch 3396 Loss:  0.04992;lr: 0.01000
Saved! Epoch 3437 Loss:  0.04915;lr: 0.01000
Saved! Epoch 3488 Loss:  0.04820;lr: 0.01000
Saved! Epoch 3510 Loss:  0.04729;lr: 0.01000
Saved! Epoch 3555 Loss:  0.04662;lr: 0.01000
Saved! Epoch 3556 Loss:  0.04607;lr: 0.01000
Saved! Epoch 3592 Loss:  0.04538;lr: 0.01000
Saved! Epoch 3601 Loss:  0.04487;lr: 0.01000
Saved! Epoch 3633 Loss:  0.04439;lr: 0.01000
Saved! Epoch 3665 Loss:  0.04375;lr: 0.01000
Saved! Epoch 3694 Loss:  0.04326;lr: 0.01000
Saved! Epoch 3731 Loss:  0.04276;lr: 0.01000
Saved! Epoch 3797 Loss:  0.04226;lr: 0.01000
Saved! Epoch 3802 Loss:  0.04170;lr: 0.01000
Saved! Epoch 3837 Loss:  0.04087;lr: 0.01000
Saved! Epoch 3870 Loss:  0.04045;lr: 0.01000
Saved! Epoch 3901 Loss:  0.03996;lr: 0.01000
Saved! Epoch 3986 Loss:  0.03955;lr: 0.01000
Saved! Epoch 4000 Loss:  0.04324;lr: 0.01000
Saved! Epoch 4052 Loss:  0.03853;lr: 0.01000
Saved! Epoch 4070 Loss:  0.03806;lr: 0.01000
Saved! Epoch 4156 Loss:  0.03748;lr: 0.01000
Saved! Epoch 4241 Loss:  0.03694;lr: 0.01000
Saved! Epoch 4341 Loss:  0.03644;lr: 0.01000
Saved! Epoch 4437 Loss:  0.03603;lr: 0.01000
Saved! Epoch 4438 Loss:  0.03559;lr: 0.01000
Saved! Epoch 4523 Loss:  0.03517;lr: 0.01000
Saved! Epoch 4829 Loss:  0.03475;lr: 0.01000
Saved! Epoch 4952 Loss:  0.03372;lr: 0.01000
Saved! Epoch 5264 Loss:  0.03330;lr: 0.01000
Saved! Epoch 5712 Loss:  0.03290;lr: 0.01000
Saved! Epoch 6000 Loss:  0.04051;lr: 0.01000
Saved! Epoch 6025 Loss:  0.03256;lr: 0.01000
Saved! Epoch 6203 Loss:  0.03201;lr: 0.01000
Saved! Epoch 6708 Loss:  0.03159;lr: 0.00500
Saved! Epoch 6719 Loss:  0.03096;lr: 0.00500
Saved! Epoch 6740 Loss:  0.03063;lr: 0.00500
Saved! Epoch 6779 Loss:  0.03026;lr: 0.00500
Saved! Epoch 7296 Loss:  0.02987;lr: 0.00250
Saved! Epoch 7310 Loss:  0.02955;lr: 0.00250
Saved! Epoch 7569 Loss:  0.02921;lr: 0.00250
Saved! Epoch 8000 Loss:  0.02954;lr: 0.00250
Saved! Epoch 8080 Loss:  0.02892;lr: 0.00125
Saved! Epoch 8573 Loss:  0.02861;lr: 0.00125
Saved! Epoch 9120 Loss:  0.02830;lr: 0.00063
Saved! Epoch 10000 Loss:  0.02812;lr: 0.00031

训练完成! 分钟: 2025-08-13 11:20:00, 划分方式: forecast

==========================================
训练结束时间: 2025-10-18 16:47:27
==========================================
